<?xml version="1.0" encoding="UTF-8"?>
<robot generator="Robot 7.2.2 (Python 3.12.0 on win32)" generated="2025-03-26T17:10:20.437267" rpa="false" schemaversion="5">
<suite id="s1" name="01 LoginTest &amp; 02 NavigateToPartsStoreTest &amp; 03 CreateACartTest &amp; 04 AddProductToCartTest &amp; 05 EmergencyOrderTest &amp; 06 CheckoutTest">
<suite id="s1-s1" name="01 LoginTest" source="C:\Users\Shreshta.K\PycharmProjects\DaikinSalesforce_Automation\TestCases\01_LoginTest.robot">
<test id="s1-s1-t1" name="Verify if user is able to go to the Login screen" line="7">
<kw name="Open browser with url" owner="Login">
<kw name="Open Browser" owner="SeleniumLibrary">
<msg time="2025-03-26T17:10:20.847442" level="INFO">Opening browser 'chrome' to base url 'https://daa--qasit.sandbox.lightning.force.com/lightning/page/home'.</msg>
<arg>${url}</arg>
<arg>${browser}</arg>
<doc>Opens a new browser instance to the optional ``url``.</doc>
<status status="PASS" start="2025-03-26T17:10:20.847442" elapsed="4.674035"/>
</kw>
<kw name="Maximize Browser Window" owner="SeleniumLibrary">
<doc>Maximizes current browser window.</doc>
<status status="PASS" start="2025-03-26T17:10:25.521477" elapsed="0.034422"/>
</kw>
<kw name="Set Browser Implicit Wait" owner="SeleniumLibrary">
<arg>6</arg>
<doc>Sets the implicit wait value used by Selenium.</doc>
<status status="PASS" start="2025-03-26T17:10:25.555899" elapsed="0.001999"/>
</kw>
<status status="PASS" start="2025-03-26T17:10:20.833140" elapsed="4.724758"/>
</kw>
<status status="PASS" start="2025-03-26T17:10:20.833140" elapsed="4.724758"/>
</test>
<test id="s1-s1-t2" name="Verify if user is able to view the elements in the login screen" line="9">
<kw name="Check if elements are visible" owner="Login">
<kw name="Wait Until Element Is Visible" owner="SeleniumLibrary">
<arg>${username_lbl}</arg>
<arg>30</arg>
<doc>Waits until the element ``locator`` is visible.</doc>
<status status="PASS" start="2025-03-26T17:10:25.559897" elapsed="0.034792"/>
</kw>
<kw name="Element Should Be Visible" owner="SeleniumLibrary">
<msg time="2025-03-26T17:10:25.613516" level="INFO">Element '//label[@class="label usernamelabel"]' is displayed.</msg>
<arg>${username_lbl}</arg>
<doc>Verifies that the element identified by ``locator`` is visible.</doc>
<status status="PASS" start="2025-03-26T17:10:25.594689" elapsed="0.018827"/>
</kw>
<kw name="Wait Until Element Is Visible" owner="SeleniumLibrary">
<arg>${password_lbl}</arg>
<arg>30</arg>
<doc>Waits until the element ``locator`` is visible.</doc>
<status status="PASS" start="2025-03-26T17:10:25.613516" elapsed="0.032507"/>
</kw>
<kw name="Element Should Be Visible" owner="SeleniumLibrary">
<msg time="2025-03-26T17:10:25.664541" level="INFO">Element '//label[@for="password"]' is displayed.</msg>
<arg>${password_lbl}</arg>
<doc>Verifies that the element identified by ``locator`` is visible.</doc>
<status status="PASS" start="2025-03-26T17:10:25.646023" elapsed="0.018518"/>
</kw>
<status status="PASS" start="2025-03-26T17:10:25.559897" elapsed="0.105663"/>
</kw>
<status status="PASS" start="2025-03-26T17:10:25.558897" elapsed="0.106663"/>
</test>
<test id="s1-s1-t3" name="Verify if the user is able to enter the data in the login screen" line="12">
<kw name="Fill the Login details" owner="Login">
<kw name="Highlight_Border" owner="GlobalResources">
<kw name="Catenate" owner="BuiltIn">
<msg time="2025-03-26T17:10:25.667557" level="INFO">${script} = document.evaluate("//input[@id='username']", document, null, XPathResult.FIRST_ORDERED_NODE_TYPE, null).singleNodeValue.style.border = "2px solid green";</msg>
<var>${script}</var>
<arg>SEPARATOR=</arg>
<arg>document.evaluate("${xpath.replace('"', '\\"')}", document, null, XPathResult.FIRST_ORDERED_NODE_TYPE, null).singleNodeValue.style.border = "${border_style}";</arg>
<doc>Catenates the given items together and returns the resulted string.</doc>
<status status="PASS" start="2025-03-26T17:10:25.666539" elapsed="0.001018"/>
</kw>
<kw name="Execute Javascript" owner="SeleniumLibrary">
<msg time="2025-03-26T17:10:25.667557" level="INFO">Executing JavaScript:
document.evaluate("//input[@id='username']", document, null, XPathResult.FIRST_ORDERED_NODE_TYPE, null).singleNodeValue.style.border = "2px solid green";
Without any arguments.</msg>
<arg>${script}</arg>
<doc>Executes the given JavaScript code with possible arguments.</doc>
<status status="PASS" start="2025-03-26T17:10:25.667557" elapsed="0.005899"/>
</kw>
<arg>${username_plh}</arg>
<status status="PASS" start="2025-03-26T17:10:25.666539" elapsed="0.006917"/>
</kw>
<kw name="Sleep" owner="BuiltIn">
<msg time="2025-03-26T17:10:30.674613" level="INFO">Slept 5 seconds.</msg>
<arg>5</arg>
<doc>Pauses the test executed for the given time.</doc>
<status status="PASS" start="2025-03-26T17:10:25.673945" elapsed="5.000668"/>
</kw>
<kw name="Input Text" owner="SeleniumLibrary">
<msg time="2025-03-26T17:10:30.674613" level="INFO">Typing text 'rajendar.bolla@daikinapplied.com.qasit' into text field '//input[@id='username']'.</msg>
<arg>${username_plh}</arg>
<arg>${username}</arg>
<doc>Types the given ``text`` into the text field identified by ``locator``.</doc>
<status status="PASS" start="2025-03-26T17:10:30.674613" elapsed="0.121163"/>
</kw>
<kw name="Highlight_Border" owner="GlobalResources">
<kw name="Catenate" owner="BuiltIn">
<msg time="2025-03-26T17:10:30.797771" level="INFO">${script} = document.evaluate("//input[@id='password']", document, null, XPathResult.FIRST_ORDERED_NODE_TYPE, null).singleNodeValue.style.border = "2px solid green";</msg>
<var>${script}</var>
<arg>SEPARATOR=</arg>
<arg>document.evaluate("${xpath.replace('"', '\\"')}", document, null, XPathResult.FIRST_ORDERED_NODE_TYPE, null).singleNodeValue.style.border = "${border_style}";</arg>
<doc>Catenates the given items together and returns the resulted string.</doc>
<status status="PASS" start="2025-03-26T17:10:30.796752" elapsed="0.001019"/>
</kw>
<kw name="Execute Javascript" owner="SeleniumLibrary">
<msg time="2025-03-26T17:10:30.798768" level="INFO">Executing JavaScript:
document.evaluate("//input[@id='password']", document, null, XPathResult.FIRST_ORDERED_NODE_TYPE, null).singleNodeValue.style.border = "2px solid green";
Without any arguments.</msg>
<arg>${script}</arg>
<doc>Executes the given JavaScript code with possible arguments.</doc>
<status status="PASS" start="2025-03-26T17:10:30.797771" elapsed="0.005443"/>
</kw>
<arg>${password_plh}</arg>
<status status="PASS" start="2025-03-26T17:10:30.796752" elapsed="0.006462"/>
</kw>
<kw name="Sleep" owner="BuiltIn">
<msg time="2025-03-26T17:10:35.803689" level="INFO">Slept 5 seconds.</msg>
<arg>5</arg>
<doc>Pauses the test executed for the given time.</doc>
<status status="PASS" start="2025-03-26T17:10:30.803214" elapsed="5.000475"/>
</kw>
<kw name="Input Password" owner="SeleniumLibrary">
<msg time="2025-03-26T17:10:35.803689" level="INFO">Typing password into text field '//input[@id='password']'.</msg>
<msg time="2025-03-26T17:10:35.817269" level="INFO">Temporally setting log level to: NONE</msg>
<arg>${password_plh}</arg>
<arg>${password}</arg>
<doc>Types the given password into the text field identified by ``locator``.</doc>
<status status="PASS" start="2025-03-26T17:10:35.803689" elapsed="0.074565"/>
</kw>
<arg>${username}</arg>
<arg>${password}</arg>
<status status="PASS" start="2025-03-26T17:10:25.666539" elapsed="10.211715"/>
</kw>
<status status="PASS" start="2025-03-26T17:10:25.665560" elapsed="10.212694"/>
</test>
<test id="s1-s1-t4" name="Verify if the user is able to Click on the Login button" line="15">
<kw name="Click on the login button" owner="Login">
<kw name="Highlight_Border" owner="GlobalResources">
<kw name="Catenate" owner="BuiltIn">
<msg time="2025-03-26T17:10:35.878254" level="INFO">${script} = document.evaluate("//input[@id='Login']", document, null, XPathResult.FIRST_ORDERED_NODE_TYPE, null).singleNodeValue.style.border = "2px solid green";</msg>
<var>${script}</var>
<arg>SEPARATOR=</arg>
<arg>document.evaluate("${xpath.replace('"', '\\"')}", document, null, XPathResult.FIRST_ORDERED_NODE_TYPE, null).singleNodeValue.style.border = "${border_style}";</arg>
<doc>Catenates the given items together and returns the resulted string.</doc>
<status status="PASS" start="2025-03-26T17:10:35.878254" elapsed="0.000000"/>
</kw>
<kw name="Execute Javascript" owner="SeleniumLibrary">
<msg time="2025-03-26T17:10:35.878254" level="INFO">Executing JavaScript:
document.evaluate("//input[@id='Login']", document, null, XPathResult.FIRST_ORDERED_NODE_TYPE, null).singleNodeValue.style.border = "2px solid green";
Without any arguments.</msg>
<arg>${script}</arg>
<doc>Executes the given JavaScript code with possible arguments.</doc>
<status status="PASS" start="2025-03-26T17:10:35.878254" elapsed="0.000000"/>
</kw>
<arg>${login_btn}</arg>
<status status="PASS" start="2025-03-26T17:10:35.878254" elapsed="0.000000"/>
</kw>
<kw name="Sleep" owner="BuiltIn">
<msg time="2025-03-26T17:10:39.894019" level="INFO">Slept 4 seconds.</msg>
<arg>4</arg>
<doc>Pauses the test executed for the given time.</doc>
<status status="PASS" start="2025-03-26T17:10:35.893552" elapsed="4.000467"/>
</kw>
<kw name="Click Button" owner="SeleniumLibrary">
<msg time="2025-03-26T17:10:39.894019" level="INFO">Clicking button '//input[@id='Login']'.</msg>
<arg>${login_btn}</arg>
<doc>Clicks the button identified by ``locator``.</doc>
<status status="PASS" start="2025-03-26T17:10:39.894019" elapsed="6.624173"/>
</kw>
<kw name="Wait Until Page Contains" owner="SeleniumLibrary">
<arg>Commerce</arg>
<arg>180</arg>
<doc>Waits until ``text`` appears on the current page.</doc>
<status status="PASS" start="2025-03-26T17:10:46.518192" elapsed="0.012181"/>
</kw>
<kw name="Page Should Contain" owner="SeleniumLibrary">
<msg time="2025-03-26T17:10:46.530373" level="INFO">Current page contains text 'Commerce'.</msg>
<arg>Commerce</arg>
<doc>Verifies that current page contains ``text``.</doc>
<status status="PASS" start="2025-03-26T17:10:46.530373" elapsed="0.000000"/>
</kw>
<status status="PASS" start="2025-03-26T17:10:35.878254" elapsed="10.652119"/>
</kw>
<status status="PASS" start="2025-03-26T17:10:35.878254" elapsed="10.652119"/>
</test>
<status status="PASS" start="2025-03-26T17:10:20.457150" elapsed="26.085130"/>
</suite>
<suite id="s1-s2" name="02 NavigateToPartsStoreTest" source="C:\Users\Shreshta.K\PycharmProjects\DaikinSalesforce_Automation\TestCases\02_NavigateToPartsStoreTest.robot">
<test id="s1-s2-t1" name="Verify if the user is able to click on the contacts tab" line="6">
<kw name="Click Contacts Tab" owner="NavigateToPartsStore">
<kw name="Wait Until Element Is Visible" owner="SeleniumLibrary">
<arg>${contacts_tab}</arg>
<arg>180s</arg>
<doc>Waits until the element ``locator`` is visible.</doc>
<status status="PASS" start="2025-03-26T17:10:46.553106" elapsed="0.642850"/>
</kw>
<kw name="Highlight_Border" owner="GlobalResources">
<kw name="Catenate" owner="BuiltIn">
<msg time="2025-03-26T17:10:47.195956" level="INFO">${script} = document.evaluate("//span[normalize-space()='Contacts']", document, null, XPathResult.FIRST_ORDERED_NODE_TYPE, null).singleNodeValue.style.border = "2px solid green";</msg>
<var>${script}</var>
<arg>SEPARATOR=</arg>
<arg>document.evaluate("${xpath.replace('"', '\\"')}", document, null, XPathResult.FIRST_ORDERED_NODE_TYPE, null).singleNodeValue.style.border = "${border_style}";</arg>
<doc>Catenates the given items together and returns the resulted string.</doc>
<status status="PASS" start="2025-03-26T17:10:47.195956" elapsed="0.000000"/>
</kw>
<kw name="Execute Javascript" owner="SeleniumLibrary">
<msg time="2025-03-26T17:10:47.195956" level="INFO">Executing JavaScript:
document.evaluate("//span[normalize-space()='Contacts']", document, null, XPathResult.FIRST_ORDERED_NODE_TYPE, null).singleNodeValue.style.border = "2px solid green";
Without any arguments.</msg>
<arg>${script}</arg>
<doc>Executes the given JavaScript code with possible arguments.</doc>
<status status="PASS" start="2025-03-26T17:10:47.195956" elapsed="0.000000"/>
</kw>
<arg>${contacts_tab}</arg>
<status status="PASS" start="2025-03-26T17:10:47.195956" elapsed="0.000000"/>
</kw>
<kw name="Sleep" owner="BuiltIn">
<msg time="2025-03-26T17:10:50.196389" level="INFO">Slept 3 seconds.</msg>
<arg>3</arg>
<doc>Pauses the test executed for the given time.</doc>
<status status="PASS" start="2025-03-26T17:10:47.195956" elapsed="3.000433"/>
</kw>
<kw name="Execute Javascript" owner="SeleniumLibrary">
<msg time="2025-03-26T17:10:50.197970" level="INFO">Executing JavaScript:
document.evaluate("//span[normalize-space()='Contacts']", document, null, XPathResult.FIRST_ORDERED_NODE_TYPE, null).singleNodeValue.click();
Without any arguments.</msg>
<arg>document.evaluate("${contacts_tab}", document, null, XPathResult.FIRST_ORDERED_NODE_TYPE, null).singleNodeValue.click();</arg>
<doc>Executes the given JavaScript code with possible arguments.</doc>
<status status="PASS" start="2025-03-26T17:10:50.196899" elapsed="0.020556"/>
</kw>
<status status="PASS" start="2025-03-26T17:10:46.553106" elapsed="3.664349"/>
</kw>
<status status="PASS" start="2025-03-26T17:10:46.553106" elapsed="3.665350"/>
</test>
<test id="s1-s2-t2" name="Verify if the user is able to select the contact" line="9">
<kw name="Select the Contact" owner="NavigateToPartsStore">
<kw name="Wait Until Element Is Visible" owner="SeleniumLibrary">
<arg>${contact_ex}</arg>
<arg>180</arg>
<doc>Waits until the element ``locator`` is visible.</doc>
<status status="PASS" start="2025-03-26T17:10:50.218966" elapsed="2.366629"/>
</kw>
<kw name="Highlight_Border" owner="GlobalResources">
<kw name="Catenate" owner="BuiltIn">
<msg time="2025-03-26T17:10:52.585595" level="INFO">${script} = document.evaluate("//span[contains(text(),'Rajendar Bolla')]", document, null, XPathResult.FIRST_ORDERED_NODE_TYPE, null).singleNodeValue.style.border = "2px solid green";</msg>
<var>${script}</var>
<arg>SEPARATOR=</arg>
<arg>document.evaluate("${xpath.replace('"', '\\"')}", document, null, XPathResult.FIRST_ORDERED_NODE_TYPE, null).singleNodeValue.style.border = "${border_style}";</arg>
<doc>Catenates the given items together and returns the resulted string.</doc>
<status status="PASS" start="2025-03-26T17:10:52.585595" elapsed="0.000000"/>
</kw>
<kw name="Execute Javascript" owner="SeleniumLibrary">
<msg time="2025-03-26T17:10:52.585595" level="INFO">Executing JavaScript:
document.evaluate("//span[contains(text(),'Rajendar Bolla')]", document, null, XPathResult.FIRST_ORDERED_NODE_TYPE, null).singleNodeValue.style.border = "2px solid green";
Without any arguments.</msg>
<arg>${script}</arg>
<doc>Executes the given JavaScript code with possible arguments.</doc>
<status status="PASS" start="2025-03-26T17:10:52.585595" elapsed="0.010747"/>
</kw>
<arg>${contact_ex}</arg>
<status status="PASS" start="2025-03-26T17:10:52.585595" elapsed="0.010747"/>
</kw>
<kw name="Sleep" owner="BuiltIn">
<msg time="2025-03-26T17:10:55.596619" level="INFO">Slept 3 seconds.</msg>
<arg>3</arg>
<doc>Pauses the test executed for the given time.</doc>
<status status="PASS" start="2025-03-26T17:10:52.596342" elapsed="3.000277"/>
</kw>
<kw name="Click Element" owner="SeleniumLibrary">
<msg time="2025-03-26T17:10:55.597124" level="INFO">Clicking element '//span[contains(text(),'Rajendar Bolla')]'.</msg>
<arg>${contact_ex}</arg>
<doc>Click the element identified by ``locator``.</doc>
<status status="PASS" start="2025-03-26T17:10:55.597124" elapsed="0.175624"/>
</kw>
<status status="PASS" start="2025-03-26T17:10:50.218966" elapsed="5.553782"/>
</kw>
<status status="PASS" start="2025-03-26T17:10:50.218966" elapsed="5.553782"/>
</test>
<test id="s1-s2-t3" name="Verify if the user is able to navigate to the parts store page" line="11">
<kw name="Select the dropdown and click on Login to experience as user" owner="NavigateToPartsStore">
<kw name="Wait Until Element Is Visible" owner="SeleniumLibrary">
<arg>${contact_page_drpDown}</arg>
<arg>180</arg>
<doc>Waits until the element ``locator`` is visible.</doc>
<status status="PASS" start="2025-03-26T17:10:55.773741" elapsed="2.444703"/>
</kw>
<kw name="Highlight_Border" owner="GlobalResources">
<kw name="Catenate" owner="BuiltIn">
<msg time="2025-03-26T17:10:58.220445" level="INFO">${script} = document.evaluate("//lightning-button-menu[@class='menu-button-item slds-dropdown_actions slds-dropdown-trigger slds-dropdown-trigger_click']//lightning-primitive-icon[@variant='bare']", document, nul...</msg>
<var>${script}</var>
<arg>SEPARATOR=</arg>
<arg>document.evaluate("${xpath.replace('"', '\\"')}", document, null, XPathResult.FIRST_ORDERED_NODE_TYPE, null).singleNodeValue.style.border = "${border_style}";</arg>
<doc>Catenates the given items together and returns the resulted string.</doc>
<status status="PASS" start="2025-03-26T17:10:58.219444" elapsed="0.001001"/>
</kw>
<kw name="Execute Javascript" owner="SeleniumLibrary">
<msg time="2025-03-26T17:10:58.220445" level="INFO">Executing JavaScript:
document.evaluate("//lightning-button-menu[@class='menu-button-item slds-dropdown_actions slds-dropdown-trigger slds-dropdown-trigger_click']//lightning-primitive-icon[@variant='bare']", document, null, XPathResult.FIRST_ORDERED_NODE_TYPE, null).singleNodeValue.style.border = "2px solid green";
Without any arguments.</msg>
<arg>${script}</arg>
<doc>Executes the given JavaScript code with possible arguments.</doc>
<status status="PASS" start="2025-03-26T17:10:58.220445" elapsed="0.027569"/>
</kw>
<arg>${contact_page_drpDown}</arg>
<status status="PASS" start="2025-03-26T17:10:58.218444" elapsed="0.029570"/>
</kw>
<kw name="Sleep" owner="BuiltIn">
<msg time="2025-03-26T17:11:01.248478" level="INFO">Slept 3 seconds.</msg>
<arg>3</arg>
<doc>Pauses the test executed for the given time.</doc>
<status status="PASS" start="2025-03-26T17:10:58.248014" elapsed="3.000464"/>
</kw>
<kw name="Click Element" owner="SeleniumLibrary">
<msg time="2025-03-26T17:11:01.249090" level="INFO">Clicking element '//lightning-button-menu[@class='menu-button-item slds-dropdown_actions slds-dropdown-trigger slds-dropdown-trigger_click']//lightning-primitive-icon[@variant='bare']'.</msg>
<arg>${contact_page_drpDown}</arg>
<doc>Click the element identified by ``locator``.</doc>
<status status="PASS" start="2025-03-26T17:11:01.248478" elapsed="0.067156"/>
</kw>
<kw name="Sleep" owner="BuiltIn">
<msg time="2025-03-26T17:11:03.316139" level="INFO">Slept 2 seconds.</msg>
<arg>2</arg>
<doc>Pauses the test executed for the given time.</doc>
<status status="PASS" start="2025-03-26T17:11:01.315634" elapsed="2.000505"/>
</kw>
<status status="PASS" start="2025-03-26T17:10:55.773741" elapsed="7.542398"/>
</kw>
<kw name="Select on Login to experience as user" owner="NavigateToPartsStore">
<kw name="Wait Until Element Is Visible" owner="SeleniumLibrary">
<arg>${Login_to_exp_as_user_DrpVal}</arg>
<arg>180</arg>
<doc>Waits until the element ``locator`` is visible.</doc>
<status status="PASS" start="2025-03-26T17:11:03.316139" elapsed="0.016123"/>
</kw>
<kw name="Highlight_Border" owner="GlobalResources">
<kw name="Catenate" owner="BuiltIn">
<msg time="2025-03-26T17:11:03.332262" level="INFO">${script} = document.evaluate("//span[normalize-space()='Log in to Experience as User']", document, null, XPathResult.FIRST_ORDERED_NODE_TYPE, null).singleNodeValue.style.border = "2px solid green";</msg>
<var>${script}</var>
<arg>SEPARATOR=</arg>
<arg>document.evaluate("${xpath.replace('"', '\\"')}", document, null, XPathResult.FIRST_ORDERED_NODE_TYPE, null).singleNodeValue.style.border = "${border_style}";</arg>
<doc>Catenates the given items together and returns the resulted string.</doc>
<status status="PASS" start="2025-03-26T17:11:03.332262" elapsed="0.000000"/>
</kw>
<kw name="Execute Javascript" owner="SeleniumLibrary">
<msg time="2025-03-26T17:11:03.332262" level="INFO">Executing JavaScript:
document.evaluate("//span[normalize-space()='Log in to Experience as User']", document, null, XPathResult.FIRST_ORDERED_NODE_TYPE, null).singleNodeValue.style.border = "2px solid green";
Without any arguments.</msg>
<arg>${script}</arg>
<doc>Executes the given JavaScript code with possible arguments.</doc>
<status status="PASS" start="2025-03-26T17:11:03.332262" elapsed="0.014386"/>
</kw>
<arg>${Login_to_exp_as_user_DrpVal}</arg>
<status status="PASS" start="2025-03-26T17:11:03.332262" elapsed="0.014386"/>
</kw>
<kw name="Sleep" owner="BuiltIn">
<msg time="2025-03-26T17:11:06.347977" level="INFO">Slept 3 seconds.</msg>
<arg>3</arg>
<doc>Pauses the test executed for the given time.</doc>
<status status="PASS" start="2025-03-26T17:11:03.346648" elapsed="3.001329"/>
</kw>
<kw name="Click Element" owner="SeleniumLibrary">
<msg time="2025-03-26T17:11:06.347977" level="INFO">Clicking element '//span[normalize-space()='Log in to Experience as User']'.</msg>
<arg>${Login_to_exp_as_user_DrpVal}</arg>
<doc>Click the element identified by ``locator``.</doc>
<status status="PASS" start="2025-03-26T17:11:06.347977" elapsed="0.122314"/>
</kw>
<status status="PASS" start="2025-03-26T17:11:03.316139" elapsed="3.154152"/>
</kw>
<kw name="Click on PartsStore option" owner="NavigateToPartsStore">
<kw name="Wait Until Element Is Visible" owner="SeleniumLibrary">
<arg>${parts_store_option}</arg>
<arg>180</arg>
<doc>Waits until the element ``locator`` is visible.</doc>
<status status="PASS" start="2025-03-26T17:11:06.471294" elapsed="1.321362"/>
</kw>
<kw name="Highlight_Border" owner="GlobalResources">
<kw name="Catenate" owner="BuiltIn">
<msg time="2025-03-26T17:11:07.809002" level="INFO">${script} = document.evaluate("//span[normalize-space()='PartsStore']", document, null, XPathResult.FIRST_ORDERED_NODE_TYPE, null).singleNodeValue.style.border = "2px solid green";</msg>
<var>${script}</var>
<arg>SEPARATOR=</arg>
<arg>document.evaluate("${xpath.replace('"', '\\"')}", document, null, XPathResult.FIRST_ORDERED_NODE_TYPE, null).singleNodeValue.style.border = "${border_style}";</arg>
<doc>Catenates the given items together and returns the resulted string.</doc>
<status status="PASS" start="2025-03-26T17:11:07.808402" elapsed="0.000600"/>
</kw>
<kw name="Execute Javascript" owner="SeleniumLibrary">
<msg time="2025-03-26T17:11:07.809002" level="INFO">Executing JavaScript:
document.evaluate("//span[normalize-space()='PartsStore']", document, null, XPathResult.FIRST_ORDERED_NODE_TYPE, null).singleNodeValue.style.border = "2px solid green";
Without any arguments.</msg>
<arg>${script}</arg>
<doc>Executes the given JavaScript code with possible arguments.</doc>
<status status="PASS" start="2025-03-26T17:11:07.809002" elapsed="0.006174"/>
</kw>
<arg>${parts_store_option}</arg>
<status status="PASS" start="2025-03-26T17:11:07.792656" elapsed="0.022520"/>
</kw>
<kw name="Sleep" owner="BuiltIn">
<msg time="2025-03-26T17:11:10.815631" level="INFO">Slept 3 seconds.</msg>
<arg>3</arg>
<doc>Pauses the test executed for the given time.</doc>
<status status="PASS" start="2025-03-26T17:11:07.815176" elapsed="3.000455"/>
</kw>
<kw name="Click Element" owner="SeleniumLibrary">
<msg time="2025-03-26T17:11:10.817654" level="INFO">Clicking element '//span[normalize-space()='PartsStore']'.</msg>
<arg>${parts_store_option}</arg>
<doc>Click the element identified by ``locator``.</doc>
<status status="PASS" start="2025-03-26T17:11:10.817654" elapsed="18.980683"/>
</kw>
<status status="PASS" start="2025-03-26T17:11:06.470291" elapsed="23.328046"/>
</kw>
<kw name="Check if page contains Parts Store title" owner="NavigateToPartsStore">
<kw name="Wait Until Element Is Visible" owner="SeleniumLibrary">
<arg>${Daikin_Logo}</arg>
<arg>30</arg>
<doc>Waits until the element ``locator`` is visible.</doc>
<status status="PASS" start="2025-03-26T17:11:29.798337" elapsed="0.021150"/>
</kw>
<kw name="Click Element" owner="SeleniumLibrary">
<msg time="2025-03-26T17:11:29.819487" level="INFO">Clicking element '(//img[@class="lwc-6d0jmdgc6e8"])[1]'.</msg>
<arg>${Daikin_Logo}</arg>
<doc>Click the element identified by ``locator``.</doc>
<status status="PASS" start="2025-03-26T17:11:29.819487" elapsed="0.060574"/>
</kw>
<kw name="Highlight_Border" owner="GlobalResources">
<kw name="Catenate" owner="BuiltIn">
<msg time="2025-03-26T17:11:29.880991" level="INFO">${script} = document.evaluate("(//img[@class=\"lwc-6d0jmdgc6e8\"])[1]", document, null, XPathResult.FIRST_ORDERED_NODE_TYPE, null).singleNodeValue.style.border = "2px solid green";</msg>
<var>${script}</var>
<arg>SEPARATOR=</arg>
<arg>document.evaluate("${xpath.replace('"', '\\"')}", document, null, XPathResult.FIRST_ORDERED_NODE_TYPE, null).singleNodeValue.style.border = "${border_style}";</arg>
<doc>Catenates the given items together and returns the resulted string.</doc>
<status status="PASS" start="2025-03-26T17:11:29.880417" elapsed="0.000574"/>
</kw>
<kw name="Execute Javascript" owner="SeleniumLibrary">
<msg time="2025-03-26T17:11:29.880991" level="INFO">Executing JavaScript:
document.evaluate("(//img[@class=\"lwc-6d0jmdgc6e8\"])[1]", document, null, XPathResult.FIRST_ORDERED_NODE_TYPE, null).singleNodeValue.style.border = "2px solid green";
Without any arguments.</msg>
<arg>${script}</arg>
<doc>Executes the given JavaScript code with possible arguments.</doc>
<status status="PASS" start="2025-03-26T17:11:29.880991" elapsed="0.003801"/>
</kw>
<arg>${Daikin_Logo}</arg>
<status status="PASS" start="2025-03-26T17:11:29.880417" elapsed="0.004375"/>
</kw>
<kw name="Sleep" owner="BuiltIn">
<msg time="2025-03-26T17:11:32.886636" level="INFO">Slept 3 seconds.</msg>
<arg>3</arg>
<doc>Pauses the test executed for the given time.</doc>
<status status="PASS" start="2025-03-26T17:11:29.885830" elapsed="3.000806"/>
</kw>
<kw name="Page Should Contain" owner="SeleniumLibrary">
<msg time="2025-03-26T17:11:32.913395" level="INFO">Current page contains text 'Parts Solutions'.</msg>
<arg>${parts_solutions_title}</arg>
<doc>Verifies that current page contains ``text``.</doc>
<status status="PASS" start="2025-03-26T17:11:32.886636" elapsed="0.026759"/>
</kw>
<status status="PASS" start="2025-03-26T17:11:29.798337" elapsed="3.115058"/>
</kw>
<kw name="Validate Logged-in User" owner="NavigateToPartsStore">
<kw name="Wait Until Element Is Visible" owner="SeleniumLibrary">
<arg>${profile_icon}</arg>
<arg>20</arg>
<doc>Waits until the element ``locator`` is visible.</doc>
<status status="PASS" start="2025-03-26T17:11:32.913395" elapsed="0.007700"/>
</kw>
<kw name="Highlight_Border" owner="GlobalResources">
<kw name="Catenate" owner="BuiltIn">
<msg time="2025-03-26T17:11:32.929289" level="INFO">${script} = document.evaluate("//span[@class='menu-trigger-p slds-text-align_right slds-truncate slds-text-title_bold lwc-5uc1gleli5']", document, null, XPathResult.FIRST_ORDERED_NODE_TYPE, null).singleNodeValue....</msg>
<var>${script}</var>
<arg>SEPARATOR=</arg>
<arg>document.evaluate("${xpath.replace('"', '\\"')}", document, null, XPathResult.FIRST_ORDERED_NODE_TYPE, null).singleNodeValue.style.border = "${border_style}";</arg>
<doc>Catenates the given items together and returns the resulted string.</doc>
<status status="PASS" start="2025-03-26T17:11:32.921095" elapsed="0.008194"/>
</kw>
<kw name="Execute Javascript" owner="SeleniumLibrary">
<msg time="2025-03-26T17:11:32.929289" level="INFO">Executing JavaScript:
document.evaluate("//span[@class='menu-trigger-p slds-text-align_right slds-truncate slds-text-title_bold lwc-5uc1gleli5']", document, null, XPathResult.FIRST_ORDERED_NODE_TYPE, null).singleNodeValue.style.border = "2px solid green";
Without any arguments.</msg>
<arg>${script}</arg>
<doc>Executes the given JavaScript code with possible arguments.</doc>
<status status="PASS" start="2025-03-26T17:11:32.929289" elapsed="0.004409"/>
</kw>
<arg>${profile_icon}</arg>
<status status="PASS" start="2025-03-26T17:11:32.921095" elapsed="0.012603"/>
</kw>
<kw name="Sleep" owner="BuiltIn">
<msg time="2025-03-26T17:11:35.934561" level="INFO">Slept 3 seconds.</msg>
<arg>3</arg>
<doc>Pauses the test executed for the given time.</doc>
<status status="PASS" start="2025-03-26T17:11:32.933698" elapsed="3.000863"/>
</kw>
<kw name="Click Element" owner="SeleniumLibrary">
<msg time="2025-03-26T17:11:35.934561" level="INFO">Clicking element '//span[@class='menu-trigger-p slds-text-align_right slds-truncate slds-text-title_bold lwc-5uc1gleli5']'.</msg>
<arg>${profile_icon}</arg>
<doc>Click the element identified by ``locator``.</doc>
<status status="PASS" start="2025-03-26T17:11:35.934561" elapsed="0.120651"/>
</kw>
<kw name="Wait Until Element Is Visible" owner="SeleniumLibrary">
<arg>${my_account_information}</arg>
<arg>10</arg>
<doc>Waits until the element ``locator`` is visible.</doc>
<status status="PASS" start="2025-03-26T17:11:36.055212" elapsed="0.029171"/>
</kw>
<kw name="Highlight_Border" owner="GlobalResources">
<kw name="Catenate" owner="BuiltIn">
<msg time="2025-03-26T17:11:36.085384" level="INFO">${script} = document.evaluate("//span[@title=\"My Account Information\"]", document, null, XPathResult.FIRST_ORDERED_NODE_TYPE, null).singleNodeValue.style.border = "2px solid green";</msg>
<var>${script}</var>
<arg>SEPARATOR=</arg>
<arg>document.evaluate("${xpath.replace('"', '\\"')}", document, null, XPathResult.FIRST_ORDERED_NODE_TYPE, null).singleNodeValue.style.border = "${border_style}";</arg>
<doc>Catenates the given items together and returns the resulted string.</doc>
<status status="PASS" start="2025-03-26T17:11:36.085384" elapsed="0.000000"/>
</kw>
<kw name="Execute Javascript" owner="SeleniumLibrary">
<msg time="2025-03-26T17:11:36.085384" level="INFO">Executing JavaScript:
document.evaluate("//span[@title=\"My Account Information\"]", document, null, XPathResult.FIRST_ORDERED_NODE_TYPE, null).singleNodeValue.style.border = "2px solid green";
Without any arguments.</msg>
<arg>${script}</arg>
<doc>Executes the given JavaScript code with possible arguments.</doc>
<status status="PASS" start="2025-03-26T17:11:36.085384" elapsed="0.003000"/>
</kw>
<arg>${my_account_information}</arg>
<status status="PASS" start="2025-03-26T17:11:36.084383" elapsed="0.004001"/>
</kw>
<kw name="Sleep" owner="BuiltIn">
<msg time="2025-03-26T17:11:39.090082" level="INFO">Slept 3 seconds.</msg>
<arg>3</arg>
<doc>Pauses the test executed for the given time.</doc>
<status status="PASS" start="2025-03-26T17:11:36.088384" elapsed="3.001698"/>
</kw>
<kw name="Click Element" owner="SeleniumLibrary">
<msg time="2025-03-26T17:11:39.090082" level="INFO">Clicking element '//span[@title="My Account Information"]'.</msg>
<arg>${my_account_information}</arg>
<doc>Click the element identified by ``locator``.</doc>
<status status="PASS" start="2025-03-26T17:11:39.090082" elapsed="0.097350"/>
</kw>
<kw name="Get Text" owner="SeleniumLibrary">
<msg time="2025-03-26T17:11:40.861183" level="INFO">${after_login_user} = Hello Rajendar Bolla</msg>
<var>${after_login_user}</var>
<arg>${login_user_name}</arg>
<doc>Returns the text value of the element identified by ``locator``.</doc>
<status status="PASS" start="2025-03-26T17:11:39.187432" elapsed="1.673751"/>
</kw>
<kw name="Click Element" owner="SeleniumLibrary">
<msg time="2025-03-26T17:11:40.861183" level="INFO">Clicking element '//h1[contains(text(),' Rajendar Bolla')]'.</msg>
<arg>${login_user_name}</arg>
<doc>Click the element identified by ``locator``.</doc>
<status status="PASS" start="2025-03-26T17:11:40.861183" elapsed="0.059853"/>
</kw>
<kw name="Highlight_Border" owner="GlobalResources">
<kw name="Catenate" owner="BuiltIn">
<msg time="2025-03-26T17:11:40.922124" level="INFO">${script} = document.evaluate("//h1[contains(text(),' Rajendar Bolla')]", document, null, XPathResult.FIRST_ORDERED_NODE_TYPE, null).singleNodeValue.style.border = "2px solid green";</msg>
<var>${script}</var>
<arg>SEPARATOR=</arg>
<arg>document.evaluate("${xpath.replace('"', '\\"')}", document, null, XPathResult.FIRST_ORDERED_NODE_TYPE, null).singleNodeValue.style.border = "${border_style}";</arg>
<doc>Catenates the given items together and returns the resulted string.</doc>
<status status="PASS" start="2025-03-26T17:11:40.921036" elapsed="0.001088"/>
</kw>
<kw name="Execute Javascript" owner="SeleniumLibrary">
<msg time="2025-03-26T17:11:40.922124" level="INFO">Executing JavaScript:
document.evaluate("//h1[contains(text(),' Rajendar Bolla')]", document, null, XPathResult.FIRST_ORDERED_NODE_TYPE, null).singleNodeValue.style.border = "2px solid green";
Without any arguments.</msg>
<arg>${script}</arg>
<doc>Executes the given JavaScript code with possible arguments.</doc>
<status status="PASS" start="2025-03-26T17:11:40.922124" elapsed="0.003263"/>
</kw>
<arg>${login_user_name}</arg>
<status status="PASS" start="2025-03-26T17:11:40.921036" elapsed="0.004351"/>
</kw>
<kw name="Sleep" owner="BuiltIn">
<msg time="2025-03-26T17:11:43.926957" level="INFO">Slept 3 seconds.</msg>
<arg>3</arg>
<doc>Pauses the test executed for the given time.</doc>
<status status="PASS" start="2025-03-26T17:11:40.925387" elapsed="3.001570"/>
</kw>
<kw name="Log To Console" owner="BuiltIn">
<arg>${after_login_user}</arg>
<doc>Logs the given message to the console.</doc>
<status status="PASS" start="2025-03-26T17:11:43.926957" elapsed="0.000000"/>
</kw>
<kw name="Should Be Equal" owner="BuiltIn">
<arg>${after_login_user}</arg>
<arg>Hello ${User_LoggedIn}</arg>
<doc>Fails if the given objects are unequal.</doc>
<status status="PASS" start="2025-03-26T17:11:43.926957" elapsed="0.002023"/>
</kw>
<status status="PASS" start="2025-03-26T17:11:32.913395" elapsed="11.015585"/>
</kw>
<status status="PASS" start="2025-03-26T17:10:55.773741" elapsed="48.155239"/>
</test>
<status status="PASS" start="2025-03-26T17:10:46.544138" elapsed="57.394941"/>
</suite>
<suite id="s1-s3" name="03 CreateACartTest" source="C:\Users\Shreshta.K\PycharmProjects\DaikinSalesforce_Automation\TestCases\03_CreateACartTest.robot">
<test id="s1-s3-t1" name="Verify if the user is able to create a new cart" line="6">
<kw name="Click on the profile icon" owner="CreateACart">
<kw name="Wait Until Element Is Visible" owner="SeleniumLibrary">
<arg>${profile_icon}</arg>
<arg>30</arg>
<doc>Waits until the element ``locator`` is visible.</doc>
<status status="PASS" start="2025-03-26T17:11:43.964220" elapsed="0.008472"/>
</kw>
<kw name="Highlight_Border" owner="GlobalResources">
<kw name="Catenate" owner="BuiltIn">
<msg time="2025-03-26T17:11:43.972692" level="INFO">${script} = document.evaluate("//span[@class='menu-trigger-p slds-text-align_right slds-truncate slds-text-title_bold lwc-5uc1gleli5']", document, null, XPathResult.FIRST_ORDERED_NODE_TYPE, null).singleNodeValue....</msg>
<var>${script}</var>
<arg>SEPARATOR=</arg>
<arg>document.evaluate("${xpath.replace('"', '\\"')}", document, null, XPathResult.FIRST_ORDERED_NODE_TYPE, null).singleNodeValue.style.border = "${border_style}";</arg>
<doc>Catenates the given items together and returns the resulted string.</doc>
<status status="PASS" start="2025-03-26T17:11:43.972692" elapsed="0.000000"/>
</kw>
<kw name="Execute Javascript" owner="SeleniumLibrary">
<msg time="2025-03-26T17:11:43.972692" level="INFO">Executing JavaScript:
document.evaluate("//span[@class='menu-trigger-p slds-text-align_right slds-truncate slds-text-title_bold lwc-5uc1gleli5']", document, null, XPathResult.FIRST_ORDERED_NODE_TYPE, null).singleNodeValue.style.border = "2px solid green";
Without any arguments.</msg>
<arg>${script}</arg>
<doc>Executes the given JavaScript code with possible arguments.</doc>
<status status="PASS" start="2025-03-26T17:11:43.972692" elapsed="0.004241"/>
</kw>
<arg>${profile_icon}</arg>
<status status="PASS" start="2025-03-26T17:11:43.972692" elapsed="0.004241"/>
</kw>
<kw name="Sleep" owner="BuiltIn">
<msg time="2025-03-26T17:11:46.978244" level="INFO">Slept 3 seconds.</msg>
<arg>3</arg>
<doc>Pauses the test executed for the given time.</doc>
<status status="PASS" start="2025-03-26T17:11:43.976933" elapsed="3.001311"/>
</kw>
<kw name="Click Element" owner="SeleniumLibrary">
<msg time="2025-03-26T17:11:46.978244" level="INFO">Clicking element '//span[@class='menu-trigger-p slds-text-align_right slds-truncate slds-text-title_bold lwc-5uc1gleli5']'.</msg>
<arg>${profile_icon}</arg>
<doc>Click the element identified by ``locator``.</doc>
<status status="PASS" start="2025-03-26T17:11:46.978244" elapsed="0.104510"/>
</kw>
<status status="PASS" start="2025-03-26T17:11:43.964220" elapsed="3.118534"/>
</kw>
<kw name="Click on my carts option" owner="CreateACart">
<kw name="Wait Until Element Is Visible" owner="SeleniumLibrary">
<arg>${my_carts}</arg>
<arg>10</arg>
<doc>Waits until the element ``locator`` is visible.</doc>
<status status="PASS" start="2025-03-26T17:11:47.082754" elapsed="0.013565"/>
</kw>
<kw name="Highlight_Border" owner="GlobalResources">
<kw name="Catenate" owner="BuiltIn">
<msg time="2025-03-26T17:11:47.098334" level="INFO">${script} = document.evaluate("//span[@title=\"My Carts\"]", document, null, XPathResult.FIRST_ORDERED_NODE_TYPE, null).singleNodeValue.style.border = "2px solid green";</msg>
<var>${script}</var>
<arg>SEPARATOR=</arg>
<arg>document.evaluate("${xpath.replace('"', '\\"')}", document, null, XPathResult.FIRST_ORDERED_NODE_TYPE, null).singleNodeValue.style.border = "${border_style}";</arg>
<doc>Catenates the given items together and returns the resulted string.</doc>
<status status="PASS" start="2025-03-26T17:11:47.097346" elapsed="0.000988"/>
</kw>
<kw name="Execute Javascript" owner="SeleniumLibrary">
<msg time="2025-03-26T17:11:47.098334" level="INFO">Executing JavaScript:
document.evaluate("//span[@title=\"My Carts\"]", document, null, XPathResult.FIRST_ORDERED_NODE_TYPE, null).singleNodeValue.style.border = "2px solid green";
Without any arguments.</msg>
<arg>${script}</arg>
<doc>Executes the given JavaScript code with possible arguments.</doc>
<status status="PASS" start="2025-03-26T17:11:47.098334" elapsed="0.004012"/>
</kw>
<arg>${my_carts}</arg>
<status status="PASS" start="2025-03-26T17:11:47.097346" elapsed="0.005000"/>
</kw>
<kw name="Sleep" owner="BuiltIn">
<msg time="2025-03-26T17:11:50.102811" level="INFO">Slept 3 seconds.</msg>
<arg>3</arg>
<doc>Pauses the test executed for the given time.</doc>
<status status="PASS" start="2025-03-26T17:11:47.102346" elapsed="3.000465"/>
</kw>
<kw name="Click Element" owner="SeleniumLibrary">
<msg time="2025-03-26T17:11:50.103326" level="INFO">Clicking element '//span[@title="My Carts"]'.</msg>
<arg>${my_carts}</arg>
<doc>Click the element identified by ``locator``.</doc>
<status status="PASS" start="2025-03-26T17:11:50.103326" elapsed="0.128260"/>
</kw>
<status status="PASS" start="2025-03-26T17:11:47.082754" elapsed="3.148832"/>
</kw>
<kw name="Create a new cart" owner="CreateACart">
<kw name="Wait Until Element Is Visible" owner="SeleniumLibrary">
<arg>${new_cart_btn}</arg>
<arg>180</arg>
<doc>Waits until the element ``locator`` is visible.</doc>
<status status="PASS" start="2025-03-26T17:11:50.231586" elapsed="1.849771"/>
</kw>
<kw name="Highlight_Border" owner="GlobalResources">
<kw name="Catenate" owner="BuiltIn">
<msg time="2025-03-26T17:11:52.082359" level="INFO">${script} = document.evaluate("//span[@class='btnLabel']", document, null, XPathResult.FIRST_ORDERED_NODE_TYPE, null).singleNodeValue.style.border = "2px solid green";</msg>
<var>${script}</var>
<arg>SEPARATOR=</arg>
<arg>document.evaluate("${xpath.replace('"', '\\"')}", document, null, XPathResult.FIRST_ORDERED_NODE_TYPE, null).singleNodeValue.style.border = "${border_style}";</arg>
<doc>Catenates the given items together and returns the resulted string.</doc>
<status status="PASS" start="2025-03-26T17:11:52.081357" elapsed="0.001002"/>
</kw>
<kw name="Execute Javascript" owner="SeleniumLibrary">
<msg time="2025-03-26T17:11:52.082359" level="INFO">Executing JavaScript:
document.evaluate("//span[@class='btnLabel']", document, null, XPathResult.FIRST_ORDERED_NODE_TYPE, null).singleNodeValue.style.border = "2px solid green";
Without any arguments.</msg>
<arg>${script}</arg>
<doc>Executes the given JavaScript code with possible arguments.</doc>
<status status="PASS" start="2025-03-26T17:11:52.082359" elapsed="0.002997"/>
</kw>
<arg>${new_cart_btn}</arg>
<status status="PASS" start="2025-03-26T17:11:52.081357" elapsed="0.003999"/>
</kw>
<kw name="Sleep" owner="BuiltIn">
<msg time="2025-03-26T17:11:55.086379" level="INFO">Slept 3 seconds.</msg>
<arg>3</arg>
<doc>Pauses the test executed for the given time.</doc>
<status status="PASS" start="2025-03-26T17:11:52.085356" elapsed="3.001023"/>
</kw>
<kw name="Click Element" owner="SeleniumLibrary">
<msg time="2025-03-26T17:11:55.086379" level="INFO">Clicking element '//span[@class='btnLabel']'.</msg>
<arg>${new_cart_btn}</arg>
<doc>Click the element identified by ``locator``.</doc>
<status status="PASS" start="2025-03-26T17:11:55.086379" elapsed="0.093202"/>
</kw>
<status status="PASS" start="2025-03-26T17:11:50.231586" elapsed="4.947995"/>
</kw>
<kw name="Rename the cart name" owner="CreateACart">
<kw name="Wait Until Element Is Visible" owner="SeleniumLibrary">
<arg>(//span[@class="textBlue"])[1]</arg>
<arg>180</arg>
<doc>Waits until the element ``locator`` is visible.</doc>
<status status="PASS" start="2025-03-26T17:11:55.180469" elapsed="0.009253"/>
</kw>
<kw name="Sleep" owner="BuiltIn">
<msg time="2025-03-26T17:11:58.189913" level="INFO">Slept 3 seconds.</msg>
<arg>3</arg>
<doc>Pauses the test executed for the given time.</doc>
<status status="PASS" start="2025-03-26T17:11:55.189722" elapsed="3.000846"/>
</kw>
<kw name="Wait Until Element Is Visible" owner="SeleniumLibrary">
<arg>${pencil_icon_curr_cart}</arg>
<arg>180</arg>
<doc>Waits until the element ``locator`` is visible.</doc>
<status status="PASS" start="2025-03-26T17:11:58.190568" elapsed="0.018776"/>
</kw>
<kw name="Highlight_Border" owner="GlobalResources">
<kw name="Catenate" owner="BuiltIn">
<msg time="2025-03-26T17:11:58.209344" level="INFO">${script} = document.evaluate("//div[@class='row']//div[@class='info infoCartName']//lightning-primitive-icon[@exportparts='icon']", document, null, XPathResult.FIRST_ORDERED_NODE_TYPE, null).singleNodeValue.styl...</msg>
<var>${script}</var>
<arg>SEPARATOR=</arg>
<arg>document.evaluate("${xpath.replace('"', '\\"')}", document, null, XPathResult.FIRST_ORDERED_NODE_TYPE, null).singleNodeValue.style.border = "${border_style}";</arg>
<doc>Catenates the given items together and returns the resulted string.</doc>
<status status="PASS" start="2025-03-26T17:11:58.209344" elapsed="0.000000"/>
</kw>
<kw name="Execute Javascript" owner="SeleniumLibrary">
<msg time="2025-03-26T17:11:58.209344" level="INFO">Executing JavaScript:
document.evaluate("//div[@class='row']//div[@class='info infoCartName']//lightning-primitive-icon[@exportparts='icon']", document, null, XPathResult.FIRST_ORDERED_NODE_TYPE, null).singleNodeValue.style.border = "2px solid green";
Without any arguments.</msg>
<arg>${script}</arg>
<doc>Executes the given JavaScript code with possible arguments.</doc>
<status status="PASS" start="2025-03-26T17:11:58.209344" elapsed="0.014197"/>
</kw>
<arg>${pencil_icon_curr_cart}</arg>
<status status="PASS" start="2025-03-26T17:11:58.209344" elapsed="0.014197"/>
</kw>
<kw name="Sleep" owner="BuiltIn">
<msg time="2025-03-26T17:12:03.223824" level="INFO">Slept 5 seconds.</msg>
<arg>5</arg>
<doc>Pauses the test executed for the given time.</doc>
<status status="PASS" start="2025-03-26T17:11:58.223541" elapsed="5.000283"/>
</kw>
<kw name="Click Element" owner="SeleniumLibrary">
<msg time="2025-03-26T17:12:03.223824" level="INFO">Clicking element '//div[@class='row']//div[@class='info infoCartName']//lightning-primitive-icon[@exportparts='icon']'.</msg>
<arg>${pencil_icon_curr_cart}</arg>
<doc>Click the element identified by ``locator``.</doc>
<status status="PASS" start="2025-03-26T17:12:03.223824" elapsed="0.066375"/>
</kw>
<kw name="Wait Until Element Is Visible" owner="SeleniumLibrary">
<arg>${rename_curr_cart_txt_box}</arg>
<arg>50</arg>
<doc>Waits until the element ``locator`` is visible.</doc>
<status status="PASS" start="2025-03-26T17:12:03.290199" elapsed="0.025602"/>
</kw>
<kw name="Highlight_Border" owner="GlobalResources">
<kw name="Catenate" owner="BuiltIn">
<msg time="2025-03-26T17:12:03.316803" level="INFO">${script} = document.evaluate("//input[contains(@id, 'input-')]", document, null, XPathResult.FIRST_ORDERED_NODE_TYPE, null).singleNodeValue.style.border = "2px solid green";</msg>
<var>${script}</var>
<arg>SEPARATOR=</arg>
<arg>document.evaluate("${xpath.replace('"', '\\"')}", document, null, XPathResult.FIRST_ORDERED_NODE_TYPE, null).singleNodeValue.style.border = "${border_style}";</arg>
<doc>Catenates the given items together and returns the resulted string.</doc>
<status status="PASS" start="2025-03-26T17:12:03.315801" elapsed="0.001002"/>
</kw>
<kw name="Execute Javascript" owner="SeleniumLibrary">
<msg time="2025-03-26T17:12:03.316803" level="INFO">Executing JavaScript:
document.evaluate("//input[contains(@id, 'input-')]", document, null, XPathResult.FIRST_ORDERED_NODE_TYPE, null).singleNodeValue.style.border = "2px solid green";
Without any arguments.</msg>
<arg>${script}</arg>
<doc>Executes the given JavaScript code with possible arguments.</doc>
<status status="PASS" start="2025-03-26T17:12:03.316803" elapsed="0.003000"/>
</kw>
<arg>${rename_curr_cart_txt_box}</arg>
<status status="PASS" start="2025-03-26T17:12:03.315801" elapsed="0.005004"/>
</kw>
<kw name="Sleep" owner="BuiltIn">
<msg time="2025-03-26T17:12:06.321407" level="INFO">Slept 3 seconds.</msg>
<arg>3</arg>
<doc>Pauses the test executed for the given time.</doc>
<status status="PASS" start="2025-03-26T17:12:03.320805" elapsed="3.000602"/>
</kw>
<kw name="Click Element" owner="SeleniumLibrary">
<msg time="2025-03-26T17:12:06.321407" level="INFO">Clicking element '//input[contains(@id, 'input-')]'.</msg>
<arg>${rename_curr_cart_txt_box}</arg>
<doc>Click the element identified by ``locator``.</doc>
<status status="PASS" start="2025-03-26T17:12:06.321407" elapsed="0.066503"/>
</kw>
<kw name="Press Keys" owner="SeleniumLibrary">
<msg time="2025-03-26T17:12:06.387910" level="INFO">Sending key(s) ('CTRL+a', 'BACKSPACE') to //input[contains(@id, 'input-')] element.</msg>
<msg time="2025-03-26T17:12:06.671094" level="INFO">Pressing special key CONTROL down.</msg>
<msg time="2025-03-26T17:12:06.671094" level="INFO">Sending key a</msg>
<msg time="2025-03-26T17:12:06.671094" level="INFO">Releasing special key CONTROL.</msg>
<msg time="2025-03-26T17:12:06.685200" level="INFO">Pressing special key BACKSPACE to element.</msg>
<msg time="2025-03-26T17:12:06.685200" level="INFO">Releasing special key BACKSPACE.</msg>
<arg>${rename_curr_cart_txt_box}</arg>
<arg>CTRL+a</arg>
<arg>BACKSPACE</arg>
<doc>Simulates the user pressing key(s) to an element or on the active browser.</doc>
<status status="PASS" start="2025-03-26T17:12:06.387910" elapsed="0.307056"/>
</kw>
<kw name="Generate Random String" owner="String">
<msg time="2025-03-26T17:12:06.696974" level="INFO">${random_num} = 8450</msg>
<var>${random_num}</var>
<arg>4</arg>
<arg>0123456789</arg>
<doc>Generates a string with a desired ``length`` from the given ``chars``.</doc>
<status status="PASS" start="2025-03-26T17:12:06.696974" elapsed="0.000000"/>
</kw>
<kw name="Set Variable" owner="BuiltIn">
<msg time="2025-03-26T17:12:06.696974" level="INFO">${random_cart} = Automation_test_8450</msg>
<var>${random_cart}</var>
<arg>Automation_test_${random_num}</arg>
<doc>Returns the given values which can then be assigned to a variables.</doc>
<status status="PASS" start="2025-03-26T17:12:06.696974" elapsed="0.000000"/>
</kw>
<kw name="Input Text" owner="SeleniumLibrary">
<msg time="2025-03-26T17:12:06.696974" level="INFO">Typing text 'Automation_test_8450' into text field '//input[contains(@id, 'input-')]'.</msg>
<arg>${rename_curr_cart_txt_box}</arg>
<arg>${random_cart}</arg>
<doc>Types the given ``text`` into the text field identified by ``locator``.</doc>
<status status="PASS" start="2025-03-26T17:12:06.696974" elapsed="0.121900"/>
</kw>
<kw name="Click Element" owner="SeleniumLibrary">
<msg time="2025-03-26T17:12:06.818874" level="INFO">Clicking element '//button[normalize-space()='Save']'.</msg>
<arg>${save_cart_name}</arg>
<doc>Click the element identified by ``locator``.</doc>
<status status="PASS" start="2025-03-26T17:12:06.818874" elapsed="0.048032"/>
</kw>
<kw name="Highlight_Border" owner="GlobalResources">
<kw name="Catenate" owner="BuiltIn">
<msg time="2025-03-26T17:12:06.867905" level="INFO">${script} = document.evaluate("//div[@class='btnBox desktopView']//btn[@class='btn viewCartBtn'][normalize-space()='View Cart']", document, null, XPathResult.FIRST_ORDERED_NODE_TYPE, null).singleNodeValue.style.b...</msg>
<var>${script}</var>
<arg>SEPARATOR=</arg>
<arg>document.evaluate("${xpath.replace('"', '\\"')}", document, null, XPathResult.FIRST_ORDERED_NODE_TYPE, null).singleNodeValue.style.border = "${border_style}";</arg>
<doc>Catenates the given items together and returns the resulted string.</doc>
<status status="PASS" start="2025-03-26T17:12:06.866906" elapsed="0.000999"/>
</kw>
<kw name="Execute Javascript" owner="SeleniumLibrary">
<msg time="2025-03-26T17:12:06.867905" level="INFO">Executing JavaScript:
document.evaluate("//div[@class='btnBox desktopView']//btn[@class='btn viewCartBtn'][normalize-space()='View Cart']", document, null, XPathResult.FIRST_ORDERED_NODE_TYPE, null).singleNodeValue.style.border = "2px solid green";
Without any arguments.</msg>
<arg>${script}</arg>
<doc>Executes the given JavaScript code with possible arguments.</doc>
<status status="PASS" start="2025-03-26T17:12:06.867905" elapsed="0.003003"/>
</kw>
<arg>${view_cart_btn}</arg>
<status status="PASS" start="2025-03-26T17:12:06.866906" elapsed="0.004002"/>
</kw>
<kw name="Sleep" owner="BuiltIn">
<msg time="2025-03-26T17:12:09.871071" level="INFO">Slept 3 seconds.</msg>
<arg>3</arg>
<doc>Pauses the test executed for the given time.</doc>
<status status="PASS" start="2025-03-26T17:12:06.870908" elapsed="3.000163"/>
</kw>
<kw name="Wait Until Element Is Visible" owner="SeleniumLibrary">
<arg>${view_cart_btn}</arg>
<arg>40</arg>
<doc>Waits until the element ``locator`` is visible.</doc>
<status status="PASS" start="2025-03-26T17:12:09.871071" elapsed="0.012340"/>
</kw>
<kw name="Click Element" owner="SeleniumLibrary">
<msg time="2025-03-26T17:12:09.883411" level="INFO">Clicking element '//div[@class='btnBox desktopView']//btn[@class='btn viewCartBtn'][normalize-space()='View Cart']'.</msg>
<arg>${view_cart_btn}</arg>
<doc>Click the element identified by ``locator``.</doc>
<status status="PASS" start="2025-03-26T17:12:09.883411" elapsed="0.036122"/>
</kw>
<kw name="Wait Until Element Is Visible" owner="SeleniumLibrary">
<arg>${daikin_logo}</arg>
<arg>120</arg>
<doc>Waits until the element ``locator`` is visible.</doc>
<status status="PASS" start="2025-03-26T17:12:09.920532" elapsed="0.021543"/>
</kw>
<kw name="Highlight_Border" owner="GlobalResources">
<kw name="Catenate" owner="BuiltIn">
<msg time="2025-03-26T17:12:09.942075" level="INFO">${script} = document.evaluate("//dxp_content_layout-site-logo[@class='lwc-440ckkrho00-host']//img[@class='lwc-6d0jmdgc6e8']", document, null, XPathResult.FIRST_ORDERED_NODE_TYPE, null).singleNodeValue.style.borde...</msg>
<var>${script}</var>
<arg>SEPARATOR=</arg>
<arg>document.evaluate("${xpath.replace('"', '\\"')}", document, null, XPathResult.FIRST_ORDERED_NODE_TYPE, null).singleNodeValue.style.border = "${border_style}";</arg>
<doc>Catenates the given items together and returns the resulted string.</doc>
<status status="PASS" start="2025-03-26T17:12:09.942075" elapsed="0.000000"/>
</kw>
<kw name="Execute Javascript" owner="SeleniumLibrary">
<msg time="2025-03-26T17:12:09.942075" level="INFO">Executing JavaScript:
document.evaluate("//dxp_content_layout-site-logo[@class='lwc-440ckkrho00-host']//img[@class='lwc-6d0jmdgc6e8']", document, null, XPathResult.FIRST_ORDERED_NODE_TYPE, null).singleNodeValue.style.border = "2px solid green";
Without any arguments.</msg>
<arg>${script}</arg>
<doc>Executes the given JavaScript code with possible arguments.</doc>
<status status="PASS" start="2025-03-26T17:12:09.942075" elapsed="0.000000"/>
</kw>
<arg>${daikin_logo}</arg>
<status status="PASS" start="2025-03-26T17:12:09.942075" elapsed="0.000000"/>
</kw>
<kw name="Sleep" owner="BuiltIn">
<msg time="2025-03-26T17:12:12.942376" level="INFO">Slept 3 seconds.</msg>
<arg>3</arg>
<doc>Pauses the test executed for the given time.</doc>
<status status="PASS" start="2025-03-26T17:12:09.942075" elapsed="3.000301"/>
</kw>
<kw name="Click Element" owner="SeleniumLibrary">
<msg time="2025-03-26T17:12:12.943422" level="INFO">Clicking element '//dxp_content_layout-site-logo[@class='lwc-440ckkrho00-host']//img[@class='lwc-6d0jmdgc6e8']'.</msg>
<arg>${daikin_logo}</arg>
<doc>Click the element identified by ``locator``.</doc>
<status status="PASS" start="2025-03-26T17:12:12.942376" elapsed="0.072182"/>
</kw>
<status status="PASS" start="2025-03-26T17:11:55.180469" elapsed="17.834089"/>
</kw>
<status status="PASS" start="2025-03-26T17:11:43.964220" elapsed="29.050338"/>
</test>
<status status="PASS" start="2025-03-26T17:11:43.947136" elapsed="29.068422"/>
</suite>
<suite id="s1-s4" name="04 AddProductToCartTest" source="C:\Users\Shreshta.K\PycharmProjects\DaikinSalesforce_Automation\TestCases\04_AddProductToCartTest.robot">
<test id="s1-s4-t1" name="Verify if the user is able to view the parts page" line="6">
<kw name="Click on Parts Tab" owner="AddProductToCart">
<kw name="Wait Until Element Is Visible" owner="SeleniumLibrary">
<arg>${Search_bar}</arg>
<arg>180</arg>
<doc>Waits until the element ``locator`` is visible.</doc>
<status status="PASS" start="2025-03-26T17:12:13.026082" elapsed="0.014725"/>
</kw>
<kw name="Highlight_Border" owner="GlobalResources">
<kw name="Catenate" owner="BuiltIn">
<msg time="2025-03-26T17:12:13.041830" level="INFO">${script} = document.evaluate("//input[@class=\"searchInput\"]", document, null, XPathResult.FIRST_ORDERED_NODE_TYPE, null).singleNodeValue.style.border = "2px solid green";</msg>
<var>${script}</var>
<arg>SEPARATOR=</arg>
<arg>document.evaluate("${xpath.replace('"', '\\"')}", document, null, XPathResult.FIRST_ORDERED_NODE_TYPE, null).singleNodeValue.style.border = "${border_style}";</arg>
<doc>Catenates the given items together and returns the resulted string.</doc>
<status status="PASS" start="2025-03-26T17:12:13.041830" elapsed="0.000000"/>
</kw>
<kw name="Execute Javascript" owner="SeleniumLibrary">
<msg time="2025-03-26T17:12:13.042824" level="INFO">Executing JavaScript:
document.evaluate("//input[@class=\"searchInput\"]", document, null, XPathResult.FIRST_ORDERED_NODE_TYPE, null).singleNodeValue.style.border = "2px solid green";
Without any arguments.</msg>
<arg>${script}</arg>
<doc>Executes the given JavaScript code with possible arguments.</doc>
<status status="PASS" start="2025-03-26T17:12:13.041830" elapsed="0.003977"/>
</kw>
<arg>${Search_bar}</arg>
<status status="PASS" start="2025-03-26T17:12:13.041830" elapsed="0.003977"/>
</kw>
<kw name="Sleep" owner="BuiltIn">
<msg time="2025-03-26T17:12:16.046271" level="INFO">Slept 3 seconds.</msg>
<arg>3</arg>
<doc>Pauses the test executed for the given time.</doc>
<status status="PASS" start="2025-03-26T17:12:13.045807" elapsed="3.000464"/>
</kw>
<kw name="Click Element" owner="SeleniumLibrary">
<msg time="2025-03-26T17:12:16.046271" level="INFO">Clicking element '//input[@class="searchInput"]'.</msg>
<arg>${Search_bar}</arg>
<doc>Click the element identified by ``locator``.</doc>
<status status="PASS" start="2025-03-26T17:12:16.046271" elapsed="0.077253"/>
</kw>
<kw name="Input Text" owner="SeleniumLibrary">
<msg time="2025-03-26T17:12:16.123524" level="INFO">Typing text '300049596' into text field '//input[@class="searchInput"]'.</msg>
<arg>${Search_bar}</arg>
<arg>300049596</arg>
<doc>Types the given ``text`` into the text field identified by ``locator``.</doc>
<status status="PASS" start="2025-03-26T17:12:16.123524" elapsed="0.122076"/>
</kw>
<kw name="Sleep" owner="BuiltIn">
<msg time="2025-03-26T17:12:19.252770" level="INFO">Slept 3 seconds.</msg>
<arg>3</arg>
<doc>Pauses the test executed for the given time.</doc>
<status status="PASS" start="2025-03-26T17:12:16.252251" elapsed="3.000519"/>
</kw>
<kw name="Wait Until Element Is Visible" owner="SeleniumLibrary">
<arg>${Search_btn}</arg>
<arg>180</arg>
<doc>Waits until the element ``locator`` is visible.</doc>
<status status="PASS" start="2025-03-26T17:12:19.252770" elapsed="0.031376"/>
</kw>
<kw name="Highlight_Border" owner="GlobalResources">
<kw name="Catenate" owner="BuiltIn">
<msg time="2025-03-26T17:12:19.285146" level="INFO">${script} = document.evaluate("//button[@class=\"btn\"]", document, null, XPathResult.FIRST_ORDERED_NODE_TYPE, null).singleNodeValue.style.border = "2px solid green";</msg>
<var>${script}</var>
<arg>SEPARATOR=</arg>
<arg>document.evaluate("${xpath.replace('"', '\\"')}", document, null, XPathResult.FIRST_ORDERED_NODE_TYPE, null).singleNodeValue.style.border = "${border_style}";</arg>
<doc>Catenates the given items together and returns the resulted string.</doc>
<status status="PASS" start="2025-03-26T17:12:19.285146" elapsed="0.000000"/>
</kw>
<kw name="Execute Javascript" owner="SeleniumLibrary">
<msg time="2025-03-26T17:12:19.285146" level="INFO">Executing JavaScript:
document.evaluate("//button[@class=\"btn\"]", document, null, XPathResult.FIRST_ORDERED_NODE_TYPE, null).singleNodeValue.style.border = "2px solid green";
Without any arguments.</msg>
<arg>${script}</arg>
<doc>Executes the given JavaScript code with possible arguments.</doc>
<status status="PASS" start="2025-03-26T17:12:19.285146" elapsed="0.003235"/>
</kw>
<arg>${Search_btn}</arg>
<status status="PASS" start="2025-03-26T17:12:19.284146" elapsed="0.004235"/>
</kw>
<kw name="Sleep" owner="BuiltIn">
<msg time="2025-03-26T17:12:22.290116" level="INFO">Slept 3 seconds.</msg>
<arg>3</arg>
<doc>Pauses the test executed for the given time.</doc>
<status status="PASS" start="2025-03-26T17:12:19.288381" elapsed="3.001735"/>
</kw>
<kw name="Click Element" owner="SeleniumLibrary">
<msg time="2025-03-26T17:12:22.291337" level="INFO">Clicking element '//button[@class="btn"]'.</msg>
<arg>${Search_btn}</arg>
<doc>Click the element identified by ``locator``.</doc>
<status status="PASS" start="2025-03-26T17:12:22.290116" elapsed="0.117950"/>
</kw>
<status status="PASS" start="2025-03-26T17:12:13.026082" elapsed="9.381984"/>
</kw>
<kw name="Add Product to cart" owner="AddProductToCart">
<kw name="Wait Until Element Is Visible" owner="SeleniumLibrary">
<arg>${Product_name_test}</arg>
<arg>180</arg>
<doc>Waits until the element ``locator`` is visible.</doc>
<status status="PASS" start="2025-03-26T17:12:22.408066" elapsed="4.272467"/>
</kw>
<kw name="Highlight_Border" owner="GlobalResources">
<kw name="Catenate" owner="BuiltIn">
<msg time="2025-03-26T17:12:26.680533" level="INFO">${script} = document.evaluate("//span[@class='prodName' and text()=\"FILTER AIR 24 X 24 X 2 DISPOSABLE PERFECT PLEAT SC MERV 8 (CASE=12)\"]", document, null, XPathResult.FIRST_ORDERED_NODE_TYPE, null).singleNodeV...</msg>
<var>${script}</var>
<arg>SEPARATOR=</arg>
<arg>document.evaluate("${xpath.replace('"', '\\"')}", document, null, XPathResult.FIRST_ORDERED_NODE_TYPE, null).singleNodeValue.style.border = "${border_style}";</arg>
<doc>Catenates the given items together and returns the resulted string.</doc>
<status status="PASS" start="2025-03-26T17:12:26.680533" elapsed="0.000000"/>
</kw>
<kw name="Execute Javascript" owner="SeleniumLibrary">
<msg time="2025-03-26T17:12:26.680533" level="INFO">Executing JavaScript:
document.evaluate("//span[@class='prodName' and text()=\"FILTER AIR 24 X 24 X 2 DISPOSABLE PERFECT PLEAT SC MERV 8 (CASE=12)\"]", document, null, XPathResult.FIRST_ORDERED_NODE_TYPE, null).singleNodeValue.style.border = "2px solid green";
Without any arguments.</msg>
<arg>${script}</arg>
<doc>Executes the given JavaScript code with possible arguments.</doc>
<status status="PASS" start="2025-03-26T17:12:26.680533" elapsed="0.009486"/>
</kw>
<arg>${Product_name_test}</arg>
<status status="PASS" start="2025-03-26T17:12:26.680533" elapsed="0.009486"/>
</kw>
<kw name="Sleep" owner="BuiltIn">
<msg time="2025-03-26T17:12:29.690457" level="INFO">Slept 3 seconds.</msg>
<arg>3</arg>
<doc>Pauses the test executed for the given time.</doc>
<status status="PASS" start="2025-03-26T17:12:26.690019" elapsed="3.000438"/>
</kw>
<kw name="Click Element" owner="SeleniumLibrary">
<msg time="2025-03-26T17:12:29.691481" level="INFO">Clicking element '//span[@class='prodName' and text()="FILTER AIR 24 X 24 X 2 DISPOSABLE PERFECT PLEAT SC MERV 8 (CASE=12)"]'.</msg>
<arg>${Product_name_test}</arg>
<doc>Click the element identified by ``locator``.</doc>
<status status="PASS" start="2025-03-26T17:12:29.690457" elapsed="0.057229"/>
</kw>
<kw name="Wait Until Element Is Visible" owner="SeleniumLibrary">
<arg>${Product_Name_After_Adding_To_Cart}</arg>
<arg>180</arg>
<doc>Waits until the element ``locator`` is visible.</doc>
<status status="PASS" start="2025-03-26T17:12:29.747686" elapsed="1.968437"/>
</kw>
<kw name="Sleep" owner="BuiltIn">
<msg time="2025-03-26T17:12:34.716364" level="INFO">Slept 3 seconds.</msg>
<arg>3</arg>
<doc>Pauses the test executed for the given time.</doc>
<status status="PASS" start="2025-03-26T17:12:31.716123" elapsed="3.000241"/>
</kw>
<kw name="Get Text" owner="SeleniumLibrary">
<msg time="2025-03-26T17:12:34.741944" level="INFO">${Product_Name} = FILTER AIR 24 X 24 X 2 DISPOSABLE PERFECT PLEAT SC MERV 8 (CASE=12)</msg>
<var>${Product_Name}</var>
<arg>${Product_Name_After_Adding_To_Cart}</arg>
<doc>Returns the text value of the element identified by ``locator``.</doc>
<status status="PASS" start="2025-03-26T17:12:34.716364" elapsed="0.025580"/>
</kw>
<kw name="Log To Console" owner="BuiltIn">
<arg>${Product_Name}</arg>
<doc>Logs the given message to the console.</doc>
<status status="PASS" start="2025-03-26T17:12:34.741944" elapsed="0.003000"/>
</kw>
<kw name="Wait Until Element Is Visible" owner="SeleniumLibrary">
<arg>${Add_To_Cart_PDP}</arg>
<arg>180</arg>
<doc>Waits until the element ``locator`` is visible.</doc>
<status status="PASS" start="2025-03-26T17:12:34.744944" elapsed="0.010082"/>
</kw>
<kw name="Highlight_Border" owner="GlobalResources">
<kw name="Catenate" owner="BuiltIn">
<msg time="2025-03-26T17:12:34.756055" level="INFO">${script} = document.evaluate("//button[normalize-space()='Add To Cart']", document, null, XPathResult.FIRST_ORDERED_NODE_TYPE, null).singleNodeValue.style.border = "2px solid green";</msg>
<var>${script}</var>
<arg>SEPARATOR=</arg>
<arg>document.evaluate("${xpath.replace('"', '\\"')}", document, null, XPathResult.FIRST_ORDERED_NODE_TYPE, null).singleNodeValue.style.border = "${border_style}";</arg>
<doc>Catenates the given items together and returns the resulted string.</doc>
<status status="PASS" start="2025-03-26T17:12:34.756055" elapsed="0.000000"/>
</kw>
<kw name="Execute Javascript" owner="SeleniumLibrary">
<msg time="2025-03-26T17:12:34.757166" level="INFO">Executing JavaScript:
document.evaluate("//button[normalize-space()='Add To Cart']", document, null, XPathResult.FIRST_ORDERED_NODE_TYPE, null).singleNodeValue.style.border = "2px solid green";
Without any arguments.</msg>
<arg>${script}</arg>
<doc>Executes the given JavaScript code with possible arguments.</doc>
<status status="PASS" start="2025-03-26T17:12:34.756055" elapsed="0.004492"/>
</kw>
<arg>${Add_To_Cart_PDP}</arg>
<status status="PASS" start="2025-03-26T17:12:34.756055" elapsed="0.005469"/>
</kw>
<kw name="Sleep" owner="BuiltIn">
<msg time="2025-03-26T17:12:37.761739" level="INFO">Slept 3 seconds.</msg>
<arg>3</arg>
<doc>Pauses the test executed for the given time.</doc>
<status status="PASS" start="2025-03-26T17:12:34.761524" elapsed="3.000215"/>
</kw>
<kw name="Click Element" owner="SeleniumLibrary">
<msg time="2025-03-26T17:12:37.762358" level="INFO">Clicking element '//button[normalize-space()='Add To Cart']'.</msg>
<arg>${Add_To_Cart_PDP}</arg>
<doc>Click the element identified by ``locator``.</doc>
<status status="PASS" start="2025-03-26T17:12:37.762358" elapsed="0.049222"/>
</kw>
<kw name="Wait Until Element Is Visible" owner="SeleniumLibrary">
<arg>${view_cart_popup}</arg>
<arg>180</arg>
<doc>Waits until the element ``locator`` is visible.</doc>
<status status="PASS" start="2025-03-26T17:12:37.811580" elapsed="2.914126"/>
</kw>
<kw name="Highlight_Border" owner="GlobalResources">
<kw name="Catenate" owner="BuiltIn">
<msg time="2025-03-26T17:12:40.726734" level="INFO">${script} = document.evaluate("//button[normalize-space()='VIEW CART']", document, null, XPathResult.FIRST_ORDERED_NODE_TYPE, null).singleNodeValue.style.border = "2px solid green";</msg>
<var>${script}</var>
<arg>SEPARATOR=</arg>
<arg>document.evaluate("${xpath.replace('"', '\\"')}", document, null, XPathResult.FIRST_ORDERED_NODE_TYPE, null).singleNodeValue.style.border = "${border_style}";</arg>
<doc>Catenates the given items together and returns the resulted string.</doc>
<status status="PASS" start="2025-03-26T17:12:40.725706" elapsed="0.001028"/>
</kw>
<kw name="Execute Javascript" owner="SeleniumLibrary">
<msg time="2025-03-26T17:12:40.727728" level="INFO">Executing JavaScript:
document.evaluate("//button[normalize-space()='VIEW CART']", document, null, XPathResult.FIRST_ORDERED_NODE_TYPE, null).singleNodeValue.style.border = "2px solid green";
Without any arguments.</msg>
<arg>${script}</arg>
<doc>Executes the given JavaScript code with possible arguments.</doc>
<status status="PASS" start="2025-03-26T17:12:40.726734" elapsed="0.004980"/>
</kw>
<arg>${view_cart_popup}</arg>
<status status="PASS" start="2025-03-26T17:12:40.725706" elapsed="0.006008"/>
</kw>
<kw name="Sleep" owner="BuiltIn">
<msg time="2025-03-26T17:12:43.732039" level="INFO">Slept 3 seconds.</msg>
<arg>3</arg>
<doc>Pauses the test executed for the given time.</doc>
<status status="PASS" start="2025-03-26T17:12:40.731714" elapsed="3.000325"/>
</kw>
<kw name="Click Element" owner="SeleniumLibrary">
<msg time="2025-03-26T17:12:43.733103" level="INFO">Clicking element '//button[normalize-space()='VIEW CART']'.</msg>
<arg>${view_cart_popup}</arg>
<doc>Click the element identified by ``locator``.</doc>
<status status="PASS" start="2025-03-26T17:12:43.732039" elapsed="0.092212"/>
</kw>
<kw name="Wait Until Element Is Visible" owner="SeleniumLibrary">
<arg>${Product_Name_In_Cart}</arg>
<arg>180</arg>
<doc>Waits until the element ``locator`` is visible.</doc>
<status status="PASS" start="2025-03-26T17:12:43.824251" elapsed="3.217266"/>
</kw>
<kw name="Sleep" owner="BuiltIn">
<msg time="2025-03-26T17:12:50.041886" level="INFO">Slept 3 seconds.</msg>
<arg>3</arg>
<doc>Pauses the test executed for the given time.</doc>
<status status="PASS" start="2025-03-26T17:12:47.041517" elapsed="3.000369"/>
</kw>
<kw name="Get Text" owner="SeleniumLibrary">
<msg time="2025-03-26T17:12:50.069569" level="INFO">${Prod_validation} = FILTER AIR 24 X 24 X 2 DISPOSABLE PERFECT PLEAT SC MERV 8 (CASE=12)</msg>
<var>${Prod_validation}</var>
<arg>${Product_Name_In_Cart}</arg>
<doc>Returns the text value of the element identified by ``locator``.</doc>
<status status="PASS" start="2025-03-26T17:12:50.041886" elapsed="0.027683"/>
</kw>
<kw name="Log To Console" owner="BuiltIn">
<arg>${Prod_validation}</arg>
<doc>Logs the given message to the console.</doc>
<status status="PASS" start="2025-03-26T17:12:50.069569" elapsed="0.000915"/>
</kw>
<kw name="Should Be Equal" owner="BuiltIn">
<arg>${Prod_validation}</arg>
<arg>FILTER AIR 24 X 24 X 2 DISPOSABLE PERFECT PLEAT SC MERV 8 (CASE=12)</arg>
<doc>Fails if the given objects are unequal.</doc>
<status status="PASS" start="2025-03-26T17:12:50.070484" elapsed="0.000000"/>
</kw>
<kw name="Log To Console" owner="BuiltIn">
<arg>Product Name validation Pass</arg>
<doc>Logs the given message to the console.</doc>
<status status="PASS" start="2025-03-26T17:12:50.070484" elapsed="0.000000"/>
</kw>
<kw name="Wait Until Element Is Visible" owner="SeleniumLibrary">
<arg>${Product_PN_In_Cart}</arg>
<arg>100</arg>
<doc>Waits until the element ``locator`` is visible.</doc>
<status status="PASS" start="2025-03-26T17:12:50.071749" elapsed="0.010435"/>
</kw>
<kw name="Sleep" owner="BuiltIn">
<msg time="2025-03-26T17:12:53.083425" level="INFO">Slept 3 seconds.</msg>
<arg>3</arg>
<doc>Pauses the test executed for the given time.</doc>
<status status="PASS" start="2025-03-26T17:12:50.082184" elapsed="3.001241"/>
</kw>
<kw name="Get Text" owner="SeleniumLibrary">
<msg time="2025-03-26T17:12:53.107071" level="INFO">${pn_validation} = 300049596</msg>
<var>${pn_validation}</var>
<arg>${Product_PN_In_Cart}</arg>
<doc>Returns the text value of the element identified by ``locator``.</doc>
<status status="PASS" start="2025-03-26T17:12:53.083425" elapsed="0.023646"/>
</kw>
<kw name="Should Be Equal" owner="BuiltIn">
<arg>${pn_validation}</arg>
<arg>300049596</arg>
<doc>Fails if the given objects are unequal.</doc>
<status status="PASS" start="2025-03-26T17:12:53.107071" elapsed="0.001028"/>
</kw>
<kw name="Log To Console" owner="BuiltIn">
<arg>PN Validation Pass</arg>
<doc>Logs the given message to the console.</doc>
<status status="PASS" start="2025-03-26T17:12:53.108099" elapsed="0.000000"/>
</kw>
<kw name="Wait Until Element Is Visible" owner="SeleniumLibrary">
<arg>${Product_Price_in_cart}</arg>
<arg>100</arg>
<doc>Waits until the element ``locator`` is visible.</doc>
<status status="PASS" start="2025-03-26T17:12:53.108099" elapsed="0.015214"/>
</kw>
<kw name="Sleep" owner="BuiltIn">
<msg time="2025-03-26T17:12:56.124725" level="INFO">Slept 3 seconds.</msg>
<arg>3</arg>
<doc>Pauses the test executed for the given time.</doc>
<status status="PASS" start="2025-03-26T17:12:53.123313" elapsed="3.001412"/>
</kw>
<kw name="Get Text" owner="SeleniumLibrary">
<msg time="2025-03-26T17:12:56.143218" level="INFO">${price_validation} = $52.63</msg>
<var>${price_validation}</var>
<arg>${Product_Price_in_cart}</arg>
<doc>Returns the text value of the element identified by ``locator``.</doc>
<status status="PASS" start="2025-03-26T17:12:56.124725" elapsed="0.018493"/>
</kw>
<kw name="Should Be Equal" owner="BuiltIn">
<arg>${price_validation}</arg>
<arg>$52.63</arg>
<doc>Fails if the given objects are unequal.</doc>
<status status="PASS" start="2025-03-26T17:12:56.143218" elapsed="0.000000"/>
</kw>
<kw name="Log To Console" owner="BuiltIn">
<arg>Price validation pass</arg>
<doc>Logs the given message to the console.</doc>
<status status="PASS" start="2025-03-26T17:12:56.143218" elapsed="0.001001"/>
</kw>
<status status="PASS" start="2025-03-26T17:12:22.408066" elapsed="33.736153"/>
</kw>
<status status="PASS" start="2025-03-26T17:12:13.026082" elapsed="43.118644"/>
</test>
<status status="PASS" start="2025-03-26T17:12:13.016558" elapsed="43.129176"/>
</suite>
<suite id="s1-s5" name="05 EmergencyOrderTest" source="C:\Users\Shreshta.K\PycharmProjects\DaikinSalesforce_Automation\TestCases\05_EmergencyOrderTest.robot">
<test id="s1-s5-t1" name="Verify if the user is able to add an emergency product into cart" line="6">
<kw name="Search for the emergency Product" owner="EmergencyOrder">
<kw name="Wait Until Element Is Visible" owner="SeleniumLibrary">
<arg>${daikin_logo}</arg>
<arg>180</arg>
<doc>Waits until the element ``locator`` is visible.</doc>
<status status="PASS" start="2025-03-26T17:12:56.155003" elapsed="0.010034"/>
</kw>
<kw name="Highlight_Border" owner="GlobalResources">
<kw name="Catenate" owner="BuiltIn">
<msg time="2025-03-26T17:12:56.166017" level="INFO">${script} = document.evaluate("//dxp_content_layout-site-logo[@class='lwc-440ckkrho00-host']//img[@class='lwc-6d0jmdgc6e8']", document, null, XPathResult.FIRST_ORDERED_NODE_TYPE, null).singleNodeValue.style.borde...</msg>
<var>${script}</var>
<arg>SEPARATOR=</arg>
<arg>document.evaluate("${xpath.replace('"', '\\"')}", document, null, XPathResult.FIRST_ORDERED_NODE_TYPE, null).singleNodeValue.style.border = "${border_style}";</arg>
<doc>Catenates the given items together and returns the resulted string.</doc>
<status status="PASS" start="2025-03-26T17:12:56.166017" elapsed="0.000000"/>
</kw>
<kw name="Execute Javascript" owner="SeleniumLibrary">
<msg time="2025-03-26T17:12:56.167016" level="INFO">Executing JavaScript:
document.evaluate("//dxp_content_layout-site-logo[@class='lwc-440ckkrho00-host']//img[@class='lwc-6d0jmdgc6e8']", document, null, XPathResult.FIRST_ORDERED_NODE_TYPE, null).singleNodeValue.style.border = "2px solid green";
Without any arguments.</msg>
<arg>${script}</arg>
<doc>Executes the given JavaScript code with possible arguments.</doc>
<status status="PASS" start="2025-03-26T17:12:56.167016" elapsed="0.002895"/>
</kw>
<arg>${daikin_logo}</arg>
<status status="PASS" start="2025-03-26T17:12:56.166017" elapsed="0.003894"/>
</kw>
<kw name="Sleep" owner="BuiltIn">
<msg time="2025-03-26T17:12:59.170564" level="INFO">Slept 3 seconds.</msg>
<arg>3</arg>
<doc>Pauses the test executed for the given time.</doc>
<status status="PASS" start="2025-03-26T17:12:56.169911" elapsed="3.000653"/>
</kw>
<kw name="Click Element" owner="SeleniumLibrary">
<msg time="2025-03-26T17:12:59.171583" level="INFO">Clicking element '//dxp_content_layout-site-logo[@class='lwc-440ckkrho00-host']//img[@class='lwc-6d0jmdgc6e8']'.</msg>
<arg>${daikin_logo}</arg>
<doc>Click the element identified by ``locator``.</doc>
<status status="PASS" start="2025-03-26T17:12:59.170564" elapsed="0.073224"/>
</kw>
<kw name="Wait Until Element Is Visible" owner="SeleniumLibrary">
<arg>${Search_bar}</arg>
<arg>100</arg>
<doc>Waits until the element ``locator`` is visible.</doc>
<status status="PASS" start="2025-03-26T17:12:59.243788" elapsed="0.014859"/>
</kw>
<kw name="Highlight_Border" owner="GlobalResources">
<kw name="Catenate" owner="BuiltIn">
<msg time="2025-03-26T17:12:59.259624" level="INFO">${script} = document.evaluate("//input[@class=\"searchInput\"]", document, null, XPathResult.FIRST_ORDERED_NODE_TYPE, null).singleNodeValue.style.border = "2px solid green";</msg>
<var>${script}</var>
<arg>SEPARATOR=</arg>
<arg>document.evaluate("${xpath.replace('"', '\\"')}", document, null, XPathResult.FIRST_ORDERED_NODE_TYPE, null).singleNodeValue.style.border = "${border_style}";</arg>
<doc>Catenates the given items together and returns the resulted string.</doc>
<status status="PASS" start="2025-03-26T17:12:59.259624" elapsed="0.000000"/>
</kw>
<kw name="Execute Javascript" owner="SeleniumLibrary">
<msg time="2025-03-26T17:12:59.260640" level="INFO">Executing JavaScript:
document.evaluate("//input[@class=\"searchInput\"]", document, null, XPathResult.FIRST_ORDERED_NODE_TYPE, null).singleNodeValue.style.border = "2px solid green";
Without any arguments.</msg>
<arg>${script}</arg>
<doc>Executes the given JavaScript code with possible arguments.</doc>
<status status="PASS" start="2025-03-26T17:12:59.260640" elapsed="0.002983"/>
</kw>
<arg>${Search_bar}</arg>
<status status="PASS" start="2025-03-26T17:12:59.259624" elapsed="0.003999"/>
</kw>
<kw name="Sleep" owner="BuiltIn">
<msg time="2025-03-26T17:13:02.263930" level="INFO">Slept 3 seconds.</msg>
<arg>3</arg>
<doc>Pauses the test executed for the given time.</doc>
<status status="PASS" start="2025-03-26T17:12:59.263623" elapsed="3.000307"/>
</kw>
<kw name="Click Element" owner="SeleniumLibrary">
<msg time="2025-03-26T17:13:02.264985" level="INFO">Clicking element '//input[@class="searchInput"]'.</msg>
<arg>${Search_bar}</arg>
<doc>Click the element identified by ``locator``.</doc>
<status status="PASS" start="2025-03-26T17:13:02.263930" elapsed="0.060250"/>
</kw>
<kw name="Input Text" owner="SeleniumLibrary">
<msg time="2025-03-26T17:13:02.324180" level="INFO">Typing text '300069509' into text field '//input[@class="searchInput"]'.</msg>
<arg>${Search_bar}</arg>
<arg>300069509</arg>
<doc>Types the given ``text`` into the text field identified by ``locator``.</doc>
<status status="PASS" start="2025-03-26T17:13:02.324180" elapsed="0.134741"/>
</kw>
<kw name="Wait Until Element Is Visible" owner="SeleniumLibrary">
<arg>${Search_btn}</arg>
<arg>100</arg>
<doc>Waits until the element ``locator`` is visible.</doc>
<status status="PASS" start="2025-03-26T17:13:02.458921" elapsed="0.012304"/>
</kw>
<kw name="Highlight_Border" owner="GlobalResources">
<kw name="Catenate" owner="BuiltIn">
<msg time="2025-03-26T17:13:02.472226" level="INFO">${script} = document.evaluate("//button[@class=\"btn\"]", document, null, XPathResult.FIRST_ORDERED_NODE_TYPE, null).singleNodeValue.style.border = "2px solid green";</msg>
<var>${script}</var>
<arg>SEPARATOR=</arg>
<arg>document.evaluate("${xpath.replace('"', '\\"')}", document, null, XPathResult.FIRST_ORDERED_NODE_TYPE, null).singleNodeValue.style.border = "${border_style}";</arg>
<doc>Catenates the given items together and returns the resulted string.</doc>
<status status="PASS" start="2025-03-26T17:13:02.471225" elapsed="0.001001"/>
</kw>
<kw name="Execute Javascript" owner="SeleniumLibrary">
<msg time="2025-03-26T17:13:02.472226" level="INFO">Executing JavaScript:
document.evaluate("//button[@class=\"btn\"]", document, null, XPathResult.FIRST_ORDERED_NODE_TYPE, null).singleNodeValue.style.border = "2px solid green";
Without any arguments.</msg>
<arg>${script}</arg>
<doc>Executes the given JavaScript code with possible arguments.</doc>
<status status="PASS" start="2025-03-26T17:13:02.472226" elapsed="0.002999"/>
</kw>
<arg>${Search_btn}</arg>
<status status="PASS" start="2025-03-26T17:13:02.471225" elapsed="0.004000"/>
</kw>
<kw name="Sleep" owner="BuiltIn">
<msg time="2025-03-26T17:13:05.476253" level="INFO">Slept 3 seconds.</msg>
<arg>3</arg>
<doc>Pauses the test executed for the given time.</doc>
<status status="PASS" start="2025-03-26T17:13:02.475225" elapsed="3.001028"/>
</kw>
<kw name="Click Element" owner="SeleniumLibrary">
<msg time="2025-03-26T17:13:05.476253" level="INFO">Clicking element '//button[@class="btn"]'.</msg>
<arg>${Search_btn}</arg>
<doc>Click the element identified by ``locator``.</doc>
<status status="PASS" start="2025-03-26T17:13:05.476253" elapsed="0.055601"/>
</kw>
<status status="PASS" start="2025-03-26T17:12:56.155003" elapsed="9.376851"/>
</kw>
<kw name="Add the Emergency Product to the Cart" owner="EmergencyOrder">
<kw name="Wait Until Element Is Visible" owner="SeleniumLibrary">
<arg>${emergency_product_pn}</arg>
<arg>100</arg>
<doc>Waits until the element ``locator`` is visible.</doc>
<status status="PASS" start="2025-03-26T17:13:05.533339" elapsed="1.788968"/>
</kw>
<kw name="Highlight_Border" owner="GlobalResources">
<kw name="Catenate" owner="BuiltIn">
<msg time="2025-03-26T17:13:07.323308" level="INFO">${script} = document.evaluate("//span[@class=\"prodName\" and text()=\"UV LIGHT ASSEMBLY 21\"]", document, null, XPathResult.FIRST_ORDERED_NODE_TYPE, null).singleNodeValue.style.border = "2px solid green";</msg>
<var>${script}</var>
<arg>SEPARATOR=</arg>
<arg>document.evaluate("${xpath.replace('"', '\\"')}", document, null, XPathResult.FIRST_ORDERED_NODE_TYPE, null).singleNodeValue.style.border = "${border_style}";</arg>
<doc>Catenates the given items together and returns the resulted string.</doc>
<status status="PASS" start="2025-03-26T17:13:07.322307" elapsed="0.001001"/>
</kw>
<kw name="Execute Javascript" owner="SeleniumLibrary">
<msg time="2025-03-26T17:13:07.323308" level="INFO">Executing JavaScript:
document.evaluate("//span[@class=\"prodName\" and text()=\"UV LIGHT ASSEMBLY 21\"]", document, null, XPathResult.FIRST_ORDERED_NODE_TYPE, null).singleNodeValue.style.border = "2px solid green";
Without any arguments.</msg>
<arg>${script}</arg>
[...]
<msg time="2025-03-26T17:14:25.652433" level="INFO">Executing JavaScript:
document.evaluate("//input[@name=\"firstName\"]", document, null, XPathResult.FIRST_ORDERED_NODE_TYPE, null).singleNodeValue.style.border = "2px solid green";
Without any arguments.</msg>
<arg>${script}</arg>
<doc>Executes the given JavaScript code with possible arguments.</doc>
<status status="PASS" start="2025-03-26T17:14:25.652433" elapsed="0.000000"/>
</kw>
<arg>${name_first}</arg>
<status status="PASS" start="2025-03-26T17:14:25.652433" elapsed="0.000000"/>
</kw>
<kw name="Sleep" owner="BuiltIn">
<msg time="2025-03-26T17:14:28.652908" level="INFO">Slept 3 seconds.</msg>
<arg>3</arg>
<doc>Pauses the test executed for the given time.</doc>
<status status="PASS" start="2025-03-26T17:14:25.652433" elapsed="3.000475"/>
</kw>
<kw name="Click Element" owner="SeleniumLibrary">
<msg time="2025-03-26T17:14:28.653928" level="INFO">Clicking element '//input[@name="firstName"]'.</msg>
<arg>${name_first}</arg>
<doc>Click the element identified by ``locator``.</doc>
<status status="PASS" start="2025-03-26T17:14:28.652908" elapsed="0.052644"/>
</kw>
<kw name="Generate Random String" owner="String">
<msg time="2025-03-26T17:14:28.706560" level="INFO">${firstname} = yfowogdr</msg>
<var>${firstname}</var>
<arg>8</arg>
<arg>[LOWER]</arg>
<doc>Generates a string with a desired ``length`` from the given ``chars``.</doc>
<status status="PASS" start="2025-03-26T17:14:28.706560" elapsed="0.000000"/>
</kw>
<kw name="Input Text" owner="SeleniumLibrary">
<msg time="2025-03-26T17:14:28.706560" level="INFO">Typing text 'yfowogdr' into text field '//input[@name="firstName"]'.</msg>
<arg>${name_first}</arg>
<arg>${firstname}</arg>
<doc>Types the given ``text`` into the text field identified by ``locator``.</doc>
<status status="PASS" start="2025-03-26T17:14:28.706560" elapsed="0.065907"/>
</kw>
<kw name="Wait Until Element Is Visible" owner="SeleniumLibrary">
<arg>${name_last}</arg>
<arg>180</arg>
<doc>Waits until the element ``locator`` is visible.</doc>
<status status="PASS" start="2025-03-26T17:14:28.772467" elapsed="0.013812"/>
</kw>
<kw name="Highlight_Border" owner="GlobalResources">
<kw name="Catenate" owner="BuiltIn">
<msg time="2025-03-26T17:14:28.787281" level="INFO">${script} = document.evaluate("//input[@name=\"lastName\"]", document, null, XPathResult.FIRST_ORDERED_NODE_TYPE, null).singleNodeValue.style.border = "2px solid green";</msg>
<var>${script}</var>
<arg>SEPARATOR=</arg>
<arg>document.evaluate("${xpath.replace('"', '\\"')}", document, null, XPathResult.FIRST_ORDERED_NODE_TYPE, null).singleNodeValue.style.border = "${border_style}";</arg>
<doc>Catenates the given items together and returns the resulted string.</doc>
<status status="PASS" start="2025-03-26T17:14:28.787281" elapsed="0.000000"/>
</kw>
<kw name="Execute Javascript" owner="SeleniumLibrary">
<msg time="2025-03-26T17:14:28.788281" level="INFO">Executing JavaScript:
document.evaluate("//input[@name=\"lastName\"]", document, null, XPathResult.FIRST_ORDERED_NODE_TYPE, null).singleNodeValue.style.border = "2px solid green";
Without any arguments.</msg>
<arg>${script}</arg>
<doc>Executes the given JavaScript code with possible arguments.</doc>
<status status="PASS" start="2025-03-26T17:14:28.787281" elapsed="0.005118"/>
</kw>
<arg>${name_last}</arg>
<status status="PASS" start="2025-03-26T17:14:28.786279" elapsed="0.006120"/>
</kw>
<kw name="Sleep" owner="BuiltIn">
<msg time="2025-03-26T17:14:31.792580" level="INFO">Slept 3 seconds.</msg>
<arg>3</arg>
<doc>Pauses the test executed for the given time.</doc>
<status status="PASS" start="2025-03-26T17:14:28.792399" elapsed="3.000181"/>
</kw>
<kw name="Click Element" owner="SeleniumLibrary">
<msg time="2025-03-26T17:14:31.793090" level="INFO">Clicking element '//input[@name="lastName"]'.</msg>
<arg>${name_last}</arg>
<doc>Click the element identified by ``locator``.</doc>
<status status="PASS" start="2025-03-26T17:14:31.792580" elapsed="0.038718"/>
</kw>
<kw name="Generate Random String" owner="String">
<msg time="2025-03-26T17:14:31.831298" level="INFO">${lastname} = fdlknjlf</msg>
<var>${lastname}</var>
<arg>8</arg>
<arg>[LOWER]</arg>
<doc>Generates a string with a desired ``length`` from the given ``chars``.</doc>
<status status="PASS" start="2025-03-26T17:14:31.831298" elapsed="0.000000"/>
</kw>
<kw name="Input Text" owner="SeleniumLibrary">
<msg time="2025-03-26T17:14:31.832297" level="INFO">Typing text 'fdlknjlf' into text field '//input[@name="lastName"]'.</msg>
<arg>${name_last}</arg>
<arg>${lastname}</arg>
<doc>Types the given ``text`` into the text field identified by ``locator``.</doc>
<status status="PASS" start="2025-03-26T17:14:31.832297" elapsed="0.056361"/>
</kw>
<kw name="Wait Until Element Is Visible" owner="SeleniumLibrary">
<arg>${contact_phone}</arg>
<arg>180</arg>
<doc>Waits until the element ``locator`` is visible.</doc>
<status status="PASS" start="2025-03-26T17:14:31.888658" elapsed="0.015979"/>
</kw>
<kw name="Highlight_Border" owner="GlobalResources">
<kw name="Catenate" owner="BuiltIn">
<msg time="2025-03-26T17:14:31.905637" level="INFO">${script} = document.evaluate("//input[@name=\"contactPhone\"]", document, null, XPathResult.FIRST_ORDERED_NODE_TYPE, null).singleNodeValue.style.border = "2px solid green";</msg>
<var>${script}</var>
<arg>SEPARATOR=</arg>
<arg>document.evaluate("${xpath.replace('"', '\\"')}", document, null, XPathResult.FIRST_ORDERED_NODE_TYPE, null).singleNodeValue.style.border = "${border_style}";</arg>
<doc>Catenates the given items together and returns the resulted string.</doc>
<status status="PASS" start="2025-03-26T17:14:31.904637" elapsed="0.001000"/>
</kw>
<kw name="Execute Javascript" owner="SeleniumLibrary">
<msg time="2025-03-26T17:14:31.905637" level="INFO">Executing JavaScript:
document.evaluate("//input[@name=\"contactPhone\"]", document, null, XPathResult.FIRST_ORDERED_NODE_TYPE, null).singleNodeValue.style.border = "2px solid green";
Without any arguments.</msg>
<arg>${script}</arg>
<doc>Executes the given JavaScript code with possible arguments.</doc>
<status status="PASS" start="2025-03-26T17:14:31.905637" elapsed="0.003021"/>
</kw>
<arg>${contact_phone}</arg>
<status status="PASS" start="2025-03-26T17:14:31.904637" elapsed="0.004021"/>
</kw>
<kw name="Sleep" owner="BuiltIn">
<msg time="2025-03-26T17:14:34.910266" level="INFO">Slept 3 seconds.</msg>
<arg>3</arg>
<doc>Pauses the test executed for the given time.</doc>
<status status="PASS" start="2025-03-26T17:14:31.909637" elapsed="3.000629"/>
</kw>
<kw name="Click Element" owner="SeleniumLibrary">
<msg time="2025-03-26T17:14:34.910266" level="INFO">Clicking element '//input[@name="contactPhone"]'.</msg>
<arg>${contact_phone}</arg>
<doc>Click the element identified by ``locator``.</doc>
<status status="PASS" start="2025-03-26T17:14:34.910266" elapsed="0.037879"/>
</kw>
<kw name="Generate Random String" owner="String">
<msg time="2025-03-26T17:14:34.948145" level="INFO">${contact_num} = 9668304113</msg>
<var>${contact_num}</var>
<arg>10</arg>
<arg>0123456789</arg>
<doc>Generates a string with a desired ``length`` from the given ``chars``.</doc>
<status status="PASS" start="2025-03-26T17:14:34.948145" elapsed="0.000000"/>
</kw>
<kw name="Input Text" owner="SeleniumLibrary">
<msg time="2025-03-26T17:14:34.949143" level="INFO">Typing text '9668304113' into text field '//input[@name="contactPhone"]'.</msg>
<arg>${contact_phone}</arg>
<arg>${contact_num}</arg>
<doc>Types the given ``text`` into the text field identified by ``locator``.</doc>
<status status="PASS" start="2025-03-26T17:14:34.949143" elapsed="0.058711"/>
</kw>
<kw name="Wait Until Element Is Visible" owner="SeleniumLibrary">
<arg>${order_comments}</arg>
<arg>180</arg>
<doc>Waits until the element ``locator`` is visible.</doc>
<status status="PASS" start="2025-03-26T17:14:35.007854" elapsed="0.026789"/>
</kw>
<kw name="Highlight_Border" owner="GlobalResources">
<kw name="Catenate" owner="BuiltIn">
<msg time="2025-03-26T17:14:35.036646" level="INFO">${script} = document.evaluate("//textarea[@name=\"orderComments\"]", document, null, XPathResult.FIRST_ORDERED_NODE_TYPE, null).singleNodeValue.style.border = "2px solid green";</msg>
<var>${script}</var>
<arg>SEPARATOR=</arg>
<arg>document.evaluate("${xpath.replace('"', '\\"')}", document, null, XPathResult.FIRST_ORDERED_NODE_TYPE, null).singleNodeValue.style.border = "${border_style}";</arg>
<doc>Catenates the given items together and returns the resulted string.</doc>
<status status="PASS" start="2025-03-26T17:14:35.035644" elapsed="0.001002"/>
</kw>
<kw name="Execute Javascript" owner="SeleniumLibrary">
<msg time="2025-03-26T17:14:35.036646" level="INFO">Executing JavaScript:
document.evaluate("//textarea[@name=\"orderComments\"]", document, null, XPathResult.FIRST_ORDERED_NODE_TYPE, null).singleNodeValue.style.border = "2px solid green";
Without any arguments.</msg>
<arg>${script}</arg>
<doc>Executes the given JavaScript code with possible arguments.</doc>
<status status="PASS" start="2025-03-26T17:14:35.036646" elapsed="0.008994"/>
</kw>
<arg>${order_comments}</arg>
<status status="PASS" start="2025-03-26T17:14:35.035644" elapsed="0.009996"/>
</kw>
<kw name="Click Element" owner="SeleniumLibrary">
<msg time="2025-03-26T17:14:35.045640" level="INFO">Clicking element '//textarea[@name="orderComments"]'.</msg>
<arg>${order_comments}</arg>
<doc>Click the element identified by ``locator``.</doc>
<status status="PASS" start="2025-03-26T17:14:35.045640" elapsed="0.045590"/>
</kw>
<kw name="Input Text" owner="SeleniumLibrary">
<msg time="2025-03-26T17:14:35.091230" level="INFO">Typing text 'Test Comment' into text field '//textarea[@name="orderComments"]'.</msg>
<arg>${order_comments}</arg>
<arg>Test Comment</arg>
<doc>Types the given ``text`` into the text field identified by ``locator``.</doc>
<status status="PASS" start="2025-03-26T17:14:35.091230" elapsed="0.074368"/>
</kw>
<kw name="Wait Until Element Is Visible" owner="SeleniumLibrary">
<arg>${Proceed_btn}</arg>
<arg>180</arg>
<doc>Waits until the element ``locator`` is visible.</doc>
<status status="PASS" start="2025-03-26T17:14:35.166613" elapsed="0.011998"/>
</kw>
<kw name="Highlight_Border" owner="GlobalResources">
<kw name="Catenate" owner="BuiltIn">
<msg time="2025-03-26T17:14:35.179628" level="INFO">${script} = document.evaluate("//button[normalize-space()='Proceed']", document, null, XPathResult.FIRST_ORDERED_NODE_TYPE, null).singleNodeValue.style.border = "2px solid green";</msg>
<var>${script}</var>
<arg>SEPARATOR=</arg>
<arg>document.evaluate("${xpath.replace('"', '\\"')}", document, null, XPathResult.FIRST_ORDERED_NODE_TYPE, null).singleNodeValue.style.border = "${border_style}";</arg>
<doc>Catenates the given items together and returns the resulted string.</doc>
<status status="PASS" start="2025-03-26T17:14:35.178611" elapsed="0.001017"/>
</kw>
<kw name="Execute Javascript" owner="SeleniumLibrary">
<msg time="2025-03-26T17:14:35.179628" level="INFO">Executing JavaScript:
document.evaluate("//button[normalize-space()='Proceed']", document, null, XPathResult.FIRST_ORDERED_NODE_TYPE, null).singleNodeValue.style.border = "2px solid green";
Without any arguments.</msg>
<arg>${script}</arg>
<doc>Executes the given JavaScript code with possible arguments.</doc>
<status status="PASS" start="2025-03-26T17:14:35.179628" elapsed="0.003985"/>
</kw>
<arg>${Proceed_btn}</arg>
<status status="PASS" start="2025-03-26T17:14:35.178611" elapsed="0.005002"/>
</kw>
<kw name="Click Element" owner="SeleniumLibrary">
<msg time="2025-03-26T17:14:35.183613" level="INFO">Clicking element '//button[normalize-space()='Proceed']'.</msg>
<arg>${Proceed_btn}</arg>
<doc>Click the element identified by ``locator``.</doc>
<status status="PASS" start="2025-03-26T17:14:35.183613" elapsed="0.048133"/>
</kw>
<status status="PASS" start="2025-03-26T17:14:22.566049" elapsed="12.665697"/>
</kw>
<kw name="Select the Delivery Option" owner="Checkout">
<kw name="Wait Until Element Is Visible" owner="SeleniumLibrary">
<arg>${Ground_Best_Way_canada}</arg>
<arg>180</arg>
<doc>Waits until the element ``locator`` is visible.</doc>
<status status="PASS" start="2025-03-26T17:14:35.232754" elapsed="11.899189"/>
</kw>
<kw name="Sleep" owner="BuiltIn">
<msg time="2025-03-26T17:14:52.132208" level="INFO">Slept 5 seconds.</msg>
<arg>5</arg>
<doc>Pauses the test executed for the given time.</doc>
<status status="PASS" start="2025-03-26T17:14:47.131943" elapsed="5.000265"/>
</kw>
<kw name="Wait Until Element Is Visible" owner="SeleniumLibrary">
<arg>${Ground_Best_Way_chkBox}</arg>
<arg>180</arg>
<doc>Waits until the element ``locator`` is visible.</doc>
<status status="PASS" start="2025-03-26T17:14:52.132208" elapsed="0.028590"/>
</kw>
<kw name="Sleep" owner="BuiltIn">
<msg time="2025-03-26T17:14:55.161347" level="INFO">Slept 3 seconds.</msg>
<arg>3</arg>
<doc>Pauses the test executed for the given time.</doc>
<status status="PASS" start="2025-03-26T17:14:52.160798" elapsed="3.000549"/>
</kw>
<kw name="Click Element" owner="SeleniumLibrary">
<msg time="2025-03-26T17:14:55.162376" level="INFO">Clicking element '//button[normalize-space()='Proceed']'.</msg>
<arg>${Proceed_btn}</arg>
<doc>Click the element identified by ``locator``.</doc>
<status status="PASS" start="2025-03-26T17:14:55.162376" elapsed="0.054603"/>
</kw>
<status status="PASS" start="2025-03-26T17:14:35.232754" elapsed="19.984225"/>
</kw>
<kw name="Enter the purchase order number" owner="Checkout">
<kw name="Wait Until Element Is Visible" owner="SeleniumLibrary">
<arg>${purchase_order_no}</arg>
<arg>180</arg>
<doc>Waits until the element ``locator`` is visible.</doc>
<status status="PASS" start="2025-03-26T17:14:55.216979" elapsed="0.015822"/>
</kw>
<kw name="Highlight_Border" owner="GlobalResources">
<kw name="Catenate" owner="BuiltIn">
<msg time="2025-03-26T17:14:55.232801" level="INFO">${script} = document.evaluate("//input[@name=\"po-number\"]", document, null, XPathResult.FIRST_ORDERED_NODE_TYPE, null).singleNodeValue.style.border = "2px solid green";</msg>
<var>${script}</var>
<arg>SEPARATOR=</arg>
<arg>document.evaluate("${xpath.replace('"', '\\"')}", document, null, XPathResult.FIRST_ORDERED_NODE_TYPE, null).singleNodeValue.style.border = "${border_style}";</arg>
<doc>Catenates the given items together and returns the resulted string.</doc>
<status status="PASS" start="2025-03-26T17:14:55.232801" elapsed="0.000000"/>
</kw>
<kw name="Execute Javascript" owner="SeleniumLibrary">
<msg time="2025-03-26T17:14:55.233802" level="INFO">Executing JavaScript:
document.evaluate("//input[@name=\"po-number\"]", document, null, XPathResult.FIRST_ORDERED_NODE_TYPE, null).singleNodeValue.style.border = "2px solid green";
Without any arguments.</msg>
<arg>${script}</arg>
<doc>Executes the given JavaScript code with possible arguments.</doc>
<status status="PASS" start="2025-03-26T17:14:55.233802" elapsed="0.002802"/>
</kw>
<arg>${purchase_order_no}</arg>
<status status="PASS" start="2025-03-26T17:14:55.232801" elapsed="0.003803"/>
</kw>
<kw name="Sleep" owner="BuiltIn">
<msg time="2025-03-26T17:14:58.237207" level="INFO">Slept 3 seconds.</msg>
<arg>3</arg>
<doc>Pauses the test executed for the given time.</doc>
<status status="PASS" start="2025-03-26T17:14:55.236604" elapsed="3.000603"/>
</kw>
<kw name="Click Element" owner="SeleniumLibrary">
<msg time="2025-03-26T17:14:58.237207" level="INFO">Clicking element '//input[@name="po-number"]'.</msg>
<arg>${purchase_order_no}</arg>
<doc>Click the element identified by ``locator``.</doc>
<status status="PASS" start="2025-03-26T17:14:58.237207" elapsed="0.051202"/>
</kw>
<kw name="Generate Random String" owner="String">
<msg time="2025-03-26T17:14:58.289431" level="INFO">${random_digits} = 6283</msg>
<var>${random_digits}</var>
<arg>4</arg>
<arg>0123456789</arg>
<doc>Generates a string with a desired ``length`` from the given ``chars``.</doc>
<status status="PASS" start="2025-03-26T17:14:58.288409" elapsed="0.001022"/>
</kw>
<kw name="Set Variable" owner="BuiltIn">
<msg time="2025-03-26T17:14:58.289431" level="INFO">${po_num} = PO-6283</msg>
<var>${po_num}</var>
<arg>PO-${random_digits}</arg>
<doc>Returns the given values which can then be assigned to a variables.</doc>
<status status="PASS" start="2025-03-26T17:14:58.289431" elapsed="0.000000"/>
</kw>
<kw name="Input Text" owner="SeleniumLibrary">
<msg time="2025-03-26T17:14:58.289431" level="INFO">Typing text 'PO-6283' into text field '//input[@name="po-number"]'.</msg>
<arg>${purchase_order_no}</arg>
<arg>${po_num}</arg>
<doc>Types the given ``text`` into the text field identified by ``locator``.</doc>
<status status="PASS" start="2025-03-26T17:14:58.289431" elapsed="0.045098"/>
</kw>
<kw name="Sleep" owner="BuiltIn">
<msg time="2025-03-26T17:15:02.335173" level="INFO">Slept 4 seconds.</msg>
<arg>4</arg>
<doc>Pauses the test executed for the given time.</doc>
<status status="PASS" start="2025-03-26T17:14:58.334529" elapsed="4.000644"/>
</kw>
<kw name="Log To Console" owner="BuiltIn">
<arg>${po_num}</arg>
<doc>Logs the given message to the console.</doc>
<status status="PASS" start="2025-03-26T17:15:02.335173" elapsed="0.002028"/>
</kw>
<status status="PASS" start="2025-03-26T17:14:55.216979" elapsed="7.120222"/>
</kw>
<kw name="Click on Place Order Button" owner="Checkout">
<kw name="Wait Until Element Is Visible" owner="SeleniumLibrary">
<arg>${place_order_btn}</arg>
<arg>180</arg>
<doc>Waits until the element ``locator`` is visible.</doc>
<status status="PASS" start="2025-03-26T17:15:02.339197" elapsed="0.021291"/>
</kw>
<kw name="Scroll Element Into View" owner="SeleniumLibrary">
<arg>${place_order_btn}</arg>
<doc>Scrolls the element identified by ``locator`` into view.</doc>
<status status="PASS" start="2025-03-26T17:15:02.360488" elapsed="0.306060"/>
</kw>
<kw name="Highlight_Border" owner="GlobalResources">
<kw name="Catenate" owner="BuiltIn">
<msg time="2025-03-26T17:15:02.669563" level="INFO">${script} = document.evaluate("//button[normalize-space()='Place Order']", document, null, XPathResult.FIRST_ORDERED_NODE_TYPE, null).singleNodeValue.style.border = "2px solid green";</msg>
<var>${script}</var>
<arg>SEPARATOR=</arg>
<arg>document.evaluate("${xpath.replace('"', '\\"')}", document, null, XPathResult.FIRST_ORDERED_NODE_TYPE, null).singleNodeValue.style.border = "${border_style}";</arg>
<doc>Catenates the given items together and returns the resulted string.</doc>
<status status="PASS" start="2025-03-26T17:15:02.667577" elapsed="0.001986"/>
</kw>
<kw name="Execute Javascript" owner="SeleniumLibrary">
<msg time="2025-03-26T17:15:02.670565" level="INFO">Executing JavaScript:
document.evaluate("//button[normalize-space()='Place Order']", document, null, XPathResult.FIRST_ORDERED_NODE_TYPE, null).singleNodeValue.style.border = "2px solid green";
Without any arguments.</msg>
<arg>${script}</arg>
<doc>Executes the given JavaScript code with possible arguments.</doc>
<status status="PASS" start="2025-03-26T17:15:02.669563" elapsed="0.009730"/>
</kw>
<arg>${place_order_btn}</arg>
<status status="PASS" start="2025-03-26T17:15:02.667577" elapsed="0.011716"/>
</kw>
<kw name="Sleep" owner="BuiltIn">
<msg time="2025-03-26T17:15:05.679586" level="INFO">Slept 3 seconds.</msg>
<arg>3</arg>
<doc>Pauses the test executed for the given time.</doc>
<status status="PASS" start="2025-03-26T17:15:02.679293" elapsed="3.001221"/>
</kw>
<kw name="Click Element" owner="SeleniumLibrary">
<msg time="2025-03-26T17:15:05.681182" level="INFO">Clicking element '//button[normalize-space()='Place Order']'.</msg>
<arg>${place_order_btn}</arg>
<doc>Click the element identified by ``locator``.</doc>
<status status="PASS" start="2025-03-26T17:15:05.681182" elapsed="0.057068"/>
</kw>
<kw name="Wait Until Element Is Visible" owner="SeleniumLibrary">
<errors>
<msg time="2025-03-26T17:15:16.792624" level="ERROR">Execution stopped by user.</msg>
</errors>
</robot>
