<?xml version="1.0" encoding="UTF-8"?>
<robot generator="Robot 7.2.2 (Python 3.12.0 on win32)" generated="2025-03-28T17:04:17.286932" rpa="false" schemaversion="5">
<suite id="s1" name="01 LoginTest &amp; 02 NavigateToPartsStoreTest &amp; 03 CreateACartTest &amp; 04 AddProductToCartTest &amp; 05 EmergencyOrderTest &amp; 06 CheckoutTest">
<suite id="s1-s1" name="01 LoginTest" source="C:\Users\Shreshta.K\PycharmProjects\SalesforceEcom\Testcases\01_LoginTest.robot">
<test id="s1-s1-t1" name="Verify if user is able to go to the Login screen" line="8">
<kw name="Open Browser With URL" owner="Login">
<kw name="Open Browser" owner="SeleniumLibrary">
<msg time="2025-03-28T17:04:17.778500" level="INFO">Opening browser 'chrome' to base url 'https://daa--qasit.sandbox.lightning.force.com/lightning/page/home'.</msg>
<arg>${url}</arg>
<arg>${browser}</arg>
<doc>Opens a new browser instance to the optional ``url``.</doc>
<status status="PASS" start="2025-03-28T17:04:17.778500" elapsed="4.307979"/>
</kw>
<kw name="Maximize Browser Window" owner="SeleniumLibrary">
<doc>Maximizes current browser window.</doc>
<status status="PASS" start="2025-03-28T17:04:22.086479" elapsed="0.156547"/>
</kw>
<kw name="Set Browser Implicit Wait" owner="SeleniumLibrary">
<arg>6</arg>
<doc>Sets the implicit wait value used by Selenium.</doc>
<status status="PASS" start="2025-03-28T17:04:22.244548" elapsed="0.002162"/>
</kw>
<status status="PASS" start="2025-03-28T17:04:17.778500" elapsed="4.468210"/>
</kw>
<status status="PASS" start="2025-03-28T17:04:17.778500" elapsed="4.468210"/>
</test>
<test id="s1-s1-t2" name="Verify if user is able to view the elements in the login screen" line="12">
<kw name="Check If elements Are Visible" owner="Login">
<kw name="Wait Until Element Is Visible" owner="SeleniumLibrary">
<arg>${username_lbl}</arg>
<arg>30</arg>
<doc>Waits until the element ``locator`` is visible.</doc>
<status status="PASS" start="2025-03-28T17:04:22.250747" elapsed="0.042019"/>
</kw>
<kw name="Element Should Be Visible" owner="SeleniumLibrary">
<msg time="2025-03-28T17:04:22.336278" level="INFO">Element '//label[@class="label usernamelabel"]' is displayed.</msg>
<arg>${username_lbl}</arg>
<doc>Verifies that the element identified by ``locator`` is visible.</doc>
<status status="PASS" start="2025-03-28T17:04:22.292766" elapsed="0.043512"/>
</kw>
<kw name="Wait Until Element Is Visible" owner="SeleniumLibrary">
<arg>${password_lbl}</arg>
<arg>30</arg>
<doc>Waits until the element ``locator`` is visible.</doc>
<status status="PASS" start="2025-03-28T17:04:22.336278" elapsed="0.055236"/>
</kw>
<kw name="Element Should Be Visible" owner="SeleniumLibrary">
<msg time="2025-03-28T17:04:22.425275" level="INFO">Element '//label[@for="password"]' is displayed.</msg>
<arg>${password_lbl}</arg>
<doc>Verifies that the element identified by ``locator`` is visible.</doc>
<status status="PASS" start="2025-03-28T17:04:22.391514" elapsed="0.033761"/>
</kw>
<status status="PASS" start="2025-03-28T17:04:22.250747" elapsed="0.174528"/>
</kw>
<status status="PASS" start="2025-03-28T17:04:22.248730" elapsed="0.176545"/>
</test>
<test id="s1-s1-t3" name="Verify if the user is able to enter the data in the login screen" line="16">
<kw name="Fill The Login Details" owner="Login">
<kw name="Highlight_Border" owner="GlobalResources">
<kw name="Catenate" owner="BuiltIn">
<msg time="2025-03-28T17:04:22.435919" level="INFO">${script} = document.evaluate("//input[@id='username']", document, null, XPathResult.FIRST_ORDERED_NODE_TYPE, null).singleNodeValue.style.border = "2px solid green";</msg>
<var>${script}</var>
<arg>SEPARATOR=</arg>
<arg>document.evaluate("${xpath.replace('"', '\\"')}", document, null, XPathResult.FIRST_ORDERED_NODE_TYPE, null).singleNodeValue.style.border = "${border_style}";</arg>
<doc>Catenates the given items together and returns the resulted string.</doc>
<status status="PASS" start="2025-03-28T17:04:22.433060" elapsed="0.002859"/>
</kw>
<kw name="Execute Javascript" owner="SeleniumLibrary">
<msg time="2025-03-28T17:04:22.435919" level="INFO">Executing JavaScript:
document.evaluate("//input[@id='username']", document, null, XPathResult.FIRST_ORDERED_NODE_TYPE, null).singleNodeValue.style.border = "2px solid green";
Without any arguments.</msg>
<arg>${script}</arg>
<doc>Executes the given JavaScript code with possible arguments.</doc>
<status status="PASS" start="2025-03-28T17:04:22.435919" elapsed="0.016417"/>
</kw>
<arg>${username_plh}</arg>
<status status="PASS" start="2025-03-28T17:04:22.425275" elapsed="0.027061"/>
</kw>
<kw name="Input Text" owner="SeleniumLibrary">
<msg time="2025-03-28T17:04:22.453571" level="INFO">Typing text 'rajendar.bolla@daikinapplied.com.qasit' into text field '//input[@id='username']'.</msg>
<arg>${username_plh}</arg>
<arg>${username}</arg>
<doc>Types the given ``text`` into the text field identified by ``locator``.</doc>
<status status="PASS" start="2025-03-28T17:04:22.453222" elapsed="0.303665"/>
</kw>
<kw name="Highlight_Border" owner="GlobalResources">
<kw name="Catenate" owner="BuiltIn">
<msg time="2025-03-28T17:04:22.761910" level="INFO">${script} = document.evaluate("//input[@id='password']", document, null, XPathResult.FIRST_ORDERED_NODE_TYPE, null).singleNodeValue.style.border = "2px solid green";</msg>
<var>${script}</var>
<arg>SEPARATOR=</arg>
<arg>document.evaluate("${xpath.replace('"', '\\"')}", document, null, XPathResult.FIRST_ORDERED_NODE_TYPE, null).singleNodeValue.style.border = "${border_style}";</arg>
<doc>Catenates the given items together and returns the resulted string.</doc>
<status status="PASS" start="2025-03-28T17:04:22.761910" elapsed="0.000000"/>
</kw>
<kw name="Execute Javascript" owner="SeleniumLibrary">
<msg time="2025-03-28T17:04:22.767035" level="INFO">Executing JavaScript:
document.evaluate("//input[@id='password']", document, null, XPathResult.FIRST_ORDERED_NODE_TYPE, null).singleNodeValue.style.border = "2px solid green";
Without any arguments.</msg>
<arg>${script}</arg>
<doc>Executes the given JavaScript code with possible arguments.</doc>
<status status="PASS" start="2025-03-28T17:04:22.761910" elapsed="0.014750"/>
</kw>
<arg>${password_plh}</arg>
<status status="PASS" start="2025-03-28T17:04:22.756887" elapsed="0.019773"/>
</kw>
<kw name="Input Password" owner="SeleniumLibrary">
<msg time="2025-03-28T17:04:22.776660" level="INFO">Typing password into text field '//input[@id='password']'.</msg>
<msg time="2025-03-28T17:04:22.805835" level="INFO">Temporally setting log level to: NONE</msg>
<arg>${password_plh}</arg>
<arg>${password}</arg>
<doc>Types the given password into the text field identified by ``locator``.</doc>
<status status="PASS" start="2025-03-28T17:04:22.776660" elapsed="0.180652"/>
</kw>
<arg>${username}</arg>
<arg>${password}</arg>
<status status="PASS" start="2025-03-28T17:04:22.425275" elapsed="0.533053"/>
</kw>
<status status="PASS" start="2025-03-28T17:04:22.425275" elapsed="0.533053"/>
</test>
<test id="s1-s1-t4" name="Verify if the user is able to Navigate to the Salesforce" line="20">
<kw name="Click On The Login Button" owner="Login">
<kw name="Highlight_Border" owner="GlobalResources">
<kw name="Catenate" owner="BuiltIn">
<msg time="2025-03-28T17:04:22.963302" level="INFO">${script} = document.evaluate("//input[@id='Login']", document, null, XPathResult.FIRST_ORDERED_NODE_TYPE, null).singleNodeValue.style.border = "2px solid green";</msg>
<var>${script}</var>
<arg>SEPARATOR=</arg>
<arg>document.evaluate("${xpath.replace('"', '\\"')}", document, null, XPathResult.FIRST_ORDERED_NODE_TYPE, null).singleNodeValue.style.border = "${border_style}";</arg>
<doc>Catenates the given items together and returns the resulted string.</doc>
<status status="PASS" start="2025-03-28T17:04:22.961611" elapsed="0.001691"/>
</kw>
<kw name="Execute Javascript" owner="SeleniumLibrary">
<msg time="2025-03-28T17:04:22.964913" level="INFO">Executing JavaScript:
document.evaluate("//input[@id='Login']", document, null, XPathResult.FIRST_ORDERED_NODE_TYPE, null).singleNodeValue.style.border = "2px solid green";
Without any arguments.</msg>
<arg>${script}</arg>
<doc>Executes the given JavaScript code with possible arguments.</doc>
<status status="PASS" start="2025-03-28T17:04:22.964913" elapsed="0.010233"/>
</kw>
<arg>${login_btn}</arg>
<status status="PASS" start="2025-03-28T17:04:22.961611" elapsed="0.013535"/>
</kw>
<kw name="Capture Page Screenshot" owner="SeleniumLibrary">
<msg time="2025-03-28T17:04:23.122537" level="INFO" html="true">&lt;/td&gt;&lt;/tr&gt;&lt;tr&gt;&lt;td colspan="3"&gt;&lt;a href="selenium-screenshot-101.png"&gt;&lt;img src="selenium-screenshot-101.png" width="800px"&gt;&lt;/a&gt;</msg>
<doc>Takes a screenshot of the current page and embeds it into a log file.</doc>
<status status="PASS" start="2025-03-28T17:04:22.975146" elapsed="0.147391"/>
</kw>
<kw name="Click Button" owner="SeleniumLibrary">
<msg time="2025-03-28T17:04:23.124556" level="INFO">Clicking button '//input[@id='Login']'.</msg>
<arg>${login_btn}</arg>
<doc>Clicks the button identified by ``locator``.</doc>
<status status="PASS" start="2025-03-28T17:04:23.122537" elapsed="6.045518"/>
</kw>
<kw name="Wait Until Page Contains" owner="SeleniumLibrary">
<arg>${login_validation_txt}</arg>
<arg>180</arg>
<doc>Waits until ``text`` appears on the current page.</doc>
<status status="PASS" start="2025-03-28T17:04:29.174049" elapsed="0.017661"/>
</kw>
<kw name="Capture Page Screenshot" owner="SeleniumLibrary">
<msg time="2025-03-28T17:04:29.574308" level="INFO" html="true">&lt;/td&gt;&lt;/tr&gt;&lt;tr&gt;&lt;td colspan="3"&gt;&lt;a href="selenium-screenshot-102.png"&gt;&lt;img src="selenium-screenshot-102.png" width="800px"&gt;&lt;/a&gt;</msg>
<doc>Takes a screenshot of the current page and embeds it into a log file.</doc>
<status status="PASS" start="2025-03-28T17:04:29.191710" elapsed="0.382598"/>
</kw>
<kw name="Page Should Contain" owner="SeleniumLibrary">
<msg time="2025-03-28T17:04:29.593343" level="INFO">Current page contains text 'Commerce'.</msg>
<arg>${login_validation_txt}</arg>
<doc>Verifies that current page contains ``text``.</doc>
<status status="PASS" start="2025-03-28T17:04:29.574308" elapsed="0.019035"/>
</kw>
<status status="PASS" start="2025-03-28T17:04:22.961611" elapsed="6.631732"/>
</kw>
<status status="PASS" start="2025-03-28T17:04:22.959945" elapsed="6.633398"/>
</test>
<status status="PASS" start="2025-03-28T17:04:17.319120" elapsed="12.274223"/>
</suite>
<suite id="s1-s2" name="02 NavigateToPartsStoreTest" source="C:\Users\Shreshta.K\PycharmProjects\SalesforceEcom\Testcases\02_NavigateToPartsStoreTest.robot">
<test id="s1-s2-t1" name="Verify if the user is able to Navigate to the contacts page" line="6">
<kw name="Click Contacts Tab" owner="NavigateToPartsStore">
<kw name="Wait Until Element Is Visible" owner="SeleniumLibrary">
<arg>${contacts_tab}</arg>
<arg>180s</arg>
<doc>Waits until the element ``locator`` is visible.</doc>
<status status="PASS" start="2025-03-28T17:04:29.624650" elapsed="0.050136"/>
</kw>
<kw name="Highlight_Border" owner="GlobalResources">
<kw name="Catenate" owner="BuiltIn">
<msg time="2025-03-28T17:04:29.678528" level="INFO">${script} = document.evaluate("//span[normalize-space()='Contacts']", document, null, XPathResult.FIRST_ORDERED_NODE_TYPE, null).singleNodeValue.style.border = "2px solid green";</msg>
<var>${script}</var>
<arg>SEPARATOR=</arg>
<arg>document.evaluate("${xpath.replace('"', '\\"')}", document, null, XPathResult.FIRST_ORDERED_NODE_TYPE, null).singleNodeValue.style.border = "${border_style}";</arg>
<doc>Catenates the given items together and returns the resulted string.</doc>
<status status="PASS" start="2025-03-28T17:04:29.674786" elapsed="0.005766"/>
</kw>
<kw name="Execute Javascript" owner="SeleniumLibrary">
<msg time="2025-03-28T17:04:29.680552" level="INFO">Executing JavaScript:
document.evaluate("//span[normalize-space()='Contacts']", document, null, XPathResult.FIRST_ORDERED_NODE_TYPE, null).singleNodeValue.style.border = "2px solid green";
Without any arguments.</msg>
<arg>${script}</arg>
<doc>Executes the given JavaScript code with possible arguments.</doc>
<status status="PASS" start="2025-03-28T17:04:29.680552" elapsed="0.012359"/>
</kw>
<arg>${contacts_tab}</arg>
<status status="PASS" start="2025-03-28T17:04:29.674786" elapsed="0.018125"/>
</kw>
<kw name="Execute Javascript" owner="SeleniumLibrary">
<msg time="2025-03-28T17:04:29.700086" level="INFO">Executing JavaScript:
document.evaluate("//span[normalize-space()='Contacts']", document, null, XPathResult.FIRST_ORDERED_NODE_TYPE, null).singleNodeValue.click();
Without any arguments.</msg>
<arg>document.evaluate("${contacts_tab}", document, null, XPathResult.FIRST_ORDERED_NODE_TYPE, null).singleNodeValue.click();</arg>
<doc>Executes the given JavaScript code with possible arguments.</doc>
<status status="PASS" start="2025-03-28T17:04:29.692911" elapsed="0.038330"/>
</kw>
<status status="PASS" start="2025-03-28T17:04:29.624650" elapsed="0.106591"/>
</kw>
<status status="PASS" start="2025-03-28T17:04:29.624650" elapsed="0.106591"/>
</test>
<test id="s1-s2-t2" name="Verify if the user is able to select the contact" line="9">
<kw name="Select the Contact" owner="NavigateToPartsStore">
<kw name="Wait Until Element Is Visible" owner="SeleniumLibrary">
<arg>${contact_ex}</arg>
<arg>180</arg>
<doc>Waits until the element ``locator`` is visible.</doc>
<status status="PASS" start="2025-03-28T17:04:29.731241" elapsed="2.527919"/>
</kw>
<kw name="Highlight_Border" owner="GlobalResources">
<kw name="Catenate" owner="BuiltIn">
<msg time="2025-03-28T17:04:32.262525" level="INFO">${script} = document.evaluate("//span[contains(text(),'Mohan Test')]", document, null, XPathResult.FIRST_ORDERED_NODE_TYPE, null).singleNodeValue.style.border = "2px solid green";</msg>
<var>${script}</var>
<arg>SEPARATOR=</arg>
<arg>document.evaluate("${xpath.replace('"', '\\"')}", document, null, XPathResult.FIRST_ORDERED_NODE_TYPE, null).singleNodeValue.style.border = "${border_style}";</arg>
<doc>Catenates the given items together and returns the resulted string.</doc>
<status status="PASS" start="2025-03-28T17:04:32.260791" elapsed="0.001734"/>
</kw>
<kw name="Execute Javascript" owner="SeleniumLibrary">
<msg time="2025-03-28T17:04:32.264264" level="INFO">Executing JavaScript:
document.evaluate("//span[contains(text(),'Mohan Test')]", document, null, XPathResult.FIRST_ORDERED_NODE_TYPE, null).singleNodeValue.style.border = "2px solid green";
Without any arguments.</msg>
<arg>${script}</arg>
<doc>Executes the given JavaScript code with possible arguments.</doc>
<status status="PASS" start="2025-03-28T17:04:32.264264" elapsed="0.008663"/>
</kw>
<arg>${contact_ex}</arg>
<status status="PASS" start="2025-03-28T17:04:32.260791" elapsed="0.012136"/>
</kw>
<kw name="Click Element" owner="SeleniumLibrary">
<msg time="2025-03-28T17:04:32.274936" level="INFO">Clicking element '//span[contains(text(),'Mohan Test')]'.</msg>
<arg>${contact_ex}</arg>
<doc>Click the element identified by ``locator``.</doc>
<status status="PASS" start="2025-03-28T17:04:32.272927" elapsed="0.191857"/>
</kw>
<status status="PASS" start="2025-03-28T17:04:29.731241" elapsed="2.733543"/>
</kw>
<status status="PASS" start="2025-03-28T17:04:29.731241" elapsed="2.733543"/>
</test>
<test id="s1-s2-t3" name="Verify if the user is able to click on Login to experience as user from the selected contact" line="11">
<kw name="Select the dropdown and click on Login to experience as user" owner="NavigateToPartsStore">
<kw name="Wait Until Element Is Visible" owner="SeleniumLibrary">
<arg>${contact_page_drpDown}</arg>
<arg>180</arg>
<doc>Waits until the element ``locator`` is visible.</doc>
<status status="PASS" start="2025-03-28T17:04:32.470340" elapsed="2.966007"/>
</kw>
<kw name="Highlight_Border" owner="GlobalResources">
<kw name="Catenate" owner="BuiltIn">
<msg time="2025-03-28T17:04:35.440719" level="INFO">${script} = document.evaluate("//lightning-button-menu[@class='menu-button-item slds-dropdown_actions slds-dropdown-trigger slds-dropdown-trigger_click']//lightning-primitive-icon[@variant='bare']", document, nul...</msg>
<var>${script}</var>
<arg>SEPARATOR=</arg>
<arg>document.evaluate("${xpath.replace('"', '\\"')}", document, null, XPathResult.FIRST_ORDERED_NODE_TYPE, null).singleNodeValue.style.border = "${border_style}";</arg>
<doc>Catenates the given items together and returns the resulted string.</doc>
<status status="PASS" start="2025-03-28T17:04:35.439467" elapsed="0.003957"/>
</kw>
<kw name="Execute Javascript" owner="SeleniumLibrary">
<msg time="2025-03-28T17:04:35.443424" level="INFO">Executing JavaScript:
document.evaluate("//lightning-button-menu[@class='menu-button-item slds-dropdown_actions slds-dropdown-trigger slds-dropdown-trigger_click']//lightning-primitive-icon[@variant='bare']", document, null, XPathResult.FIRST_ORDERED_NODE_TYPE, null).singleNodeValue.style.border = "2px solid green";
Without any arguments.</msg>
<arg>${script}</arg>
<doc>Executes the given JavaScript code with possible arguments.</doc>
<status status="PASS" start="2025-03-28T17:04:35.443424" elapsed="0.019387"/>
</kw>
<arg>${contact_page_drpDown}</arg>
<status status="PASS" start="2025-03-28T17:04:35.436347" elapsed="0.026464"/>
</kw>
<kw name="Click Element" owner="SeleniumLibrary">
<msg time="2025-03-28T17:04:35.462811" level="INFO">Clicking element '//lightning-button-menu[@class='menu-button-item slds-dropdown_actions slds-dropdown-trigger slds-dropdown-trigger_click']//lightning-primitive-icon[@variant='bare']'.</msg>
<arg>${contact_page_drpDown}</arg>
<doc>Click the element identified by ``locator``.</doc>
<status status="PASS" start="2025-03-28T17:04:35.462811" elapsed="0.311812"/>
</kw>
<status status="PASS" start="2025-03-28T17:04:32.470340" elapsed="3.304283"/>
</kw>
<kw name="Select on Login to experience as user" owner="NavigateToPartsStore">
<kw name="Wait Until Element Is Visible" owner="SeleniumLibrary">
<arg>${Login_to_exp_as_user_DrpVal}</arg>
<arg>180</arg>
<doc>Waits until the element ``locator`` is visible.</doc>
<status status="PASS" start="2025-03-28T17:04:35.774623" elapsed="0.079533"/>
</kw>
<kw name="Highlight_Border" owner="GlobalResources">
<kw name="Catenate" owner="BuiltIn">
<msg time="2025-03-28T17:04:35.859042" level="INFO">${script} = document.evaluate("//span[normalize-space()='Log in to Experience as User']", document, null, XPathResult.FIRST_ORDERED_NODE_TYPE, null).singleNodeValue.style.border = "2px solid green";</msg>
<var>${script}</var>
<arg>SEPARATOR=</arg>
<arg>document.evaluate("${xpath.replace('"', '\\"')}", document, null, XPathResult.FIRST_ORDERED_NODE_TYPE, null).singleNodeValue.style.border = "${border_style}";</arg>
<doc>Catenates the given items together and returns the resulted string.</doc>
<status status="PASS" start="2025-03-28T17:04:35.854156" elapsed="0.004886"/>
</kw>
<kw name="Execute Javascript" owner="SeleniumLibrary">
<msg time="2025-03-28T17:04:35.860050" level="INFO">Executing JavaScript:
document.evaluate("//span[normalize-space()='Log in to Experience as User']", document, null, XPathResult.FIRST_ORDERED_NODE_TYPE, null).singleNodeValue.style.border = "2px solid green";
Without any arguments.</msg>
<arg>${script}</arg>
<doc>Executes the given JavaScript code with possible arguments.</doc>
<status status="PASS" start="2025-03-28T17:04:35.859042" elapsed="0.019372"/>
</kw>
<arg>${Login_to_exp_as_user_DrpVal}</arg>
<status status="PASS" start="2025-03-28T17:04:35.854156" elapsed="0.024258"/>
</kw>
<kw name="Click Element" owner="SeleniumLibrary">
<msg time="2025-03-28T17:04:35.878414" level="INFO">Clicking element '//span[normalize-space()='Log in to Experience as User']'.</msg>
<arg>${Login_to_exp_as_user_DrpVal}</arg>
<doc>Click the element identified by ``locator``.</doc>
<status status="PASS" start="2025-03-28T17:04:35.878414" elapsed="0.229883"/>
</kw>
<status status="PASS" start="2025-03-28T17:04:35.774623" elapsed="0.334412"/>
</kw>
<status status="PASS" start="2025-03-28T17:04:32.464784" elapsed="3.644251"/>
</test>
<test id="s1-s2-t4" name="Verify if the user is able to Navigate to Parts store page" line="14">
<kw name="Click on PartsStore option" owner="NavigateToPartsStore">
<kw name="Wait Until Element Is Visible" owner="SeleniumLibrary">
<arg>${parts_store_option}</arg>
<arg>180</arg>
<doc>Waits until the element ``locator`` is visible.</doc>
<status status="PASS" start="2025-03-28T17:04:36.112231" elapsed="1.468824"/>
</kw>
<kw name="Highlight_Border" owner="GlobalResources">
<kw name="Catenate" owner="BuiltIn">
<msg time="2025-03-28T17:04:37.581055" level="INFO">${script} = document.evaluate("//span[normalize-space()='PartsStore']", document, null, XPathResult.FIRST_ORDERED_NODE_TYPE, null).singleNodeValue.style.border = "2px solid green";</msg>
<var>${script}</var>
<arg>SEPARATOR=</arg>
<arg>document.evaluate("${xpath.replace('"', '\\"')}", document, null, XPathResult.FIRST_ORDERED_NODE_TYPE, null).singleNodeValue.style.border = "${border_style}";</arg>
<doc>Catenates the given items together and returns the resulted string.</doc>
<status status="PASS" start="2025-03-28T17:04:37.581055" elapsed="0.000000"/>
</kw>
<kw name="Execute Javascript" owner="SeleniumLibrary">
<msg time="2025-03-28T17:04:37.581055" level="INFO">Executing JavaScript:
document.evaluate("//span[normalize-space()='PartsStore']", document, null, XPathResult.FIRST_ORDERED_NODE_TYPE, null).singleNodeValue.style.border = "2px solid green";
Without any arguments.</msg>
<arg>${script}</arg>
<doc>Executes the given JavaScript code with possible arguments.</doc>
<status status="PASS" start="2025-03-28T17:04:37.581055" elapsed="0.018880"/>
</kw>
<arg>${parts_store_option}</arg>
<status status="PASS" start="2025-03-28T17:04:37.581055" elapsed="0.018880"/>
</kw>
<kw name="Click Element" owner="SeleniumLibrary">
<msg time="2025-03-28T17:04:37.605292" level="INFO">Clicking element '//span[normalize-space()='PartsStore']'.</msg>
<arg>${parts_store_option}</arg>
<doc>Click the element identified by ``locator``.</doc>
<status status="PASS" start="2025-03-28T17:04:37.599935" elapsed="12.124589"/>
</kw>
<status status="PASS" start="2025-03-28T17:04:36.109035" elapsed="13.615489"/>
</kw>
<kw name="Check if page contains Parts Store title" owner="NavigateToPartsStore">
<kw name="Wait Until Element Is Visible" owner="SeleniumLibrary">
<arg>${Daikin_Logo}</arg>
<arg>30</arg>
<doc>Waits until the element ``locator`` is visible.</doc>
<status status="PASS" start="2025-03-28T17:04:49.724524" elapsed="0.048558"/>
</kw>
<kw name="Click Element" owner="SeleniumLibrary">
<msg time="2025-03-28T17:04:49.773082" level="INFO">Clicking element '(//img[@class="lwc-6d0jmdgc6e8"])[1]'.</msg>
<arg>${Daikin_Logo}</arg>
<doc>Click the element identified by ``locator``.</doc>
<status status="PASS" start="2025-03-28T17:04:49.773082" elapsed="0.211727"/>
</kw>
<kw name="Highlight_Border" owner="GlobalResources">
<kw name="Catenate" owner="BuiltIn">
<msg time="2025-03-28T17:04:49.988602" level="INFO">${script} = document.evaluate("(//img[@class=\"lwc-6d0jmdgc6e8\"])[1]", document, null, XPathResult.FIRST_ORDERED_NODE_TYPE, null).singleNodeValue.style.border = "2px solid green";</msg>
<var>${script}</var>
<arg>SEPARATOR=</arg>
<arg>document.evaluate("${xpath.replace('"', '\\"')}", document, null, XPathResult.FIRST_ORDERED_NODE_TYPE, null).singleNodeValue.style.border = "${border_style}";</arg>
<doc>Catenates the given items together and returns the resulted string.</doc>
<status status="PASS" start="2025-03-28T17:04:49.986271" elapsed="0.002928"/>
</kw>
<kw name="Execute Javascript" owner="SeleniumLibrary">
<msg time="2025-03-28T17:04:49.989199" level="INFO">Executing JavaScript:
document.evaluate("(//img[@class=\"lwc-6d0jmdgc6e8\"])[1]", document, null, XPathResult.FIRST_ORDERED_NODE_TYPE, null).singleNodeValue.style.border = "2px solid green";
Without any arguments.</msg>
<arg>${script}</arg>
<doc>Executes the given JavaScript code with possible arguments.</doc>
<status status="PASS" start="2025-03-28T17:04:49.989199" elapsed="0.016344"/>
</kw>
<arg>${Daikin_Logo}</arg>
<status status="PASS" start="2025-03-28T17:04:49.984809" elapsed="0.020734"/>
</kw>
<kw name="Page Should Contain" owner="SeleniumLibrary">
<msg time="2025-03-28T17:04:50.040412" level="INFO">Current page contains text 'Parts Solutions'.</msg>
<arg>${parts_solutions_title}</arg>
<doc>Verifies that current page contains ``text``.</doc>
<status status="PASS" start="2025-03-28T17:04:50.005543" elapsed="0.034869"/>
</kw>
<status status="PASS" start="2025-03-28T17:04:49.724524" elapsed="0.315888"/>
</kw>
<status status="PASS" start="2025-03-28T17:04:36.109035" elapsed="13.931377"/>
</test>
<test id="s1-s2-t5" name="Verify if the correct user has logged in" line="17">
<kw name="Validate Logged-in User" owner="NavigateToPartsStore">
<kw name="Wait Until Element Is Visible" owner="SeleniumLibrary">
<arg>${profile_icon}</arg>
<arg>20</arg>
<doc>Waits until the element ``locator`` is visible.</doc>
<status status="PASS" start="2025-03-28T17:04:50.040412" elapsed="0.049996"/>
</kw>
<kw name="Highlight_Border" owner="GlobalResources">
<kw name="Catenate" owner="BuiltIn">
<msg time="2025-03-28T17:04:50.090408" level="INFO">${script} = document.evaluate("//span[@class='menu-trigger-p slds-text-align_right slds-truncate slds-text-title_bold lwc-5uc1gleli5']", document, null, XPathResult.FIRST_ORDERED_NODE_TYPE, null).singleNodeValue....</msg>
<var>${script}</var>
<arg>SEPARATOR=</arg>
<arg>document.evaluate("${xpath.replace('"', '\\"')}", document, null, XPathResult.FIRST_ORDERED_NODE_TYPE, null).singleNodeValue.style.border = "${border_style}";</arg>
<doc>Catenates the given items together and returns the resulted string.</doc>
<status status="PASS" start="2025-03-28T17:04:50.090408" elapsed="0.000000"/>
</kw>
<kw name="Execute Javascript" owner="SeleniumLibrary">
<msg time="2025-03-28T17:04:50.096164" level="INFO">Executing JavaScript:
document.evaluate("//span[@class='menu-trigger-p slds-text-align_right slds-truncate slds-text-title_bold lwc-5uc1gleli5']", document, null, XPathResult.FIRST_ORDERED_NODE_TYPE, null).singleNodeValue.style.border = "2px solid green";
Without any arguments.</msg>
<arg>${script}</arg>
<doc>Executes the given JavaScript code with possible arguments.</doc>
<status status="PASS" start="2025-03-28T17:04:50.090408" elapsed="0.019572"/>
</kw>
<arg>${profile_icon}</arg>
<status status="PASS" start="2025-03-28T17:04:50.090408" elapsed="0.019572"/>
</kw>
<kw name="Click Element" owner="SeleniumLibrary">
<msg time="2025-03-28T17:04:50.111098" level="INFO">Clicking element '//span[@class='menu-trigger-p slds-text-align_right slds-truncate slds-text-title_bold lwc-5uc1gleli5']'.</msg>
<arg>${profile_icon}</arg>
<doc>Click the element identified by ``locator``.</doc>
<status status="PASS" start="2025-03-28T17:04:50.109980" elapsed="0.180306"/>
</kw>
<kw name="Wait Until Element Is Visible" owner="SeleniumLibrary">
<arg>${my_account_information}</arg>
<arg>10</arg>
<doc>Waits until the element ``locator`` is visible.</doc>
<status status="PASS" start="2025-03-28T17:04:50.290286" elapsed="0.038826"/>
</kw>
<kw name="Highlight_Border" owner="GlobalResources">
<kw name="Catenate" owner="BuiltIn">
<msg time="2025-03-28T17:04:50.336232" level="INFO">${script} = document.evaluate("//span[@title=\"My Account Information\"]", document, null, XPathResult.FIRST_ORDERED_NODE_TYPE, null).singleNodeValue.style.border = "2px solid green";</msg>
<var>${script}</var>
<arg>SEPARATOR=</arg>
<arg>document.evaluate("${xpath.replace('"', '\\"')}", document, null, XPathResult.FIRST_ORDERED_NODE_TYPE, null).singleNodeValue.style.border = "${border_style}";</arg>
<doc>Catenates the given items together and returns the resulted string.</doc>
<status status="PASS" start="2025-03-28T17:04:50.329112" elapsed="0.007120"/>
</kw>
<kw name="Execute Javascript" owner="SeleniumLibrary">
<msg time="2025-03-28T17:04:50.336232" level="INFO">Executing JavaScript:
document.evaluate("//span[@title=\"My Account Information\"]", document, null, XPathResult.FIRST_ORDERED_NODE_TYPE, null).singleNodeValue.style.border = "2px solid green";
Without any arguments.</msg>
<arg>${script}</arg>
<doc>Executes the given JavaScript code with possible arguments.</doc>
<status status="PASS" start="2025-03-28T17:04:50.336232" elapsed="0.012136"/>
</kw>
<arg>${my_account_information}</arg>
<status status="PASS" start="2025-03-28T17:04:50.329112" elapsed="0.019256"/>
</kw>
<kw name="Click Element" owner="SeleniumLibrary">
<msg time="2025-03-28T17:04:50.348368" level="INFO">Clicking element '//span[@title="My Account Information"]'.</msg>
<arg>${my_account_information}</arg>
<doc>Click the element identified by ``locator``.</doc>
<status status="PASS" start="2025-03-28T17:04:50.348368" elapsed="0.153744"/>
</kw>
<kw name="Get Text" owner="SeleniumLibrary">
<msg time="2025-03-28T17:04:52.123652" level="INFO">${after_login_user} = Hello Mohan Test</msg>
<var>${after_login_user}</var>
<arg>${login_user_name}</arg>
<doc>Returns the text value of the element identified by ``locator``.</doc>
<status status="PASS" start="2025-03-28T17:04:50.502112" elapsed="1.621540"/>
</kw>
<kw name="Click Element" owner="SeleniumLibrary">
<msg time="2025-03-28T17:04:52.123652" level="INFO">Clicking element '//h1[contains(text(),'Mohan Test')]'.</msg>
<arg>${login_user_name}</arg>
<doc>Click the element identified by ``locator``.</doc>
<status status="PASS" start="2025-03-28T17:04:52.123652" elapsed="0.072304"/>
</kw>
<kw name="Highlight_Border" owner="GlobalResources">
<kw name="Catenate" owner="BuiltIn">
<msg time="2025-03-28T17:04:52.198644" level="INFO">${script} = document.evaluate("//h1[contains(text(),'Mohan Test')]", document, null, XPathResult.FIRST_ORDERED_NODE_TYPE, null).singleNodeValue.style.border = "2px solid green";</msg>
<var>${script}</var>
<arg>SEPARATOR=</arg>
<arg>document.evaluate("${xpath.replace('"', '\\"')}", document, null, XPathResult.FIRST_ORDERED_NODE_TYPE, null).singleNodeValue.style.border = "${border_style}";</arg>
<doc>Catenates the given items together and returns the resulted string.</doc>
<status status="PASS" start="2025-03-28T17:04:52.195956" elapsed="0.002688"/>
</kw>
<kw name="Execute Javascript" owner="SeleniumLibrary">
<msg time="2025-03-28T17:04:52.198644" level="INFO">Executing JavaScript:
document.evaluate("//h1[contains(text(),'Mohan Test')]", document, null, XPathResult.FIRST_ORDERED_NODE_TYPE, null).singleNodeValue.style.border = "2px solid green";
Without any arguments.</msg>
<arg>${script}</arg>
<doc>Executes the given JavaScript code with possible arguments.</doc>
<status status="PASS" start="2025-03-28T17:04:52.198644" elapsed="0.005208"/>
</kw>
<arg>${login_user_name}</arg>
<status status="PASS" start="2025-03-28T17:04:52.195956" elapsed="0.007896"/>
</kw>
<kw name="Log To Console" owner="BuiltIn">
<arg>${after_login_user}</arg>
<doc>Logs the given message to the console.</doc>
<status status="PASS" start="2025-03-28T17:04:52.203852" elapsed="0.001100"/>
</kw>
<kw name="Should Be Equal" owner="BuiltIn">
<arg>${after_login_user}</arg>
<arg>Hello ${User_LoggedIn}</arg>
<doc>Fails if the given objects are unequal.</doc>
<status status="PASS" start="2025-03-28T17:04:52.204952" elapsed="0.000000"/>
</kw>
<status status="PASS" start="2025-03-28T17:04:50.040412" elapsed="2.164540"/>
</kw>
<status status="PASS" start="2025-03-28T17:04:50.040412" elapsed="2.164540"/>
</test>
<status status="PASS" start="2025-03-28T17:04:29.593343" elapsed="22.611609"/>
</suite>
<suite id="s1-s3" name="03 CreateACartTest" source="C:\Users\Shreshta.K\PycharmProjects\SalesforceEcom\Testcases\03_CreateACartTest.robot">
<test id="s1-s3-t1" name="Verify if the user is able to click on Profile icon" line="6">
<kw name="Click on the profile icon" owner="CreateACart">
<kw name="Wait Until Element Is Visible" owner="SeleniumLibrary">
<arg>${profile_icon}</arg>
<arg>30</arg>
<doc>Waits until the element ``locator`` is visible.</doc>
<status status="PASS" start="2025-03-28T17:04:52.239012" elapsed="0.036914"/>
</kw>
<kw name="Highlight_Border" owner="GlobalResources">
<kw name="Catenate" owner="BuiltIn">
<msg time="2025-03-28T17:04:52.275926" level="INFO">${script} = document.evaluate("//span[@class='menu-trigger-p slds-text-align_right slds-truncate slds-text-title_bold lwc-5uc1gleli5']", document, null, XPathResult.FIRST_ORDERED_NODE_TYPE, null).singleNodeValue....</msg>
<var>${script}</var>
<arg>SEPARATOR=</arg>
<arg>document.evaluate("${xpath.replace('"', '\\"')}", document, null, XPathResult.FIRST_ORDERED_NODE_TYPE, null).singleNodeValue.style.border = "${border_style}";</arg>
<doc>Catenates the given items together and returns the resulted string.</doc>
<status status="PASS" start="2025-03-28T17:04:52.275926" elapsed="0.000000"/>
</kw>
<kw name="Execute Javascript" owner="SeleniumLibrary">
<msg time="2025-03-28T17:04:52.282503" level="INFO">Executing JavaScript:
document.evaluate("//span[@class='menu-trigger-p slds-text-align_right slds-truncate slds-text-title_bold lwc-5uc1gleli5']", document, null, XPathResult.FIRST_ORDERED_NODE_TYPE, null).singleNodeValue.style.border = "2px solid green";
Without any arguments.</msg>
<arg>${script}</arg>
<doc>Executes the given JavaScript code with possible arguments.</doc>
<status status="PASS" start="2025-03-28T17:04:52.275926" elapsed="0.022909"/>
</kw>
<arg>${profile_icon}</arg>
<status status="PASS" start="2025-03-28T17:04:52.275926" elapsed="0.022909"/>
</kw>
<kw name="Click Element" owner="SeleniumLibrary">
<msg time="2025-03-28T17:04:52.298835" level="INFO">Clicking element '//span[@class='menu-trigger-p slds-text-align_right slds-truncate slds-text-title_bold lwc-5uc1gleli5']'.</msg>
<arg>${profile_icon}</arg>
<doc>Click the element identified by ``locator``.</doc>
<status status="PASS" start="2025-03-28T17:04:52.298835" elapsed="0.167729"/>
</kw>
<status status="PASS" start="2025-03-28T17:04:52.239012" elapsed="0.227552"/>
</kw>
<status status="PASS" start="2025-03-28T17:04:52.239012" elapsed="0.227552"/>
</test>
<test id="s1-s3-t2" name="Verify if the user is able to Navigate to my carts page" line="8">
<kw name="Click on my carts option" owner="CreateACart">
<kw name="Wait Until Element Is Visible" owner="SeleniumLibrary">
<arg>${my_carts}</arg>
<arg>10</arg>
<doc>Waits until the element ``locator`` is visible.</doc>
<status status="PASS" start="2025-03-28T17:04:52.468500" elapsed="0.038859"/>
</kw>
<kw name="Highlight_Border" owner="GlobalResources">
<kw name="Catenate" owner="BuiltIn">
<msg time="2025-03-28T17:04:52.507359" level="INFO">${script} = document.evaluate("//span[@title=\"My Carts\"]", document, null, XPathResult.FIRST_ORDERED_NODE_TYPE, null).singleNodeValue.style.border = "2px solid green";</msg>
<var>${script}</var>
<arg>SEPARATOR=</arg>
<arg>document.evaluate("${xpath.replace('"', '\\"')}", document, null, XPathResult.FIRST_ORDERED_NODE_TYPE, null).singleNodeValue.style.border = "${border_style}";</arg>
<doc>Catenates the given items together and returns the resulted string.</doc>
<status status="PASS" start="2025-03-28T17:04:52.507359" elapsed="0.000000"/>
</kw>
<kw name="Execute Javascript" owner="SeleniumLibrary">
<msg time="2025-03-28T17:04:52.507359" level="INFO">Executing JavaScript:
document.evaluate("//span[@title=\"My Carts\"]", document, null, XPathResult.FIRST_ORDERED_NODE_TYPE, null).singleNodeValue.style.border = "2px solid green";
Without any arguments.</msg>
<arg>${script}</arg>
<doc>Executes the given JavaScript code with possible arguments.</doc>
<status status="PASS" start="2025-03-28T17:04:52.507359" elapsed="0.021454"/>
</kw>
<arg>${my_carts}</arg>
<status status="PASS" start="2025-03-28T17:04:52.507359" elapsed="0.021454"/>
</kw>
<kw name="Click Element" owner="SeleniumLibrary">
<msg time="2025-03-28T17:04:52.530703" level="INFO">Clicking element '//span[@title="My Carts"]'.</msg>
<arg>${my_carts}</arg>
<doc>Click the element identified by ``locator``.</doc>
<status status="PASS" start="2025-03-28T17:04:52.530703" elapsed="0.176772"/>
</kw>
<status status="PASS" start="2025-03-28T17:04:52.468500" elapsed="0.238975"/>
</kw>
<status status="PASS" start="2025-03-28T17:04:52.468500" elapsed="0.239976"/>
</test>
<test id="s1-s3-t3" name="Verify if the user is able to create a new cart" line="10">
<kw name="Create a new cart" owner="CreateACart">
<kw name="Wait Until Element Is Visible" owner="SeleniumLibrary">
<arg>${new_cart_btn}</arg>
<arg>180</arg>
<doc>Waits until the element ``locator`` is visible.</doc>
<status status="PASS" start="2025-03-28T17:04:52.712474" elapsed="2.330244"/>
</kw>
<kw name="Highlight_Border" owner="GlobalResources">
<kw name="Catenate" owner="BuiltIn">
<msg time="2025-03-28T17:04:55.045705" level="INFO">${script} = document.evaluate("//span[@class='btnLabel']", document, null, XPathResult.FIRST_ORDERED_NODE_TYPE, null).singleNodeValue.style.border = "2px solid green";</msg>
<var>${script}</var>
<arg>SEPARATOR=</arg>
<arg>document.evaluate("${xpath.replace('"', '\\"')}", document, null, XPathResult.FIRST_ORDERED_NODE_TYPE, null).singleNodeValue.style.border = "${border_style}";</arg>
<doc>Catenates the given items together and returns the resulted string.</doc>
<status status="PASS" start="2025-03-28T17:04:55.043722" elapsed="0.001983"/>
</kw>
<kw name="Execute Javascript" owner="SeleniumLibrary">
<msg time="2025-03-28T17:04:55.046716" level="INFO">Executing JavaScript:
document.evaluate("//span[@class='btnLabel']", document, null, XPathResult.FIRST_ORDERED_NODE_TYPE, null).singleNodeValue.style.border = "2px solid green";
Without any arguments.</msg>
<arg>${script}</arg>
<doc>Executes the given JavaScript code with possible arguments.</doc>
<status status="PASS" start="2025-03-28T17:04:55.046716" elapsed="0.013538"/>
</kw>
<arg>${new_cart_btn}</arg>
<status status="PASS" start="2025-03-28T17:04:55.042718" elapsed="0.017536"/>
</kw>
<kw name="Click Element" owner="SeleniumLibrary">
<msg time="2025-03-28T17:04:55.061668" level="INFO">Clicking element '//span[@class='btnLabel']'.</msg>
<arg>${new_cart_btn}</arg>
<doc>Click the element identified by ``locator``.</doc>
<status status="PASS" start="2025-03-28T17:04:55.060254" elapsed="0.451598"/>
</kw>
<status status="PASS" start="2025-03-28T17:04:52.712474" elapsed="2.800378"/>
</kw>
<status status="PASS" start="2025-03-28T17:04:52.710486" elapsed="2.802366"/>
</test>
<test id="s1-s3-t4" name="Verify if the user is able to rename the cart name" line="12">
<kw name="Rename the cart name" owner="CreateACart">
<kw name="Wait Until Element Is Visible" owner="SeleniumLibrary">
<arg>${cart_name_after_rename}</arg>
<arg>180</arg>
<doc>Waits until the element ``locator`` is visible.</doc>
<status status="PASS" start="2025-03-28T17:04:55.515852" elapsed="0.046933"/>
</kw>
<kw name="Wait Until Element Is Visible" owner="SeleniumLibrary">
<arg>${pencil_icon_curr_cart}</arg>
<arg>180</arg>
<doc>Waits until the element ``locator`` is visible.</doc>
<status status="PASS" start="2025-03-28T17:04:55.562785" elapsed="0.038293"/>
</kw>
<kw name="Highlight_Border" owner="GlobalResources">
<kw name="Catenate" owner="BuiltIn">
<msg time="2025-03-28T17:04:55.604093" level="INFO">${script} = document.evaluate("//div[@class='row']//div[@class='info infoCartName']//lightning-primitive-icon[@exportparts='icon']", document, null, XPathResult.FIRST_ORDERED_NODE_TYPE, null).singleNodeValue.styl...</msg>
<var>${script}</var>
<arg>SEPARATOR=</arg>
<arg>document.evaluate("${xpath.replace('"', '\\"')}", document, null, XPathResult.FIRST_ORDERED_NODE_TYPE, null).singleNodeValue.style.border = "${border_style}";</arg>
<doc>Catenates the given items together and returns the resulted string.</doc>
<status status="PASS" start="2025-03-28T17:04:55.602094" elapsed="0.001999"/>
</kw>
<kw name="Execute Javascript" owner="SeleniumLibrary">
<msg time="2025-03-28T17:04:55.605079" level="INFO">Executing JavaScript:
document.evaluate("//div[@class='row']//div[@class='info infoCartName']//lightning-primitive-icon[@exportparts='icon']", document, null, XPathResult.FIRST_ORDERED_NODE_TYPE, null).singleNodeValue.style.border = "2px solid green";
Without any arguments.</msg>
<arg>${script}</arg>
<doc>Executes the given JavaScript code with possible arguments.</doc>
<status status="PASS" start="2025-03-28T17:04:55.605079" elapsed="0.015181"/>
</kw>
<arg>${pencil_icon_curr_cart}</arg>
<status status="PASS" start="2025-03-28T17:04:55.601078" elapsed="0.019182"/>
</kw>
<kw name="Sleep" owner="BuiltIn">
<msg time="2025-03-28T17:04:58.621022" level="INFO">Slept 3 seconds.</msg>
<arg>3</arg>
<doc>Pauses the test executed for the given time.</doc>
<status status="PASS" start="2025-03-28T17:04:55.620882" elapsed="3.000140"/>
</kw>
<kw name="Click Element" owner="SeleniumLibrary">
<msg time="2025-03-28T17:04:58.622046" level="INFO">Clicking element '//div[@class='row']//div[@class='info infoCartName']//lightning-primitive-icon[@exportparts='icon']'.</msg>
<arg>${pencil_icon_curr_cart}</arg>
<doc>Click the element identified by ``locator``.</doc>
<status status="PASS" start="2025-03-28T17:04:58.622046" elapsed="0.186014"/>
</kw>
<kw name="Wait Until Element Is Visible" owner="SeleniumLibrary">
<arg>${rename_curr_cart_txt_box}</arg>
<arg>50</arg>
<doc>Waits until the element ``locator`` is visible.</doc>
<status status="PASS" start="2025-03-28T17:04:58.809062" elapsed="0.044484"/>
</kw>
<kw name="Highlight_Border" owner="GlobalResources">
<kw name="Catenate" owner="BuiltIn">
<msg time="2025-03-28T17:04:58.857497" level="INFO">${script} = document.evaluate("//input[contains(@id, 'input-')]", document, null, XPathResult.FIRST_ORDERED_NODE_TYPE, null).singleNodeValue.style.border = "2px solid green";</msg>
<var>${script}</var>
<arg>SEPARATOR=</arg>
<arg>document.evaluate("${xpath.replace('"', '\\"')}", document, null, XPathResult.FIRST_ORDERED_NODE_TYPE, null).singleNodeValue.style.border = "${border_style}";</arg>
<doc>Catenates the given items together and returns the resulted string.</doc>
<status status="PASS" start="2025-03-28T17:04:58.854545" elapsed="0.002952"/>
</kw>
<kw name="Execute Javascript" owner="SeleniumLibrary">
<msg time="2025-03-28T17:04:58.858554" level="INFO">Executing JavaScript:
document.evaluate("//input[contains(@id, 'input-')]", document, null, XPathResult.FIRST_ORDERED_NODE_TYPE, null).singleNodeValue.style.border = "2px solid green";
Without any arguments.</msg>
<arg>${script}</arg>
<doc>Executes the given JavaScript code with possible arguments.</doc>
<status status="PASS" start="2025-03-28T17:04:58.857497" elapsed="0.015664"/>
</kw>
<arg>${rename_curr_cart_txt_box}</arg>
<status status="PASS" start="2025-03-28T17:04:58.853546" elapsed="0.019615"/>
</kw>
<kw name="Click Element" owner="SeleniumLibrary">
<msg time="2025-03-28T17:04:58.874185" level="INFO">Clicking element '//input[contains(@id, 'input-')]'.</msg>
<arg>${rename_curr_cart_txt_box}</arg>
<doc>Click the element identified by ``locator``.</doc>
<status status="PASS" start="2025-03-28T17:04:58.873161" elapsed="0.162532"/>
</kw>
<kw name="Press Keys" owner="SeleniumLibrary">
<msg time="2025-03-28T17:04:59.038672" level="INFO">Sending key(s) ('CTRL+a', 'BACKSPACE') to //input[contains(@id, 'input-')] element.</msg>
<msg time="2025-03-28T17:04:59.355626" level="INFO">Pressing special key CONTROL down.</msg>
<msg time="2025-03-28T17:04:59.355626" level="INFO">Sending key a</msg>
<msg time="2025-03-28T17:04:59.355626" level="INFO">Releasing special key CONTROL.</msg>
<msg time="2025-03-28T17:04:59.379063" level="INFO">Pressing special key BACKSPACE to element.</msg>
<msg time="2025-03-28T17:04:59.379063" level="INFO">Releasing special key BACKSPACE.</msg>
<arg>${rename_curr_cart_txt_box}</arg>
<arg>CTRL+a</arg>
<arg>BACKSPACE</arg>
<doc>Simulates the user pressing key(s) to an element or on the active browser.</doc>
<status status="PASS" start="2025-03-28T17:04:59.036695" elapsed="0.364702"/>
</kw>
<kw name="Random_Cart_Name" owner="CreateACart">
<kw name="Generate Random String" owner="String">
<msg time="2025-03-28T17:04:59.403401" level="INFO">${random_num} = 6236</msg>
<var>${random_num}</var>
<arg>4</arg>
<arg>0123456789</arg>
<doc>Generates a string with a desired ``length`` from the given ``chars``.</doc>
<status status="PASS" start="2025-03-28T17:04:59.402400" elapsed="0.001001"/>
</kw>
<kw name="Set Variable" owner="BuiltIn">
<msg time="2025-03-28T17:04:59.403401" level="INFO">${random_cart} = Automation_test_6236</msg>
<var>${random_cart}</var>
<arg>Automation_test_${random_num}</arg>
<doc>Returns the given values which can then be assigned to a variables.</doc>
<status status="PASS" start="2025-03-28T17:04:59.403401" elapsed="0.000000"/>
</kw>
<return>
<value>${random_cart}</value>
<status status="PASS" start="2025-03-28T17:04:59.403401" elapsed="0.000000"/>
</return>
<msg time="2025-03-28T17:04:59.404399" level="INFO">${cart_name} = Automation_test_6236</msg>
<var>${cart_name}</var>
<status status="PASS" start="2025-03-28T17:04:59.402400" elapsed="0.001999"/>
</kw>
<kw name="Input Text" owner="SeleniumLibrary">
<msg time="2025-03-28T17:04:59.405459" level="INFO">Typing text 'Automation_test_6236' into text field '//input[contains(@id, 'input-')]'.</msg>
<arg>${rename_curr_cart_txt_box}</arg>
<arg>${cart_name}</arg>
<doc>Types the given ``text`` into the text field identified by ``locator``.</doc>
<status status="PASS" start="2025-03-28T17:04:59.405459" elapsed="0.300315"/>
</kw>
<status status="PASS" start="2025-03-28T17:04:55.515852" elapsed="4.189922"/>
</kw>
<status status="PASS" start="2025-03-28T17:04:55.514847" elapsed="4.191931"/>
</test>
<test id="s1-s3-t5" name="Verify if the user is able to save the cart name" line="14">
<kw name="Save the cart name" owner="CreateACart">
<kw name="Wait Until Element Is Visible" owner="SeleniumLibrary">
<arg>${save_cart_name}</arg>
<arg>180</arg>
<doc>Waits until the element ``locator`` is visible.</doc>
<status status="PASS" start="2025-03-28T17:04:59.710284" elapsed="0.061826"/>
</kw>
<kw name="Highlight_Border" owner="GlobalResources">
<kw name="Catenate" owner="BuiltIn">
<msg time="2025-03-28T17:04:59.775109" level="INFO">${script} = document.evaluate("//button[normalize-space()='Save']", document, null, XPathResult.FIRST_ORDERED_NODE_TYPE, null).singleNodeValue.style.border = "2px solid green";</msg>
<var>${script}</var>
<arg>SEPARATOR=</arg>
<arg>document.evaluate("${xpath.replace('"', '\\"')}", document, null, XPathResult.FIRST_ORDERED_NODE_TYPE, null).singleNodeValue.style.border = "${border_style}";</arg>
<doc>Catenates the given items together and returns the resulted string.</doc>
<status status="PASS" start="2025-03-28T17:04:59.773108" elapsed="0.002001"/>
</kw>
<kw name="Execute Javascript" owner="SeleniumLibrary">
<msg time="2025-03-28T17:04:59.777119" level="INFO">Executing JavaScript:
document.evaluate("//button[normalize-space()='Save']", document, null, XPathResult.FIRST_ORDERED_NODE_TYPE, null).singleNodeValue.style.border = "2px solid green";
Without any arguments.</msg>
<arg>${script}</arg>
<doc>Executes the given JavaScript code with possible arguments.</doc>
<status status="PASS" start="2025-03-28T17:04:59.776114" elapsed="0.015044"/>
</kw>
<arg>${save_cart_name}</arg>
<status status="PASS" start="2025-03-28T17:04:59.772110" elapsed="0.019048"/>
</kw>
<kw name="Click Element" owner="SeleniumLibrary">
<msg time="2025-03-28T17:04:59.792166" level="INFO">Clicking element '//button[normalize-space()='Save']'.</msg>
<arg>${save_cart_name}</arg>
<doc>Click the element identified by ``locator``.</doc>
<status status="PASS" start="2025-03-28T17:04:59.791158" elapsed="0.128484"/>
</kw>
<kw name="Wait Until Element Is Visible" owner="SeleniumLibrary">
<arg>${after_creating}</arg>
<arg>180</arg>
<doc>Waits until the element ``locator`` is visible.</doc>
<status status="PASS" start="2025-03-28T17:04:59.920692" elapsed="0.917282"/>
</kw>
<kw name="Highlight_Border" owner="GlobalResources">
<kw name="Catenate" owner="BuiltIn">
<msg time="2025-03-28T17:05:00.842137" level="INFO">${script} = document.evaluate("//div[@class='btnBox desktopView']//btn[@class='btn viewCartBtn'][normalize-space()='View Cart']", document, null, XPathResult.FIRST_ORDERED_NODE_TYPE, null).singleNodeValue.style.b...</msg>
<var>${script}</var>
<arg>SEPARATOR=</arg>
<arg>document.evaluate("${xpath.replace('"', '\\"')}", document, null, XPathResult.FIRST_ORDERED_NODE_TYPE, null).singleNodeValue.style.border = "${border_style}";</arg>
<doc>Catenates the given items together and returns the resulted string.</doc>
<status status="PASS" start="2025-03-28T17:05:00.840079" elapsed="0.002058"/>
</kw>
<kw name="Execute Javascript" owner="SeleniumLibrary">
<msg time="2025-03-28T17:05:00.843242" level="INFO">Executing JavaScript:
document.evaluate("//div[@class='btnBox desktopView']//btn[@class='btn viewCartBtn'][normalize-space()='View Cart']", document, null, XPathResult.FIRST_ORDERED_NODE_TYPE, null).singleNodeValue.style.border = "2px solid green";
Without any arguments.</msg>
<arg>${script}</arg>
<doc>Executes the given JavaScript code with possible arguments.</doc>
<status status="PASS" start="2025-03-28T17:05:00.842137" elapsed="0.012529"/>
</kw>
<arg>${view_cart_btn}</arg>
<status status="PASS" start="2025-03-28T17:05:00.837974" elapsed="0.016692"/>
</kw>
<kw name="Wait Until Element Is Visible" owner="SeleniumLibrary">
<arg>${view_cart_btn}</arg>
<arg>40</arg>
<doc>Waits until the element ``locator`` is visible.</doc>
<status status="PASS" start="2025-03-28T17:05:00.855673" elapsed="0.051325"/>
</kw>
<kw name="Click Element" owner="SeleniumLibrary">
<msg time="2025-03-28T17:05:00.908001" level="INFO">Clicking element '//div[@class='btnBox desktopView']//btn[@class='btn viewCartBtn'][normalize-space()='View Cart']'.</msg>
<arg>${view_cart_btn}</arg>
<doc>Click the element identified by ``locator``.</doc>
<status status="PASS" start="2025-03-28T17:05:00.908001" elapsed="0.142824"/>
</kw>
<kw name="Wait Until Element Is Visible" owner="SeleniumLibrary">
<arg>${daikin_logo}</arg>
<arg>120</arg>
<doc>Waits until the element ``locator`` is visible.</doc>
<status status="PASS" start="2025-03-28T17:05:01.051824" elapsed="0.034596"/>
</kw>
<kw name="Highlight_Border" owner="GlobalResources">
<kw name="Catenate" owner="BuiltIn">
<msg time="2025-03-28T17:05:01.090585" level="INFO">${script} = document.evaluate("//dxp_content_layout-site-logo[@class='lwc-440ckkrho00-host']//img[@class='lwc-6d0jmdgc6e8']", document, null, XPathResult.FIRST_ORDERED_NODE_TYPE, null).singleNodeValue.style.borde...</msg>
<var>${script}</var>
<arg>SEPARATOR=</arg>
<arg>document.evaluate("${xpath.replace('"', '\\"')}", document, null, XPathResult.FIRST_ORDERED_NODE_TYPE, null).singleNodeValue.style.border = "${border_style}";</arg>
<doc>Catenates the given items together and returns the resulted string.</doc>
<status status="PASS" start="2025-03-28T17:05:01.087422" elapsed="0.003163"/>
</kw>
<kw name="Execute Javascript" owner="SeleniumLibrary">
<msg time="2025-03-28T17:05:01.091591" level="INFO">Executing JavaScript:
document.evaluate("//dxp_content_layout-site-logo[@class='lwc-440ckkrho00-host']//img[@class='lwc-6d0jmdgc6e8']", document, null, XPathResult.FIRST_ORDERED_NODE_TYPE, null).singleNodeValue.style.border = "2px solid green";
Without any arguments.</msg>
<arg>${script}</arg>
<doc>Executes the given JavaScript code with possible arguments.</doc>
<status status="PASS" start="2025-03-28T17:05:01.091591" elapsed="0.011504"/>
</kw>
<arg>${daikin_logo}</arg>
<status status="PASS" start="2025-03-28T17:05:01.087422" elapsed="0.016672"/>
</kw>
<kw name="Click Element" owner="SeleniumLibrary">
<msg time="2025-03-28T17:05:01.104094" level="INFO">Clicking element '//dxp_content_layout-site-logo[@class='lwc-440ckkrho00-host']//img[@class='lwc-6d0jmdgc6e8']'.</msg>
<arg>${daikin_logo}</arg>
<doc>Click the element identified by ``locator``.</doc>
<status status="PASS" start="2025-03-28T17:05:01.104094" elapsed="0.167911"/>
</kw>
<status status="PASS" start="2025-03-28T17:04:59.709773" elapsed="1.563229"/>
</kw>
<status status="PASS" start="2025-03-28T17:04:59.708772" elapsed="1.564230"/>
</test>
<status status="PASS" start="2025-03-28T17:04:52.211702" elapsed="9.064318"/>
</suite>
<suite id="s1-s4" name="04 AddProductToCartTest" source="C:\Users\Shreshta.K\PycharmProjects\SalesforceEcom\Testcases\04_AddProductToCartTest.robot">
<test id="s1-s4-t1" name="Verify if the user is able to navigate to the parts page" line="6">
<kw name="Click on Parts Tab" owner="AddProductToCart">
<kw name="Wait Until Element Is Visible" owner="SeleniumLibrary">
<arg>${Search_bar}</arg>
<arg>180</arg>
<doc>Waits until the element ``locator`` is visible.</doc>
<status status="PASS" start="2025-03-28T17:05:01.302862" elapsed="0.037605"/>
</kw>
<kw name="Highlight_Border" owner="GlobalResources">
<kw name="Catenate" owner="BuiltIn">
<msg time="2025-03-28T17:05:01.343476" level="INFO">${script} = document.evaluate("//input[@class=\"searchInput\"]", document, null, XPathResult.FIRST_ORDERED_NODE_TYPE, null).singleNodeValue.style.border = "2px solid green";</msg>
<var>${script}</var>
<arg>SEPARATOR=</arg>
<arg>document.evaluate("${xpath.replace('"', '\\"')}", document, null, XPathResult.FIRST_ORDERED_NODE_TYPE, null).singleNodeValue.style.border = "${border_style}";</arg>
<doc>Catenates the given items together and returns the resulted string.</doc>
<status status="PASS" start="2025-03-28T17:05:01.341478" elapsed="0.001998"/>
</kw>
<kw name="Execute Javascript" owner="SeleniumLibrary">
<msg time="2025-03-28T17:05:01.344479" level="INFO">Executing JavaScript:
document.evaluate("//input[@class=\"searchInput\"]", document, null, XPathResult.FIRST_ORDERED_NODE_TYPE, null).singleNodeValue.style.border = "2px solid green";
Without any arguments.</msg>
<arg>${script}</arg>
<doc>Executes the given JavaScript code with possible arguments.</doc>
<status status="PASS" start="2025-03-28T17:05:01.343476" elapsed="0.012519"/>
</kw>
<arg>${Search_bar}</arg>
<status status="PASS" start="2025-03-28T17:05:01.340467" elapsed="0.015528"/>
</kw>
<kw name="Click Element" owner="SeleniumLibrary">
<msg time="2025-03-28T17:05:01.355995" level="INFO">Clicking element '//input[@class="searchInput"]'.</msg>
<arg>${Search_bar}</arg>
<doc>Click the element identified by ``locator``.</doc>
<status status="PASS" start="2025-03-28T17:05:01.355995" elapsed="0.159822"/>
</kw>
<kw name="Input Text" owner="SeleniumLibrary">
<msg time="2025-03-28T17:05:01.516812" level="INFO">Typing text '300049596' into text field '//input[@class="searchInput"]'.</msg>
<arg>${Search_bar}</arg>
<arg>${product_pn}</arg>
<doc>Types the given ``text`` into the text field identified by ``locator``.</doc>
<status status="PASS" start="2025-03-28T17:05:01.515817" elapsed="0.377049"/>
</kw>
<kw name="Wait Until Element Is Visible" owner="SeleniumLibrary">
<arg>${Search_btn}</arg>
<arg>180</arg>
<doc>Waits until the element ``locator`` is visible.</doc>
<status status="PASS" start="2025-03-28T17:05:01.892866" elapsed="0.082365"/>
</kw>
<kw name="Highlight_Border" owner="GlobalResources">
<kw name="Catenate" owner="BuiltIn">
<msg time="2025-03-28T17:05:01.977230" level="INFO">${script} = document.evaluate("//button[@class=\"btn\"]", document, null, XPathResult.FIRST_ORDERED_NODE_TYPE, null).singleNodeValue.style.border = "2px solid green";</msg>
<var>${script}</var>
<arg>SEPARATOR=</arg>
<arg>document.evaluate("${xpath.replace('"', '\\"')}", document, null, XPathResult.FIRST_ORDERED_NODE_TYPE, null).singleNodeValue.style.border = "${border_style}";</arg>
<doc>Catenates the given items together and returns the resulted string.</doc>
<status status="PASS" start="2025-03-28T17:05:01.975231" elapsed="0.001999"/>
</kw>
<kw name="Execute Javascript" owner="SeleniumLibrary">
<msg time="2025-03-28T17:05:01.978230" level="INFO">Executing JavaScript:
document.evaluate("//button[@class=\"btn\"]", document, null, XPathResult.FIRST_ORDERED_NODE_TYPE, null).singleNodeValue.style.border = "2px solid green";
Without any arguments.</msg>
<arg>${script}</arg>
<doc>Executes the given JavaScript code with possible arguments.</doc>
<status status="PASS" start="2025-03-28T17:05:01.977230" elapsed="0.009533"/>
</kw>
<arg>${Search_btn}</arg>
<status status="PASS" start="2025-03-28T17:05:01.975231" elapsed="0.011532"/>
</kw>
<kw name="Click Element" owner="SeleniumLibrary">
<msg time="2025-03-28T17:05:01.987761" level="INFO">Clicking element '//button[@class="btn"]'.</msg>
<arg>${Search_btn}</arg>
<doc>Click the element identified by ``locator``.</doc>
<status status="PASS" start="2025-03-28T17:05:01.987761" elapsed="0.125945"/>
</kw>
<status status="PASS" start="2025-03-28T17:05:01.302862" elapsed="0.810844"/>
</kw>
<status status="PASS" start="2025-03-28T17:05:01.300861" elapsed="0.813843"/>
</test>
<test id="s1-s4-t2" name="Verify if the user is able to navigate to PLP" line="8">
<kw name="Navigate to PLP" owner="AddProductToCart">
<kw name="Wait Until Element Is Visible" owner="SeleniumLibrary">
<arg>${Product_name_test}</arg>
<arg>180</arg>
<doc>Waits until the element ``locator`` is visible.</doc>
<status status="PASS" start="2025-03-28T17:05:02.117709" elapsed="4.403009"/>
</kw>
<kw name="Highlight_Border" owner="GlobalResources">
<kw name="Catenate" owner="BuiltIn">
<msg time="2025-03-28T17:05:06.523995" level="INFO">${script} = document.evaluate("//span[@class='prodName' and text()=\"FILTER AIR 24 X 24 X 2 DISPOSABLE PERFECT PLEAT SC MERV 8 (CASE=12)\"]", document, null, XPathResult.FIRST_ORDERED_NODE_TYPE, null).singleNodeV...</msg>
<var>${script}</var>
<arg>SEPARATOR=</arg>
<arg>document.evaluate("${xpath.replace('"', '\\"')}", document, null, XPathResult.FIRST_ORDERED_NODE_TYPE, null).singleNodeValue.style.border = "${border_style}";</arg>
<doc>Catenates the given items together and returns the resulted string.</doc>
<status status="PASS" start="2025-03-28T17:05:06.521980" elapsed="0.002015"/>
</kw>
<kw name="Execute Javascript" owner="SeleniumLibrary">
<msg time="2025-03-28T17:05:06.524996" level="INFO">Executing JavaScript:
document.evaluate("//span[@class='prodName' and text()=\"FILTER AIR 24 X 24 X 2 DISPOSABLE PERFECT PLEAT SC MERV 8 (CASE=12)\"]", document, null, XPathResult.FIRST_ORDERED_NODE_TYPE, null).singleNodeValue.style.border = "2px solid green";
Without any arguments.</msg>
<arg>${script}</arg>
<doc>Executes the given JavaScript code with possible arguments.</doc>
<status status="PASS" start="2025-03-28T17:05:06.523995" elapsed="0.017944"/>
</kw>
<arg>${Product_name_test}</arg>
<status status="PASS" start="2025-03-28T17:05:06.520718" elapsed="0.022217"/>
</kw>
<status status="PASS" start="2025-03-28T17:05:02.116707" elapsed="4.426228"/>
</kw>
<status status="PASS" start="2025-03-28T17:05:02.115711" elapsed="4.427224"/>
</test>
<test id="s1-s4-t3" name="Verify if the user is able to navigate to PDP" line="10">
<kw name="Navigate to PDP" owner="AddProductToCart">
<kw name="Click Element" owner="SeleniumLibrary">
<msg time="2025-03-28T17:05:06.547037" level="INFO">Clicking element '//span[@class='prodName' and text()="FILTER AIR 24 X 24 X 2 DISPOSABLE PERFECT PLEAT SC MERV 8 (CASE=12)"]'.</msg>
<arg>${Product_name_test}</arg>
<doc>Click the element identified by ``locator``.</doc>
<status status="PASS" start="2025-03-28T17:05:06.546037" elapsed="0.177656"/>
</kw>
<kw name="Wait Until Element Is Visible" owner="SeleniumLibrary">
<arg>${Product_Name_After_Adding_To_Cart}</arg>
<arg>180</arg>
<doc>Waits until the element ``locator`` is visible.</doc>
<status status="PASS" start="2025-03-28T17:05:06.723693" elapsed="2.900580"/>
</kw>
<kw name="Get Text" owner="SeleniumLibrary">
<msg time="2025-03-28T17:05:09.682788" level="INFO">${Product_Name} = FILTER AIR 24 X 24 X 2 DISPOSABLE PERFECT PLEAT SC MERV 8 (CASE=12)</msg>
<var>${Product_Name}</var>
<arg>${Product_Name_After_Adding_To_Cart}</arg>
<doc>Returns the text value of the element identified by ``locator``.</doc>
<status status="PASS" start="2025-03-28T17:05:09.625394" elapsed="0.057394"/>
</kw>
<kw name="Log To Console" owner="BuiltIn">
<arg>${Product_Name}</arg>
<doc>Logs the given message to the console.</doc>
<status status="PASS" start="2025-03-28T17:05:09.682788" elapsed="0.001085"/>
</kw>
<status status="PASS" start="2025-03-28T17:05:06.546037" elapsed="3.137836"/>
</kw>
<status status="PASS" start="2025-03-28T17:05:06.545036" elapsed="3.139743"/>
</test>
<test id="s1-s4-t4" name="Verify if the user is able to add a product to the cart" line="12">
<kw name="Add the product to the cart" owner="AddProductToCart">
<kw name="Wait Until Element Is Visible" owner="SeleniumLibrary">
<arg>${Add_To_Cart_PDP}</arg>
<arg>180</arg>
<doc>Waits until the element ``locator`` is visible.</doc>
<status status="PASS" start="2025-03-28T17:05:09.687779" elapsed="0.400464"/>
</kw>
<kw name="Highlight_Border" owner="GlobalResources">
<kw name="Catenate" owner="BuiltIn">
<msg time="2025-03-28T17:05:10.092980" level="INFO">${script} = document.evaluate("//button[normalize-space()='Add To Cart']", document, null, XPathResult.FIRST_ORDERED_NODE_TYPE, null).singleNodeValue.style.border = "2px solid green";</msg>
<var>${script}</var>
<arg>SEPARATOR=</arg>
<arg>document.evaluate("${xpath.replace('"', '\\"')}", document, null, XPathResult.FIRST_ORDERED_NODE_TYPE, null).singleNodeValue.style.border = "${border_style}";</arg>
<doc>Catenates the given items together and returns the resulted string.</doc>
<status status="PASS" start="2025-03-28T17:05:10.090876" elapsed="0.002104"/>
</kw>
<kw name="Execute Javascript" owner="SeleniumLibrary">
<msg time="2025-03-28T17:05:10.094877" level="INFO">Executing JavaScript:
document.evaluate("//button[normalize-space()='Add To Cart']", document, null, XPathResult.FIRST_ORDERED_NODE_TYPE, null).singleNodeValue.style.border = "2px solid green";
Without any arguments.</msg>
<arg>${script}</arg>
<doc>Executes the given JavaScript code with possible arguments.</doc>
<status status="PASS" start="2025-03-28T17:05:10.093933" elapsed="0.014229"/>
</kw>
<arg>${Add_To_Cart_PDP}</arg>
<status status="PASS" start="2025-03-28T17:05:10.089861" elapsed="0.018301"/>
</kw>
<kw name="Click Element" owner="SeleniumLibrary">
<msg time="2025-03-28T17:05:10.109627" level="INFO">Clicking element '//button[normalize-space()='Add To Cart']'.</msg>
<arg>${Add_To_Cart_PDP}</arg>
<doc>Click the element identified by ``locator``.</doc>
<status status="PASS" start="2025-03-28T17:05:10.109627" elapsed="0.199250"/>
</kw>
<status status="PASS" start="2025-03-28T17:05:09.687779" elapsed="0.621098"/>
</kw>
<status status="PASS" start="2025-03-28T17:05:09.685781" elapsed="0.624088"/>
</test>
<test id="s1-s4-t5" name="Verify if the user is able to navigate to the cart page" line="14">
<kw name="View the cart" owner="AddProductToCart">
<kw name="Wait Until Element Is Visible" owner="SeleniumLibrary">
<arg>${view_cart_popup}</arg>
<arg>180</arg>
<doc>Waits until the element ``locator`` is visible.</doc>
<status status="PASS" start="2025-03-28T17:05:10.312381" elapsed="2.025693"/>
</kw>
<kw name="Highlight_Border" owner="GlobalResources">
<kw name="Catenate" owner="BuiltIn">
<msg time="2025-03-28T17:05:12.342115" level="INFO">${script} = document.evaluate("//button[normalize-space()='VIEW CART']", document, null, XPathResult.FIRST_ORDERED_NODE_TYPE, null).singleNodeValue.style.border = "2px solid green";</msg>
<var>${script}</var>
<arg>SEPARATOR=</arg>
<arg>document.evaluate("${xpath.replace('"', '\\"')}", document, null, XPathResult.FIRST_ORDERED_NODE_TYPE, null).singleNodeValue.style.border = "${border_style}";</arg>
<doc>Catenates the given items together and returns the resulted string.</doc>
<status status="PASS" start="2025-03-28T17:05:12.340095" elapsed="0.002020"/>
</kw>
<kw name="Execute Javascript" owner="SeleniumLibrary">
<msg time="2025-03-28T17:05:12.343112" level="INFO">Executing JavaScript:
document.evaluate("//button[normalize-space()='VIEW CART']", document, null, XPathResult.FIRST_ORDERED_NODE_TYPE, null).singleNodeValue.style.border = "2px solid green";
Without any arguments.</msg>
<arg>${script}</arg>
<doc>Executes the given JavaScript code with possible arguments.</doc>
<status status="PASS" start="2025-03-28T17:05:12.343112" elapsed="0.014798"/>
</kw>
<arg>${view_cart_popup}</arg>
<status status="PASS" start="2025-03-28T17:05:12.338074" elapsed="0.019836"/>
</kw>
<kw name="Click Element" owner="SeleniumLibrary">
<msg time="2025-03-28T17:05:12.358914" level="INFO">Clicking element '//button[normalize-space()='VIEW CART']'.</msg>
<arg>${view_cart_popup}</arg>
<doc>Click the element identified by ``locator``.</doc>
<status status="PASS" start="2025-03-28T17:05:12.357910" elapsed="0.169079"/>
</kw>
<kw name="Wait Until Element Is Visible" owner="SeleniumLibrary">
<arg>${Product_Name_In_Cart}</arg>
<arg>180</arg>
<doc>Waits until the element ``locator`` is visible.</doc>
<status status="PASS" start="2025-03-28T17:05:12.527991" elapsed="3.063930"/>
</kw>
<kw name="Get Text" owner="SeleniumLibrary">
<msg time="2025-03-28T17:05:15.627449" level="INFO">${Prod_validation} = FILTER AIR 24 X 24 X 2 DISPOSABLE PERFECT PLEAT SC MERV 8 (CASE=12)</msg>
<var>${Prod_validation}</var>
<arg>${Product_Name_In_Cart}</arg>
<doc>Returns the text value of the element identified by ``locator``.</doc>
<status status="PASS" start="2025-03-28T17:05:15.591921" elapsed="0.036133"/>
</kw>
<kw name="Log To Console" owner="BuiltIn">
<arg>${Prod_validation}</arg>
<doc>Logs the given message to the console.</doc>
<status status="PASS" start="2025-03-28T17:05:15.628446" elapsed="0.000000"/>
</kw>
<kw name="Should Be Equal" owner="BuiltIn">
<arg>${Prod_validation}</arg>
<arg>${product_name}</arg>
<doc>Fails if the given objects are unequal.</doc>
<status status="PASS" start="2025-03-28T17:05:15.629458" elapsed="0.000522"/>
</kw>
<kw name="Log To Console" owner="BuiltIn">
<arg>Product Name validation Pass</arg>
<doc>Logs the given message to the console.</doc>
<status status="PASS" start="2025-03-28T17:05:15.629980" elapsed="0.001020"/>
</kw>
<kw name="Wait Until Element Is Visible" owner="SeleniumLibrary">
<arg>${Product_PN_In_Cart}</arg>
<arg>100</arg>
<doc>Waits until the element ``locator`` is visible.</doc>
<status status="PASS" start="2025-03-28T17:05:15.631000" elapsed="0.047262"/>
</kw>
<kw name="Get Text" owner="SeleniumLibrary">
<msg time="2025-03-28T17:05:16.927515" level="INFO">${pn_validation} = 300049596</msg>
<var>${pn_validation}</var>
<arg>${Product_PN_In_Cart}</arg>
<doc>Returns the text value of the element identified by ``locator``.</doc>
<status status="PASS" start="2025-03-28T17:05:15.678262" elapsed="1.249253"/>
</kw>
<kw name="Should Be Equal" owner="BuiltIn">
<arg>${pn_validation}</arg>
<arg>${product_pn}</arg>
<doc>Fails if the given objects are unequal.</doc>
<status status="PASS" start="2025-03-28T17:05:16.928515" elapsed="0.000000"/>
</kw>
<kw name="Log To Console" owner="BuiltIn">
<arg>PN Validation Pass</arg>
<doc>Logs the given message to the console.</doc>
<status status="PASS" start="2025-03-28T17:05:16.929515" elapsed="0.000513"/>
</kw>
<kw name="Wait Until Element Is Visible" owner="SeleniumLibrary">
<arg>${Product_Price_in_cart}</arg>
<arg>100</arg>
<doc>Waits until the element ``locator`` is visible.</doc>
<status status="PASS" start="2025-03-28T17:05:16.930028" elapsed="0.042079"/>
</kw>
<kw name="Get Text" owner="SeleniumLibrary">
<msg time="2025-03-28T17:05:17.005666" level="INFO">${price_validation} = $38.28</msg>
<var>${price_validation}</var>
<arg>${Product_Price_in_cart}</arg>
<doc>Returns the text value of the element identified by ``locator``.</doc>
<status status="PASS" start="2025-03-28T17:05:16.973103" elapsed="0.032563"/>
</kw>
<kw name="Should Be Equal" owner="BuiltIn">
<arg>${price_validation}</arg>
<arg>${product_price}</arg>
<doc>Fails if the given objects are unequal.</doc>
<status status="PASS" start="2025-03-28T17:05:17.005666" elapsed="0.000997"/>
</kw>
<kw name="Log To Console" owner="BuiltIn">
<arg>Price validation pass</arg>
<doc>Logs the given message to the console.</doc>
<status status="PASS" start="2025-03-28T17:05:17.006663" elapsed="0.000000"/>
</kw>
<status status="PASS" start="2025-03-28T17:05:10.312381" elapsed="6.695286"/>
</kw>
<status status="PASS" start="2025-03-28T17:05:10.311382" elapsed="6.696285"/>
</test>
<status status="PASS" start="2025-03-28T17:05:01.279453" elapsed="15.730446"/>
</suite>
<suite id="s1-s5" name="05 EmergencyOrderTest" source="C:\Users\Shreshta.K\PycharmProjects\SalesforceEcom\Testcases\05_EmergencyOrderTest.robot">
<test id="s1-s5-t1" name="Verify if the user is able to add an emergency product into cart" line="6">
<kw name="Search For The Emergency Product" owner="EmergencyOrder">
<kw name="Wait Until Element Is Visible" owner="SeleniumLibrary">
<arg>${daikin_logo}</arg>
<arg>180</arg>
<doc>Waits until the element ``locator`` is visible.</doc>
<status status="PASS" start="2025-03-28T17:05:17.068295" elapsed="0.036416"/>
</kw>
<kw name="Highlight_Border" owner="GlobalResources">
<kw name="Catenate" owner="BuiltIn">
<msg time="2025-03-28T17:05:17.108714" level="INFO">${script} = document.evaluate("//dxp_content_layout-site-logo[@class='lwc-440ckkrho00-host']//img[@class='lwc-6d0jmdgc6e8']", document, null, XPathResult.FIRST_ORDERED_NODE_TYPE, null).singleNodeValue.style.borde...</msg>
<var>${script}</var>
<arg>SEPARATOR=</arg>
<arg>document.evaluate("${xpath.replace('"', '\\"')}", document, null, XPathResult.FIRST_ORDERED_NODE_TYPE, null).singleNodeValue.style.border = "${border_style}";</arg>
<doc>Catenates the given items together and returns the resulted string.</doc>
<status status="PASS" start="2025-03-28T17:05:17.105601" elapsed="0.003113"/>
</kw>
<kw name="Execute Javascript" owner="SeleniumLibrary">
<msg time="2025-03-28T17:05:17.110348" level="INFO">Executing JavaScript:
document.evaluate("//dxp_content_layout-site-logo[@class='lwc-440ckkrho00-host']//img[@class='lwc-6d0jmdgc6e8']", document, null, XPathResult.FIRST_ORDERED_NODE_TYPE, null).singleNodeValue.style.border = "2px solid green";
Without any arguments.</msg>
<arg>${script}</arg>
<doc>Executes the given JavaScript code with possible arguments.</doc>
<status status="PASS" start="2025-03-28T17:05:17.108714" elapsed="0.014135"/>
</kw>
<arg>${daikin_logo}</arg>
<status status="PASS" start="2025-03-28T17:05:17.105601" elapsed="0.017248"/>
</kw>
<kw name="Sleep" owner="BuiltIn">
<msg time="2025-03-28T17:05:20.124461" level="INFO">Slept 3 seconds.</msg>
<arg>3</arg>
<doc>Pauses the test executed for the given time.</doc>
<status status="PASS" start="2025-03-28T17:05:17.123848" elapsed="3.000613"/>
</kw>
<kw name="Click Element" owner="SeleniumLibrary">
<msg time="2025-03-28T17:05:20.124461" level="INFO">Clicking element '//dxp_content_layout-site-logo[@class='lwc-440ckkrho00-host']//img[@class='lwc-6d0jmdgc6e8']'.</msg>
<arg>${daikin_logo}</arg>
<doc>Click the element identified by ``locator``.</doc>
<status status="PASS" start="2025-03-28T17:05:20.124461" elapsed="0.179375"/>
</kw>
<kw name="Wait Until Element Is Visible" owner="SeleniumLibrary">
<arg>${Search_bar}</arg>
<arg>100</arg>
<doc>Waits until the element ``locator`` is visible.</doc>
<status status="PASS" start="2025-03-28T17:05:20.303836" elapsed="0.035773"/>
</kw>
<kw name="Highlight_Border" owner="GlobalResources">
<kw name="Catenate" owner="BuiltIn">
<msg time="2025-03-28T17:05:20.343272" level="INFO">${script} = document.evaluate("//input[@class=\"searchInput\"]", document, null, XPathResult.FIRST_ORDERED_NODE_TYPE, null).singleNodeValue.style.border = "2px solid green";</msg>
<var>${script}</var>
<arg>SEPARATOR=</arg>
<arg>document.evaluate("${xpath.replace('"', '\\"')}", document, null, XPathResult.FIRST_ORDERED_NODE_TYPE, null).singleNodeValue.style.border = "${border_style}";</arg>
<doc>Catenates the given items together and returns the resulted string.</doc>
<status status="PASS" start="2025-03-28T17:05:20.339609" elapsed="0.003663"/>
</kw>
<kw name="Execute Javascript" owner="SeleniumLibrary">
<msg time="2025-03-28T17:05:20.343272" level="INFO">Executing JavaScript:
document.evaluate("//input[@class=\"searchInput\"]", document, null, XPathResult.FIRST_ORDERED_NODE_TYPE, null).singleNodeValue.style.border = "2px solid green";
Without any arguments.</msg>
<arg>${script}</arg>
<doc>Executes the given JavaScript code with possible arguments.</doc>
<status status="PASS" start="2025-03-28T17:05:20.343272" elapsed="0.014006"/>
</kw>
<arg>${Search_bar}</arg>
<status status="PASS" start="2025-03-28T17:05:20.339609" elapsed="0.017669"/>
</kw>
<kw name="Sleep" owner="BuiltIn">
<msg time="2025-03-28T17:05:23.361956" level="INFO">Slept 3 seconds.</msg>
<arg>3</arg>
<doc>Pauses the test executed for the given time.</doc>
<status status="PASS" start="2025-03-28T17:05:20.359903" elapsed="3.002053"/>
</kw>
<kw name="Click Element" owner="SeleniumLibrary">
<msg time="2025-03-28T17:05:23.361956" level="INFO">Clicking element '//input[@class="searchInput"]'.</msg>
<arg>${Search_bar}</arg>
<doc>Click the element identified by ``locator``.</doc>
<status status="PASS" start="2025-03-28T17:05:23.361956" elapsed="0.150936"/>
</kw>
<kw name="Input Text" owner="SeleniumLibrary">
<msg time="2025-03-28T17:05:23.514906" level="INFO">Typing text '300069509' into text field '//input[@class="searchInput"]'.</msg>
<arg>${Search_bar}</arg>
<arg>${emergency_product_pn}</arg>
<doc>Types the given ``text`` into the text field identified by ``locator``.</doc>
<status status="PASS" start="2025-03-28T17:05:23.514906" elapsed="0.254069"/>
</kw>
<kw name="Wait Until Element Is Visible" owner="SeleniumLibrary">
<arg>${Search_btn}</arg>
<arg>100</arg>
<doc>Waits until the element ``locator`` is visible.</doc>
<status status="PASS" start="2025-03-28T17:05:23.769479" elapsed="0.030517"/>
</kw>
<kw name="Highlight_Border" owner="GlobalResources">
<kw name="Catenate" owner="BuiltIn">
<msg time="2025-03-28T17:05:23.804348" level="INFO">${script} = document.evaluate("//button[@class=\"btn\"]", document, null, XPathResult.FIRST_ORDERED_NODE_TYPE, null).singleNodeValue.style.border = "2px solid green";</msg>
<var>${script}</var>
<arg>SEPARATOR=</arg>
<arg>document.evaluate("${xpath.replace('"', '\\"')}", document, null, XPathResult.FIRST_ORDERED_NODE_TYPE, null).singleNodeValue.style.border = "${border_style}";</arg>
<doc>Catenates the given items together and returns the resulted string.</doc>
<status status="PASS" start="2025-03-28T17:05:23.801757" elapsed="0.002591"/>
</kw>
<kw name="Execute Javascript" owner="SeleniumLibrary">
<msg time="2025-03-28T17:05:23.804348" level="INFO">Executing JavaScript:
document.evaluate("//button[@class=\"btn\"]", document, null, XPathResult.FIRST_ORDERED_NODE_TYPE, null).singleNodeValue.style.border = "2px solid green";
Without any arguments.</msg>
<arg>${script}</arg>
<doc>Executes the given JavaScript code with possible arguments.</doc>
<status status="PASS" start="2025-03-28T17:05:23.804348" elapsed="0.013696"/>
</kw>
<arg>${Search_btn}</arg>
<status status="PASS" start="2025-03-28T17:05:23.799996" elapsed="0.018048"/>
</kw>
<kw name="Sleep" owner="BuiltIn">
<msg time="2025-03-28T17:05:26.820200" level="INFO">Slept 3 seconds.</msg>
<arg>3</arg>
<doc>Pauses the test executed for the given time.</doc>
<status status="PASS" start="2025-03-28T17:05:23.819675" elapsed="3.001131"/>
</kw>
<kw name="Click Element" owner="SeleniumLibrary">
<msg time="2025-03-28T17:05:26.821129" level="INFO">Clicking element '//button[@class="btn"]'.</msg>
<arg>${Search_btn}</arg>
<doc>Click the element identified by ``locator``.</doc>
<status status="PASS" start="2025-03-28T17:05:26.821129" elapsed="0.140992"/>
</kw>
<status status="PASS" start="2025-03-28T17:05:17.068295" elapsed="9.893826"/>
</kw>
<kw name="Add The Emergency Product To The Cart" owner="EmergencyOrder">
<kw name="Wait Until Element Is Visible" owner="SeleniumLibrary">
<arg>${emergency_product_name}</arg>
<arg>100</arg>
<doc>Waits until the element ``locator`` is visible.</doc>
<status status="PASS" start="2025-03-28T17:05:26.962121" elapsed="2.049017"/>
</kw>
<kw name="Highlight_Border" owner="GlobalResources">
<kw name="Catenate" owner="BuiltIn">
<msg time="2025-03-28T17:05:29.011138" level="INFO">${script} = document.evaluate("//span[@class=\"prodName\" and text()=\"UV LIGHT ASSEMBLY 21\"]", document, null, XPathResult.FIRST_ORDERED_NODE_TYPE, null).singleNodeValue.style.border = "2px solid green";</msg>
<var>${script}</var>
<arg>SEPARATOR=</arg>
<arg>document.evaluate("${xpath.replace('"', '\\"')}", document, null, XPathResult.FIRST_ORDERED_NODE_TYPE, null).singleNodeValue.style.border = "${border_style}";</arg>
<doc>Catenates the given items together and returns the resulted string.</doc>
<status status="PASS" start="2025-03-28T17:05:29.011138" elapsed="0.000000"/>
</kw>
<kw name="Execute Javascript" owner="SeleniumLibrary">
<msg time="2025-03-28T17:05:29.020363" level="INFO">Executing JavaScript:
document.evaluate("//span[@class=\"prodName\" and text()=\"UV LIGHT ASSEMBLY 21\"]", document, null, XPathResult.FIRST_ORDERED_NODE_TYPE, null).singleNodeValue.style.border = "2px solid green";
Without any arguments.</msg>
<arg>${script}</arg>
<doc>Executes the given JavaScript code with possible arguments.</doc>
<status status="PASS" start="2025-03-28T17:05:29.011138" elapsed="0.025897"/>
</kw>
<arg>${emergency_product_name}</arg>
<status status="PASS" start="2025-03-28T17:05:29.011138" elapsed="0.025897"/>
</kw>
<kw name="Sleep" owner="BuiltIn">
<msg time="2025-03-28T17:05:32.039154" level="INFO">Slept 3 seconds.</msg>
<arg>3</arg>
<doc>Pauses the test executed for the given time.</doc>
<status status="PASS" start="2025-03-28T17:05:29.037035" elapsed="3.002119"/>
</kw>
<kw name="Click Element" owner="SeleniumLibrary">
<msg time="2025-03-28T17:05:32.039154" level="INFO">Clicking element '//span[@class="prodName" and text()="UV LIGHT ASSEMBLY 21"]'.</msg>
<arg>${emergency_product_name}</arg>
<doc>Click the element identified by ``locator``.</doc>
<status status="PASS" start="2025-03-28T17:05:32.039154" elapsed="0.343043"/>
</kw>
<kw name="Wait Until Element Is Visible" owner="SeleniumLibrary">
<arg>${Add_To_cart_btn}</arg>
<arg>180</arg>
<doc>Waits until the element ``locator`` is visible.</doc>
<status status="PASS" start="2025-03-28T17:05:32.382197" elapsed="1.094041"/>
</kw>
<kw name="Highlight_Border" owner="GlobalResources">
<kw name="Catenate" owner="BuiltIn">
<msg time="2025-03-28T17:05:33.484697" level="INFO">${script} = document.evaluate("//button[@title=\"Add to Cart\"]", document, null, XPathResult.FIRST_ORDERED_NODE_TYPE, null).singleNodeValue.style.border = "2px solid green";</msg>
<var>${script}</var>
<arg>SEPARATOR=</arg>
<arg>document.evaluate("${xpath.replace('"', '\\"')}", document, null, XPathResult.FIRST_ORDERED_NODE_TYPE, null).singleNodeValue.style.border = "${border_style}";</arg>
<doc>Catenates the given items together and returns the resulted string.</doc>
<status status="PASS" start="2025-03-28T17:05:33.476238" elapsed="0.008459"/>
</kw>
<kw name="Execute Javascript" owner="SeleniumLibrary">
<msg time="2025-03-28T17:05:33.484697" level="INFO">Executing JavaScript:
document.evaluate("//button[@title=\"Add to Cart\"]", document, null, XPathResult.FIRST_ORDERED_NODE_TYPE, null).singleNodeValue.style.border = "2px solid green";
Without any arguments.</msg>
<arg>${script}</arg>
<doc>Executes the given JavaScript code with possible arguments.</doc>
<status status="PASS" start="2025-03-28T17:05:33.484697" elapsed="0.016495"/>
</kw>
<arg>${Add_To_cart_btn}</arg>
<status status="PASS" start="2025-03-28T17:05:33.476238" elapsed="0.024954"/>
</kw>
<kw name="Sleep" owner="BuiltIn">
[...]
<msg time="2025-03-28T17:05:55.504535" level="INFO">Clicking element '//label[span[text()='I Agree to Terms &amp; Conditions']]/span[@part='indicator']'.</msg>
<arg>${I_agree_to_terms_and_conditions_chkBox}</arg>
<doc>Click the element identified by ``locator``.</doc>
<status status="PASS" start="2025-03-28T17:05:55.504535" elapsed="0.069109"/>
</kw>
<kw name="Scroll Element Into View" owner="SeleniumLibrary">
<arg>${Submit_btn}</arg>
<doc>Scrolls the element identified by ``locator`` into view.</doc>
<status status="PASS" start="2025-03-28T17:05:55.573644" elapsed="0.288344"/>
</kw>
<kw name="Wait Until Element Is Visible" owner="SeleniumLibrary">
<arg>${Submit_btn}</arg>
<arg>20</arg>
<doc>Waits until the element ``locator`` is visible.</doc>
<status status="PASS" start="2025-03-28T17:05:55.861988" elapsed="0.025395"/>
</kw>
<kw name="Click Element" owner="SeleniumLibrary">
<msg time="2025-03-28T17:05:55.887383" level="INFO">Clicking element '//button[@aria-label='Save'and text()='Submit']'.</msg>
<arg>${Submit_btn}</arg>
<doc>Click the element identified by ``locator``.</doc>
<status status="PASS" start="2025-03-28T17:05:55.887383" elapsed="0.110396"/>
</kw>
<kw name="Wait Until Element Is Visible" owner="SeleniumLibrary">
<arg>${View_Emergency_Order_btn}</arg>
<arg>180</arg>
<doc>Waits until the element ``locator`` is visible.</doc>
<status status="PASS" start="2025-03-28T17:05:55.997779" elapsed="1.361804"/>
</kw>
<kw name="Click Element" owner="SeleniumLibrary">
<msg time="2025-03-28T17:05:57.359583" level="INFO">Clicking element '//div[@class='mobile-hide']//button[@title='DEmergency Order'][normalize-space()='View Emergency Order']'.</msg>
<arg>${View_Emergency_Order_btn}</arg>
<doc>Click the element identified by ``locator``.</doc>
<status status="PASS" start="2025-03-28T17:05:57.359583" elapsed="0.143613"/>
</kw>
<status status="PASS" start="2025-03-28T17:05:50.316505" elapsed="7.186691"/>
</kw>
<status status="PASS" start="2025-03-28T17:05:50.314477" elapsed="7.188719"/>
</test>
<status status="PASS" start="2025-03-28T17:05:17.011916" elapsed="40.491280"/>
</suite>
<suite id="s1-s6" name="06 CheckoutTest" source="C:\Users\Shreshta.K\PycharmProjects\SalesforceEcom\Testcases\06_CheckoutTest.robot">
<test id="s1-s6-t1" name="Verify if the user is able to checkout" line="6">
<kw name="Click On Checkout Button" owner="Checkout">
<kw name="Wait Until Element Is Visible" owner="SeleniumLibrary">
<arg>${checkout_btn}</arg>
<arg>180</arg>
<doc>Waits until the element ``locator`` is visible.</doc>
<status status="PASS" start="2025-03-28T17:05:57.554053" elapsed="0.043658"/>
</kw>
<kw name="Highlight_Border" owner="GlobalResources">
<kw name="Catenate" owner="BuiltIn">
<msg time="2025-03-28T17:05:57.602078" level="INFO">${script} = document.evaluate("//button[normalize-space()='Checkout']", document, null, XPathResult.FIRST_ORDERED_NODE_TYPE, null).singleNodeValue.style.border = "2px solid green";</msg>
<var>${script}</var>
<arg>SEPARATOR=</arg>
<arg>document.evaluate("${xpath.replace('"', '\\"')}", document, null, XPathResult.FIRST_ORDERED_NODE_TYPE, null).singleNodeValue.style.border = "${border_style}";</arg>
<doc>Catenates the given items together and returns the resulted string.</doc>
<status status="PASS" start="2025-03-28T17:05:57.597711" elapsed="0.004367"/>
</kw>
<kw name="Execute Javascript" owner="SeleniumLibrary">
<msg time="2025-03-28T17:05:57.604291" level="INFO">Executing JavaScript:
document.evaluate("//button[normalize-space()='Checkout']", document, null, XPathResult.FIRST_ORDERED_NODE_TYPE, null).singleNodeValue.style.border = "2px solid green";
Without any arguments.</msg>
<arg>${script}</arg>
<doc>Executes the given JavaScript code with possible arguments.</doc>
<status status="PASS" start="2025-03-28T17:05:57.602078" elapsed="0.016572"/>
</kw>
<arg>${checkout_btn}</arg>
<status status="PASS" start="2025-03-28T17:05:57.597711" elapsed="0.020939"/>
</kw>
<kw name="Click Element" owner="SeleniumLibrary">
<msg time="2025-03-28T17:05:57.618650" level="INFO">Clicking element '//button[normalize-space()='Checkout']'.</msg>
<arg>${checkout_btn}</arg>
<doc>Click the element identified by ``locator``.</doc>
<status status="PASS" start="2025-03-28T17:05:57.618650" elapsed="0.308734"/>
</kw>
<status status="PASS" start="2025-03-28T17:05:57.554053" elapsed="0.373331"/>
</kw>
<status status="PASS" start="2025-03-28T17:05:57.554053" elapsed="0.373331"/>
</test>
<test id="s1-s6-t2" name="Verify if the user is able to Select the shipping address" line="8">
<kw name="Select the Shipping Address" owner="Checkout">
<kw name="Wait Until Element Is Visible" owner="SeleniumLibrary">
<arg>${Proceed_btn}</arg>
<arg>180</arg>
<doc>Waits until the element ``locator`` is visible.</doc>
<status status="PASS" start="2025-03-28T17:05:57.927384" elapsed="2.196705"/>
</kw>
<kw name="Highlight_Border" owner="GlobalResources">
<kw name="Catenate" owner="BuiltIn">
<msg time="2025-03-28T17:06:00.124089" level="INFO">${script} = document.evaluate("//button[normalize-space()='Proceed']", document, null, XPathResult.FIRST_ORDERED_NODE_TYPE, null).singleNodeValue.style.border = "2px solid green";</msg>
<var>${script}</var>
<arg>SEPARATOR=</arg>
<arg>document.evaluate("${xpath.replace('"', '\\"')}", document, null, XPathResult.FIRST_ORDERED_NODE_TYPE, null).singleNodeValue.style.border = "${border_style}";</arg>
<doc>Catenates the given items together and returns the resulted string.</doc>
<status status="PASS" start="2025-03-28T17:06:00.124089" elapsed="0.000000"/>
</kw>
<kw name="Execute Javascript" owner="SeleniumLibrary">
<msg time="2025-03-28T17:06:00.124089" level="INFO">Executing JavaScript:
document.evaluate("//button[normalize-space()='Proceed']", document, null, XPathResult.FIRST_ORDERED_NODE_TYPE, null).singleNodeValue.style.border = "2px solid green";
Without any arguments.</msg>
<arg>${script}</arg>
<doc>Executes the given JavaScript code with possible arguments.</doc>
<status status="PASS" start="2025-03-28T17:06:00.124089" elapsed="0.018015"/>
</kw>
<arg>${Proceed_btn}</arg>
<status status="PASS" start="2025-03-28T17:06:00.124089" elapsed="0.018015"/>
</kw>
<kw name="Scroll Element Into View" owner="SeleniumLibrary">
<arg>${Proceed_btn}</arg>
<doc>Scrolls the element identified by ``locator`` into view.</doc>
<status status="PASS" start="2025-03-28T17:06:00.142104" elapsed="0.302267"/>
</kw>
<kw name="Click Element" owner="SeleniumLibrary">
<msg time="2025-03-28T17:06:00.444371" level="INFO">Clicking element '//button[normalize-space()='Proceed']'.</msg>
<arg>${Proceed_btn}</arg>
<doc>Click the element identified by ``locator``.</doc>
<status status="PASS" start="2025-03-28T17:06:00.444371" elapsed="0.170111"/>
</kw>
<status status="PASS" start="2025-03-28T17:05:57.927384" elapsed="2.687098"/>
</kw>
<status status="PASS" start="2025-03-28T17:05:57.927384" elapsed="2.691419"/>
</test>
<test id="s1-s6-t3" name="Verify if the user is able to enter the Account information" line="10">
<kw name="Enter The Account Information" owner="Checkout">
<kw name="Wait Until Element Is Visible" owner="SeleniumLibrary">
<arg>${name_last}</arg>
<arg>180</arg>
<doc>Waits until the element ``locator`` is visible.</doc>
<status status="PASS" start="2025-03-28T17:06:00.622170" elapsed="3.066917"/>
</kw>
<kw name="Highlight_Border" owner="GlobalResources">
<kw name="Catenate" owner="BuiltIn">
<msg time="2025-03-28T17:06:03.689087" level="INFO">${script} = document.evaluate("//input[@name=\"firstName\"]", document, null, XPathResult.FIRST_ORDERED_NODE_TYPE, null).singleNodeValue.style.border = "2px solid green";</msg>
<var>${script}</var>
<arg>SEPARATOR=</arg>
<arg>document.evaluate("${xpath.replace('"', '\\"')}", document, null, XPathResult.FIRST_ORDERED_NODE_TYPE, null).singleNodeValue.style.border = "${border_style}";</arg>
<doc>Catenates the given items together and returns the resulted string.</doc>
<status status="PASS" start="2025-03-28T17:06:03.689087" elapsed="0.000000"/>
</kw>
<kw name="Execute Javascript" owner="SeleniumLibrary">
<msg time="2025-03-28T17:06:03.689087" level="INFO">Executing JavaScript:
document.evaluate("//input[@name=\"firstName\"]", document, null, XPathResult.FIRST_ORDERED_NODE_TYPE, null).singleNodeValue.style.border = "2px solid green";
Without any arguments.</msg>
<arg>${script}</arg>
<doc>Executes the given JavaScript code with possible arguments.</doc>
<status status="PASS" start="2025-03-28T17:06:03.689087" elapsed="0.015197"/>
</kw>
<arg>${name_first}</arg>
<status status="PASS" start="2025-03-28T17:06:03.689087" elapsed="0.015197"/>
</kw>
<kw name="Click Element" owner="SeleniumLibrary">
<msg time="2025-03-28T17:06:03.704284" level="INFO">Clicking element '//input[@name="firstName"]'.</msg>
<arg>${name_first}</arg>
<doc>Click the element identified by ``locator``.</doc>
<status status="PASS" start="2025-03-28T17:06:03.704284" elapsed="0.184822"/>
</kw>
<kw name="Generate Random String" owner="String">
<msg time="2025-03-28T17:06:03.889106" level="INFO">${firstname} = kkxdmprb</msg>
<var>${firstname}</var>
<arg>8</arg>
<arg>[LOWER]</arg>
<doc>Generates a string with a desired ``length`` from the given ``chars``.</doc>
<status status="PASS" start="2025-03-28T17:06:03.889106" elapsed="0.000000"/>
</kw>
<kw name="Input Text" owner="SeleniumLibrary">
<msg time="2025-03-28T17:06:03.889106" level="INFO">Typing text 'kkxdmprb' into text field '//input[@name="firstName"]'.</msg>
<arg>${name_first}</arg>
<arg>${firstname}</arg>
<doc>Types the given ``text`` into the text field identified by ``locator``.</doc>
<status status="PASS" start="2025-03-28T17:06:03.889106" elapsed="0.220963"/>
</kw>
<kw name="Wait Until Element Is Visible" owner="SeleniumLibrary">
<arg>${name_last}</arg>
<arg>180</arg>
<doc>Waits until the element ``locator`` is visible.</doc>
<status status="PASS" start="2025-03-28T17:06:04.110069" elapsed="0.032141"/>
</kw>
<kw name="Highlight_Border" owner="GlobalResources">
<kw name="Catenate" owner="BuiltIn">
<msg time="2025-03-28T17:06:04.142210" level="INFO">${script} = document.evaluate("//input[@name=\"lastName\"]", document, null, XPathResult.FIRST_ORDERED_NODE_TYPE, null).singleNodeValue.style.border = "2px solid green";</msg>
<var>${script}</var>
<arg>SEPARATOR=</arg>
<arg>document.evaluate("${xpath.replace('"', '\\"')}", document, null, XPathResult.FIRST_ORDERED_NODE_TYPE, null).singleNodeValue.style.border = "${border_style}";</arg>
<doc>Catenates the given items together and returns the resulted string.</doc>
<status status="PASS" start="2025-03-28T17:06:04.142210" elapsed="0.000000"/>
</kw>
<kw name="Execute Javascript" owner="SeleniumLibrary">
<msg time="2025-03-28T17:06:04.142210" level="INFO">Executing JavaScript:
document.evaluate("//input[@name=\"lastName\"]", document, null, XPathResult.FIRST_ORDERED_NODE_TYPE, null).singleNodeValue.style.border = "2px solid green";
Without any arguments.</msg>
<arg>${script}</arg>
<doc>Executes the given JavaScript code with possible arguments.</doc>
<status status="PASS" start="2025-03-28T17:06:04.142210" elapsed="0.015699"/>
</kw>
<arg>${name_last}</arg>
<status status="PASS" start="2025-03-28T17:06:04.142210" elapsed="0.015699"/>
</kw>
<kw name="Click Element" owner="SeleniumLibrary">
<msg time="2025-03-28T17:06:04.157909" level="INFO">Clicking element '//input[@name="lastName"]'.</msg>
<arg>${name_last}</arg>
<doc>Click the element identified by ``locator``.</doc>
<status status="PASS" start="2025-03-28T17:06:04.157909" elapsed="0.189139"/>
</kw>
<kw name="Generate Random String" owner="String">
<msg time="2025-03-28T17:06:04.347820" level="INFO">${lastname} = pwrnydjw</msg>
<var>${lastname}</var>
<arg>8</arg>
<arg>[LOWER]</arg>
<doc>Generates a string with a desired ``length`` from the given ``chars``.</doc>
<status status="PASS" start="2025-03-28T17:06:04.347048" elapsed="0.000772"/>
</kw>
<kw name="Input Text" owner="SeleniumLibrary">
<msg time="2025-03-28T17:06:04.347820" level="INFO">Typing text 'pwrnydjw' into text field '//input[@name="lastName"]'.</msg>
<arg>${name_last}</arg>
<arg>${lastname}</arg>
<doc>Types the given ``text`` into the text field identified by ``locator``.</doc>
<status status="PASS" start="2025-03-28T17:06:04.347820" elapsed="0.233421"/>
</kw>
<kw name="Wait Until Element Is Visible" owner="SeleniumLibrary">
<arg>${contact_phone}</arg>
<arg>180</arg>
<doc>Waits until the element ``locator`` is visible.</doc>
<status status="PASS" start="2025-03-28T17:06:04.581241" elapsed="0.040917"/>
</kw>
<kw name="Highlight_Border" owner="GlobalResources">
<kw name="Catenate" owner="BuiltIn">
<msg time="2025-03-28T17:06:04.622158" level="INFO">${script} = document.evaluate("//input[@name=\"contactPhone\"]", document, null, XPathResult.FIRST_ORDERED_NODE_TYPE, null).singleNodeValue.style.border = "2px solid green";</msg>
<var>${script}</var>
<arg>SEPARATOR=</arg>
<arg>document.evaluate("${xpath.replace('"', '\\"')}", document, null, XPathResult.FIRST_ORDERED_NODE_TYPE, null).singleNodeValue.style.border = "${border_style}";</arg>
<doc>Catenates the given items together and returns the resulted string.</doc>
<status status="PASS" start="2025-03-28T17:06:04.622158" elapsed="0.000000"/>
</kw>
<kw name="Execute Javascript" owner="SeleniumLibrary">
<msg time="2025-03-28T17:06:04.622158" level="INFO">Executing JavaScript:
document.evaluate("//input[@name=\"contactPhone\"]", document, null, XPathResult.FIRST_ORDERED_NODE_TYPE, null).singleNodeValue.style.border = "2px solid green";
Without any arguments.</msg>
<arg>${script}</arg>
<doc>Executes the given JavaScript code with possible arguments.</doc>
<status status="PASS" start="2025-03-28T17:06:04.622158" elapsed="0.018374"/>
</kw>
<arg>${contact_phone}</arg>
<status status="PASS" start="2025-03-28T17:06:04.622158" elapsed="0.018374"/>
</kw>
<kw name="Click Element" owner="SeleniumLibrary">
<msg time="2025-03-28T17:06:04.640532" level="INFO">Clicking element '//input[@name="contactPhone"]'.</msg>
<arg>${contact_phone}</arg>
<doc>Click the element identified by ``locator``.</doc>
<status status="PASS" start="2025-03-28T17:06:04.640532" elapsed="0.163176"/>
</kw>
<kw name="10_digit_random_string" owner="GlobalResources">
<kw name="Generate Random String" owner="String">
<msg time="2025-03-28T17:06:04.804817" level="INFO">${contact_num} = 8080574883</msg>
<var>${contact_num}</var>
<arg>10</arg>
<arg>0123456789</arg>
<doc>Generates a string with a desired ``length`` from the given ``chars``.</doc>
<status status="PASS" start="2025-03-28T17:06:04.804817" elapsed="0.000000"/>
</kw>
<return>
<value>${contact_num}</value>
<status status="PASS" start="2025-03-28T17:06:04.804817" elapsed="0.000000"/>
</return>
<msg time="2025-03-28T17:06:04.804817" level="INFO">${phone} = 8080574883</msg>
<var>${phone}</var>
<status status="PASS" start="2025-03-28T17:06:04.804817" elapsed="0.000000"/>
</kw>
<kw name="Input Text" owner="SeleniumLibrary">
<msg time="2025-03-28T17:06:04.804817" level="INFO">Typing text '8080574883' into text field '//input[@name="contactPhone"]'.</msg>
<arg>${contact_phone}</arg>
<arg>${phone}</arg>
<doc>Types the given ``text`` into the text field identified by ``locator``.</doc>
<status status="PASS" start="2025-03-28T17:06:04.804817" elapsed="0.230687"/>
</kw>
<kw name="Wait Until Element Is Visible" owner="SeleniumLibrary">
<arg>${order_comments}</arg>
<arg>180</arg>
<doc>Waits until the element ``locator`` is visible.</doc>
<status status="PASS" start="2025-03-28T17:06:05.035504" elapsed="0.040965"/>
</kw>
<kw name="Highlight_Border" owner="GlobalResources">
<kw name="Catenate" owner="BuiltIn">
<msg time="2025-03-28T17:06:05.085759" level="INFO">${script} = document.evaluate("//textarea[@name=\"orderComments\"]", document, null, XPathResult.FIRST_ORDERED_NODE_TYPE, null).singleNodeValue.style.border = "2px solid green";</msg>
<var>${script}</var>
<arg>SEPARATOR=</arg>
<arg>document.evaluate("${xpath.replace('"', '\\"')}", document, null, XPathResult.FIRST_ORDERED_NODE_TYPE, null).singleNodeValue.style.border = "${border_style}";</arg>
<doc>Catenates the given items together and returns the resulted string.</doc>
<status status="PASS" start="2025-03-28T17:06:05.076469" elapsed="0.009290"/>
</kw>
<kw name="Execute Javascript" owner="SeleniumLibrary">
<msg time="2025-03-28T17:06:05.085759" level="INFO">Executing JavaScript:
document.evaluate("//textarea[@name=\"orderComments\"]", document, null, XPathResult.FIRST_ORDERED_NODE_TYPE, null).singleNodeValue.style.border = "2px solid green";
Without any arguments.</msg>
<arg>${script}</arg>
<doc>Executes the given JavaScript code with possible arguments.</doc>
<status status="PASS" start="2025-03-28T17:06:05.085759" elapsed="0.015208"/>
</kw>
<arg>${order_comments}</arg>
<status status="PASS" start="2025-03-28T17:06:05.076469" elapsed="0.025149"/>
</kw>
<kw name="Click Element" owner="SeleniumLibrary">
<msg time="2025-03-28T17:06:05.102304" level="INFO">Clicking element '//textarea[@name="orderComments"]'.</msg>
<arg>${order_comments}</arg>
<doc>Click the element identified by ``locator``.</doc>
<status status="PASS" start="2025-03-28T17:06:05.102304" elapsed="0.146985"/>
</kw>
<kw name="Input Text" owner="SeleniumLibrary">
<msg time="2025-03-28T17:06:05.249289" level="INFO">Typing text 'Test Comment' into text field '//textarea[@name="orderComments"]'.</msg>
<arg>${order_comments}</arg>
<arg>${Comments_txt}</arg>
<doc>Types the given ``text`` into the text field identified by ``locator``.</doc>
<status status="PASS" start="2025-03-28T17:06:05.249289" elapsed="0.218959"/>
</kw>
<kw name="Wait Until Element Is Visible" owner="SeleniumLibrary">
<arg>${Proceed_btn}</arg>
<arg>180</arg>
<doc>Waits until the element ``locator`` is visible.</doc>
<status status="PASS" start="2025-03-28T17:06:05.468248" elapsed="0.031456"/>
</kw>
<kw name="Highlight_Border" owner="GlobalResources">
<kw name="Catenate" owner="BuiltIn">
<msg time="2025-03-28T17:06:05.502413" level="INFO">${script} = document.evaluate("//button[normalize-space()='Proceed']", document, null, XPathResult.FIRST_ORDERED_NODE_TYPE, null).singleNodeValue.style.border = "2px solid green";</msg>
<var>${script}</var>
<arg>SEPARATOR=</arg>
<arg>document.evaluate("${xpath.replace('"', '\\"')}", document, null, XPathResult.FIRST_ORDERED_NODE_TYPE, null).singleNodeValue.style.border = "${border_style}";</arg>
<doc>Catenates the given items together and returns the resulted string.</doc>
<status status="PASS" start="2025-03-28T17:06:05.502026" elapsed="0.000387"/>
</kw>
<kw name="Execute Javascript" owner="SeleniumLibrary">
<msg time="2025-03-28T17:06:05.502413" level="INFO">Executing JavaScript:
document.evaluate("//button[normalize-space()='Proceed']", document, null, XPathResult.FIRST_ORDERED_NODE_TYPE, null).singleNodeValue.style.border = "2px solid green";
Without any arguments.</msg>
<arg>${script}</arg>
<doc>Executes the given JavaScript code with possible arguments.</doc>
<status status="PASS" start="2025-03-28T17:06:05.502413" elapsed="0.013788"/>
</kw>
<arg>${Proceed_btn}</arg>
<status status="PASS" start="2025-03-28T17:06:05.499704" elapsed="0.016497"/>
</kw>
<kw name="Click Element" owner="SeleniumLibrary">
<msg time="2025-03-28T17:06:05.518686" level="INFO">Clicking element '//button[normalize-space()='Proceed']'.</msg>
<arg>${Proceed_btn}</arg>
<doc>Click the element identified by ``locator``.</doc>
<status status="PASS" start="2025-03-28T17:06:05.518686" elapsed="0.169163"/>
</kw>
<status status="PASS" start="2025-03-28T17:06:00.621739" elapsed="5.066110"/>
</kw>
<status status="PASS" start="2025-03-28T17:06:00.619599" elapsed="5.068250"/>
</test>
<test id="s1-s6-t4" name="Verify if the user is able to Select the delivery Option" line="12">
<kw name="Select the Delivery Option" owner="Checkout">
<kw name="Wait Until Element Is Visible" owner="SeleniumLibrary">
<errors>
<msg time="2025-03-28T17:07:07.046678" level="ERROR">Execution stopped by user.</msg>
</errors>
</robot>
